ARM GAS  C:\Users\seppi\AppData\Local\Temp\ccFrz4j9.s 			page 1


   1              		.syntax unified
   2              		.cpu cortex-m3
   3              		.fpu softvfp
   4              		.eabi_attribute 20, 1
   5              		.eabi_attribute 21, 1
   6              		.eabi_attribute 23, 3
   7              		.eabi_attribute 24, 1
   8              		.eabi_attribute 25, 1
   9              		.eabi_attribute 26, 1
  10              		.eabi_attribute 30, 4
  11              		.eabi_attribute 34, 1
  12              		.eabi_attribute 18, 4
  13              		.thumb
  14              		.syntax unified
  15              		.file	"cymetadata.c"
  16              		.text
  17              	.Ltext0:
  18              		.cfi_sections	.debug_frame
  19              		.global	cy_metadata
  20              		.global	cy_meta_flashprotect
  21              		.global	cy_meta_wonvl
  22              		.global	cy_meta_custnvl
  23              		.global	cy_meta_configecc
  24              		.section	.cyconfigecc,"a",%progbits
  25              		.type	cy_meta_configecc, %object
  26              		.size	cy_meta_configecc, 780
  27              	cy_meta_configecc:
  28 0000 01       		.byte	1
  29 0001 45       		.byte	69
  30 0002 00       		.byte	0
  31 0003 40       		.byte	64
  32 0004 01       		.byte	1
  33 0005 52       		.byte	82
  34 0006 00       		.byte	0
  35 0007 40       		.byte	64
  36 0008 03       		.byte	3
  37 0009 64       		.byte	100
  38 000a 00       		.byte	0
  39 000b 40       		.byte	64
  40 000c 01       		.byte	1
  41 000d 03       		.byte	3
  42 000e 01       		.byte	1
  43 000f 40       		.byte	64
  44 0010 04       		.byte	4
  45 0011 0B       		.byte	11
  46 0012 01       		.byte	1
  47 0013 40       		.byte	64
  48 0014 56       		.byte	86
  49 0015 0C       		.byte	12
  50 0016 01       		.byte	1
  51 0017 40       		.byte	64
  52 0018 48       		.byte	72
  53 0019 0D       		.byte	13
  54 001a 01       		.byte	1
  55 001b 40       		.byte	64
  56 001c 67       		.byte	103
  57 001d 0E       		.byte	14
ARM GAS  C:\Users\seppi\AppData\Local\Temp\ccFrz4j9.s 			page 2


  58 001e 01       		.byte	1
  59 001f 40       		.byte	64
  60 0020 33       		.byte	51
  61 0021 0F       		.byte	15
  62 0022 01       		.byte	1
  63 0023 40       		.byte	64
  64 0024 02       		.byte	2
  65 0025 40       		.byte	64
  66 0026 01       		.byte	1
  67 0027 40       		.byte	64
  68 0028 03       		.byte	3
  69 0029 41       		.byte	65
  70 002a 01       		.byte	1
  71 002b 40       		.byte	64
  72 002c 05       		.byte	5
  73 002d 45       		.byte	69
  74 002e 01       		.byte	1
  75 002f 40       		.byte	64
  76 0030 04       		.byte	4
  77 0031 46       		.byte	70
  78 0032 01       		.byte	1
  79 0033 40       		.byte	64
  80 0034 02       		.byte	2
  81 0035 50       		.byte	80
  82 0036 01       		.byte	1
  83 0037 40       		.byte	64
  84 0038 01       		.byte	1
  85 0039 51       		.byte	81
  86 003a 01       		.byte	1
  87 003b 40       		.byte	64
  88 003c 35       		.byte	53
  89 003d 02       		.byte	2
  90 003e 14       		.byte	20
  91 003f 01       		.byte	1
  92 0040 8C       		.byte	-116
  93 0041 38       		.byte	56
  94 0042 8D       		.byte	-115
  95 0043 72       		.byte	114
  96 0044 8F       		.byte	-113
  97 0045 0F       		.byte	15
  98 0046 E6       		.byte	-26
  99 0047 02       		.byte	2
 100 0048 AF       		.byte	-81
 101 0049 10       		.byte	16
 102 004a B0       		.byte	-80
 103 004b 02       		.byte	2
 104 004c B5       		.byte	-75
 105 004d 02       		.byte	2
 106 004e EC       		.byte	-20
 107 004f 02       		.byte	2
 108 0050 02       		.byte	2
 109 0051 4C       		.byte	76
 110 0052 07       		.byte	7
 111 0053 01       		.byte	1
 112 0054 08       		.byte	8
 113 0055 31       		.byte	49
 114 0056 0A       		.byte	10
ARM GAS  C:\Users\seppi\AppData\Local\Temp\ccFrz4j9.s 			page 3


 115 0057 0E       		.byte	14
 116 0058 10       		.byte	16
 117 0059 6C       		.byte	108
 118 005a 12       		.byte	18
 119 005b 03       		.byte	3
 120 005c 1E       		.byte	30
 121 005d 13       		.byte	19
 122 005e 22       		.byte	34
 123 005f 08       		.byte	8
 124 0060 27       		.byte	39
 125 0061 01       		.byte	1
 126 0062 28       		.byte	40
 127 0063 31       		.byte	49
 128 0064 2A       		.byte	42
 129 0065 46       		.byte	70
 130 0066 30       		.byte	48
 131 0067 0F       		.byte	15
 132 0068 32       		.byte	50
 133 0069 30       		.byte	48
 134 006a 34       		.byte	52
 135 006b 4A       		.byte	74
 136 006c 37       		.byte	55
 137 006d 01       		.byte	1
 138 006e 38       		.byte	56
 139 006f 08       		.byte	8
 140 0070 3A       		.byte	58
 141 0071 22       		.byte	34
 142 0072 3E       		.byte	62
 143 0073 04       		.byte	4
 144 0074 3F       		.byte	63
 145 0075 40       		.byte	64
 146 0076 40       		.byte	64
 147 0077 03       		.byte	3
 148 0078 46       		.byte	70
 149 0079 04       		.byte	4
 150 007a 49       		.byte	73
 151 007b FF       		.byte	-1
 152 007c 4A       		.byte	74
 153 007d 07       		.byte	7
 154 007e 4B       		.byte	75
 155 007f FF       		.byte	-1
 156 0080 4C       		.byte	76
 157 0081 40       		.byte	64
 158 0082 4D       		.byte	77
 159 0083 20       		.byte	32
 160 0084 4E       		.byte	78
 161 0085 F0       		.byte	-16
 162 0086 4F       		.byte	79
 163 0087 05       		.byte	5
 164 0088 50       		.byte	80
 165 0089 08       		.byte	8
 166 008a 54       		.byte	84
 167 008b 18       		.byte	24
 168 008c 56       		.byte	86
 169 008d 04       		.byte	4
 170 008e 58       		.byte	88
 171 008f 04       		.byte	4
ARM GAS  C:\Users\seppi\AppData\Local\Temp\ccFrz4j9.s 			page 4


 172 0090 59       		.byte	89
 173 0091 04       		.byte	4
 174 0092 5A       		.byte	90
 175 0093 04       		.byte	4
 176 0094 5B       		.byte	91
 177 0095 04       		.byte	4
 178 0096 5F       		.byte	95
 179 0097 01       		.byte	1
 180 0098 60       		.byte	96
 181 0099 40       		.byte	64
 182 009a 61       		.byte	97
 183 009b A8       		.byte	-88
 184 009c 62       		.byte	98
 185 009d 40       		.byte	64
 186 009e 63       		.byte	99
 187 009f 20       		.byte	32
 188 00a0 80       		.byte	-128
 189 00a1 04       		.byte	4
 190 00a2 84       		.byte	-124
 191 00a3 1C       		.byte	28
 192 00a4 85       		.byte	-123
 193 00a5 0C       		.byte	12
 194 00a6 86       		.byte	-122
 195 00a7 E1       		.byte	-31
 196 00a8 89       		.byte	-119
 197 00a9 04       		.byte	4
 198 00aa 8A       		.byte	-118
 199 00ab 63       		.byte	99
 200 00ac 8D       		.byte	-115
 201 00ad 63       		.byte	99
 202 00ae 90       		.byte	-112
 203 00af 3C       		.byte	60
 204 00b0 91       		.byte	-111
 205 00b1 73       		.byte	115
 206 00b2 92       		.byte	-110
 207 00b3 C2       		.byte	-62
 208 00b4 93       		.byte	-109
 209 00b5 0C       		.byte	12
 210 00b6 94       		.byte	-108
 211 00b7 FF       		.byte	-1
 212 00b8 95       		.byte	-107
 213 00b9 7F       		.byte	127
 214 00ba 99       		.byte	-103
 215 00bb 42       		.byte	66
 216 00bc 9A       		.byte	-102
 217 00bd 04       		.byte	4
 218 00be 9C       		.byte	-100
 219 00bf E7       		.byte	-25
 220 00c0 9D       		.byte	-99
 221 00c1 08       		.byte	8
 222 00c2 9E       		.byte	-98
 223 00c3 18       		.byte	24
 224 00c4 A0       		.byte	-96
 225 00c5 10       		.byte	16
 226 00c6 A1       		.byte	-95
 227 00c7 1C       		.byte	28
 228 00c8 A3       		.byte	-93
ARM GAS  C:\Users\seppi\AppData\Local\Temp\ccFrz4j9.s 			page 5


 229 00c9 63       		.byte	99
 230 00ca A4       		.byte	-92
 231 00cb 08       		.byte	8
 232 00cc A7       		.byte	-89
 233 00cd 63       		.byte	99
 234 00ce A8       		.byte	-88
 235 00cf 18       		.byte	24
 236 00d0 A9       		.byte	-87
 237 00d1 1F       		.byte	31
 238 00d2 AB       		.byte	-85
 239 00d3 60       		.byte	96
 240 00d4 AD       		.byte	-83
 241 00d5 21       		.byte	33
 242 00d6 AF       		.byte	-81
 243 00d7 80       		.byte	-128
 244 00d8 B0       		.byte	-80
 245 00d9 1F       		.byte	31
 246 00da B1       		.byte	-79
 247 00db 0F       		.byte	15
 248 00dc B2       		.byte	-78
 249 00dd 58       		.byte	88
 250 00de B3       		.byte	-77
 251 00df 10       		.byte	16
 252 00e0 B4       		.byte	-76
 253 00e1 38       		.byte	56
 254 00e2 B5       		.byte	-75
 255 00e3 80       		.byte	-128
 256 00e4 B6       		.byte	-74
 257 00e5 80       		.byte	-128
 258 00e6 B7       		.byte	-73
 259 00e7 60       		.byte	96
 260 00e8 B8       		.byte	-72
 261 00e9 80       		.byte	-128
 262 00ea BA       		.byte	-70
 263 00eb 0A       		.byte	10
 264 00ec BB       		.byte	-69
 265 00ed 02       		.byte	2
 266 00ee BF       		.byte	-65
 267 00ef 04       		.byte	4
 268 00f0 D6       		.byte	-42
 269 00f1 02       		.byte	2
 270 00f2 D7       		.byte	-41
 271 00f3 12       		.byte	18
 272 00f4 D8       		.byte	-40
 273 00f5 04       		.byte	4
 274 00f6 D9       		.byte	-39
 275 00f7 04       		.byte	4
 276 00f8 DB       		.byte	-37
 277 00f9 04       		.byte	4
 278 00fa DF       		.byte	-33
 279 00fb 01       		.byte	1
 280 00fc 01       		.byte	1
 281 00fd 02       		.byte	2
 282 00fe 02       		.byte	2
 283 00ff 14       		.byte	20
 284 0100 05       		.byte	5
 285 0101 10       		.byte	16
ARM GAS  C:\Users\seppi\AppData\Local\Temp\ccFrz4j9.s 			page 6


 286 0102 07       		.byte	7
 287 0103 44       		.byte	68
 288 0104 08       		.byte	8
 289 0105 04       		.byte	4
 290 0106 09       		.byte	9
 291 0107 20       		.byte	32
 292 0108 0A       		.byte	10
 293 0109 42       		.byte	66
 294 010a 0E       		.byte	14
 295 010b 80       		.byte	-128
 296 010c 0F       		.byte	15
 297 010d 01       		.byte	1
 298 010e 10       		.byte	16
 299 010f 80       		.byte	-128
 300 0110 13       		.byte	19
 301 0111 18       		.byte	24
 302 0112 16       		.byte	22
 303 0113 40       		.byte	64
 304 0114 17       		.byte	23
 305 0115 20       		.byte	32
 306 0116 19       		.byte	25
 307 0117 01       		.byte	1
 308 0118 1A       		.byte	26
 309 0119 41       		.byte	65
 310 011a 1B       		.byte	27
 311 011b 28       		.byte	40
 312 011c 1D       		.byte	29
 313 011d 18       		.byte	24
 314 011e 1E       		.byte	30
 315 011f 80       		.byte	-128
 316 0120 1F       		.byte	31
 317 0121 01       		.byte	1
 318 0122 21       		.byte	33
 319 0123 23       		.byte	35
 320 0124 22       		.byte	34
 321 0125 05       		.byte	5
 322 0126 23       		.byte	35
 323 0127 02       		.byte	2
 324 0128 27       		.byte	39
 325 0129 01       		.byte	1
 326 012a 28       		.byte	40
 327 012b 02       		.byte	2
 328 012c 29       		.byte	41
 329 012d 05       		.byte	5
 330 012e 2A       		.byte	42
 331 012f 14       		.byte	20
 332 0130 2B       		.byte	43
 333 0131 08       		.byte	8
 334 0132 2F       		.byte	47
 335 0133 20       		.byte	32
 336 0134 30       		.byte	48
 337 0135 84       		.byte	-124
 338 0136 31       		.byte	49
 339 0137 02       		.byte	2
 340 0138 32       		.byte	50
 341 0139 18       		.byte	24
 342 013a 38       		.byte	56
ARM GAS  C:\Users\seppi\AppData\Local\Temp\ccFrz4j9.s 			page 7


 343 013b 68       		.byte	104
 344 013c 3F       		.byte	63
 345 013d 04       		.byte	4
 346 013e 45       		.byte	69
 347 013f 08       		.byte	8
 348 0140 46       		.byte	70
 349 0141 80       		.byte	-128
 350 0142 47       		.byte	71
 351 0143 01       		.byte	1
 352 0144 4F       		.byte	79
 353 0145 03       		.byte	3
 354 0146 56       		.byte	86
 355 0147 40       		.byte	64
 356 0148 5A       		.byte	90
 357 0149 08       		.byte	8
 358 014a 5F       		.byte	95
 359 014b 02       		.byte	2
 360 014c 65       		.byte	101
 361 014d 20       		.byte	32
 362 014e 66       		.byte	102
 363 014f 80       		.byte	-128
 364 0150 67       		.byte	103
 365 0151 40       		.byte	64
 366 0152 69       		.byte	105
 367 0153 50       		.byte	80
 368 0154 6B       		.byte	107
 369 0155 10       		.byte	16
 370 0156 70       		.byte	112
 371 0157 94       		.byte	-108
 372 0158 73       		.byte	115
 373 0159 18       		.byte	24
 374 015a 87       		.byte	-121
 375 015b 40       		.byte	64
 376 015c 90       		.byte	-112
 377 015d 40       		.byte	64
 378 015e 92       		.byte	-110
 379 015f 20       		.byte	32
 380 0160 93       		.byte	-109
 381 0161 24       		.byte	36
 382 0162 95       		.byte	-107
 383 0163 52       		.byte	82
 384 0164 96       		.byte	-106
 385 0165 01       		.byte	1
 386 0166 97       		.byte	-105
 387 0167 02       		.byte	2
 388 0168 99       		.byte	-103
 389 0169 24       		.byte	36
 390 016a 9B       		.byte	-101
 391 016b 60       		.byte	96
 392 016c 9C       		.byte	-100
 393 016d 02       		.byte	2
 394 016e 9E       		.byte	-98
 395 016f 40       		.byte	64
 396 0170 9F       		.byte	-97
 397 0171 14       		.byte	20
 398 0172 A2       		.byte	-94
 399 0173 08       		.byte	8
ARM GAS  C:\Users\seppi\AppData\Local\Temp\ccFrz4j9.s 			page 8


 400 0174 A7       		.byte	-89
 401 0175 21       		.byte	33
 402 0176 AA       		.byte	-86
 403 0177 01       		.byte	1
 404 0178 AB       		.byte	-85
 405 0179 08       		.byte	8
 406 017a C0       		.byte	-64
 407 017b 5E       		.byte	94
 408 017c C2       		.byte	-62
 409 017d 9F       		.byte	-97
 410 017e C4       		.byte	-60
 411 017f 5E       		.byte	94
 412 0180 CA       		.byte	-54
 413 0181 4F       		.byte	79
 414 0182 CC       		.byte	-52
 415 0183 0F       		.byte	15
 416 0184 CE       		.byte	-50
 417 0185 4E       		.byte	78
 418 0186 D0       		.byte	-48
 419 0187 40       		.byte	64
 420 0188 D6       		.byte	-42
 421 0189 82       		.byte	-126
 422 018a D8       		.byte	-40
 423 018b B0       		.byte	-80
 424 018c 05       		.byte	5
 425 018d 50       		.byte	80
 426 018e 07       		.byte	7
 427 018f 26       		.byte	38
 428 0190 09       		.byte	9
 429 0191 7C       		.byte	124
 430 0192 0C       		.byte	12
 431 0193 01       		.byte	1
 432 0194 0D       		.byte	13
 433 0195 04       		.byte	4
 434 0196 0F       		.byte	15
 435 0197 19       		.byte	25
 436 0198 19       		.byte	25
 437 0199 7C       		.byte	124
 438 019a 1E       		.byte	30
 439 019b 02       		.byte	2
 440 019c 24       		.byte	36
 441 019d 01       		.byte	1
 442 019e 28       		.byte	40
 443 019f 01       		.byte	1
 444 01a0 2D       		.byte	45
 445 01a1 28       		.byte	40
 446 01a2 2E       		.byte	46
 447 01a3 02       		.byte	2
 448 01a4 2F       		.byte	47
 449 01a5 46       		.byte	70
 450 01a6 31       		.byte	49
 451 01a7 1C       		.byte	28
 452 01a8 32       		.byte	50
 453 01a9 01       		.byte	1
 454 01aa 34       		.byte	52
 455 01ab 02       		.byte	2
 456 01ac 35       		.byte	53
ARM GAS  C:\Users\seppi\AppData\Local\Temp\ccFrz4j9.s 			page 9


 457 01ad 60       		.byte	96
 458 01ae 37       		.byte	55
 459 01af 03       		.byte	3
 460 01b0 3B       		.byte	59
 461 01b1 08       		.byte	8
 462 01b2 3E       		.byte	62
 463 01b3 10       		.byte	16
 464 01b4 3F       		.byte	63
 465 01b5 40       		.byte	64
 466 01b6 40       		.byte	64
 467 01b7 43       		.byte	67
 468 01b8 41       		.byte	65
 469 01b9 06       		.byte	6
 470 01ba 42       		.byte	66
 471 01bb 02       		.byte	2
 472 01bc 44       		.byte	68
 473 01bd 01       		.byte	1
 474 01be 45       		.byte	69
 475 01bf 0C       		.byte	12
 476 01c0 47       		.byte	71
 477 01c1 E0       		.byte	-32
 478 01c2 48       		.byte	72
 479 01c3 21       		.byte	33
 480 01c4 49       		.byte	73
 481 01c5 FF       		.byte	-1
 482 01c6 4A       		.byte	74
 483 01c7 FF       		.byte	-1
 484 01c8 4B       		.byte	75
 485 01c9 FF       		.byte	-1
 486 01ca 4C       		.byte	76
 487 01cb 62       		.byte	98
 488 01cc 4D       		.byte	77
 489 01cd A0       		.byte	-96
 490 01ce 4E       		.byte	78
 491 01cf F0       		.byte	-16
 492 01d0 4F       		.byte	79
 493 01d1 41       		.byte	65
 494 01d2 50       		.byte	80
 495 01d3 0C       		.byte	12
 496 01d4 58       		.byte	88
 497 01d5 04       		.byte	4
 498 01d6 59       		.byte	89
 499 01d7 04       		.byte	4
 500 01d8 5A       		.byte	90
 501 01d9 04       		.byte	4
 502 01da 5F       		.byte	95
 503 01db 01       		.byte	1
 504 01dc 66       		.byte	102
 505 01dd 40       		.byte	64
 506 01de 67       		.byte	103
 507 01df 02       		.byte	2
 508 01e0 69       		.byte	105
 509 01e1 10       		.byte	16
 510 01e2 6A       		.byte	106
 511 01e3 30       		.byte	48
 512 01e4 6B       		.byte	107
 513 01e5 10       		.byte	16
ARM GAS  C:\Users\seppi\AppData\Local\Temp\ccFrz4j9.s 			page 10


 514 01e6 6D       		.byte	109
 515 01e7 10       		.byte	16
 516 01e8 6E       		.byte	110
 517 01e9 10       		.byte	16
 518 01ea 6F       		.byte	111
 519 01eb 12       		.byte	18
 520 01ec 80       		.byte	-128
 521 01ed 1C       		.byte	28
 522 01ee 81       		.byte	-127
 523 01ef 20       		.byte	32
 524 01f0 82       		.byte	-126
 525 01f1 02       		.byte	2
 526 01f2 83       		.byte	-125
 527 01f3 45       		.byte	69
 528 01f4 84       		.byte	-124
 529 01f5 10       		.byte	16
 530 01f6 86       		.byte	-122
 531 01f7 0C       		.byte	12
 532 01f8 89       		.byte	-119
 533 01f9 03       		.byte	3
 534 01fa 8B       		.byte	-117
 535 01fb 44       		.byte	68
 536 01fc 90       		.byte	-112
 537 01fd 20       		.byte	32
 538 01fe 92       		.byte	-110
 539 01ff 03       		.byte	3
 540 0200 95       		.byte	-107
 541 0201 53       		.byte	83
 542 0202 97       		.byte	-105
 543 0203 04       		.byte	4
 544 0204 98       		.byte	-104
 545 0205 14       		.byte	20
 546 0206 99       		.byte	-103
 547 0207 53       		.byte	83
 548 0208 9B       		.byte	-101
 549 0209 0C       		.byte	12
 550 020a 9F       		.byte	-97
 551 020b 08       		.byte	8
 552 020c A0       		.byte	-96
 553 020d 10       		.byte	16
 554 020e A4       		.byte	-92
 555 020f 0C       		.byte	12
 556 0210 A6       		.byte	-90
 557 0211 11       		.byte	17
 558 0212 A9       		.byte	-87
 559 0213 80       		.byte	-128
 560 0214 AC       		.byte	-84
 561 0215 09       		.byte	9
 562 0216 AD       		.byte	-83
 563 0217 0A       		.byte	10
 564 0218 AE       		.byte	-82
 565 0219 10       		.byte	16
 566 021a AF       		.byte	-81
 567 021b 54       		.byte	84
 568 021c B0       		.byte	-80
 569 021d 1F       		.byte	31
 570 021e B1       		.byte	-79
ARM GAS  C:\Users\seppi\AppData\Local\Temp\ccFrz4j9.s 			page 11


 571 021f 30       		.byte	48
 572 0220 B3       		.byte	-77
 573 0221 0F       		.byte	15
 574 0222 B4       		.byte	-76
 575 0223 20       		.byte	32
 576 0224 B5       		.byte	-75
 577 0225 80       		.byte	-128
 578 0226 B7       		.byte	-73
 579 0227 40       		.byte	64
 580 0228 B9       		.byte	-71
 581 0229 02       		.byte	2
 582 022a BB       		.byte	-69
 583 022b 08       		.byte	8
 584 022c BE       		.byte	-66
 585 022d 10       		.byte	16
 586 022e BF       		.byte	-65
 587 022f 50       		.byte	80
 588 0230 C0       		.byte	-64
 589 0231 24       		.byte	36
 590 0232 C1       		.byte	-63
 591 0233 03       		.byte	3
 592 0234 C5       		.byte	-59
 593 0235 0B       		.byte	11
 594 0236 C6       		.byte	-58
 595 0237 C0       		.byte	-64
 596 0238 C7       		.byte	-57
 597 0239 0E       		.byte	14
 598 023a C8       		.byte	-56
 599 023b 19       		.byte	25
 600 023c C9       		.byte	-55
 601 023d FF       		.byte	-1
 602 023e CA       		.byte	-54
 603 023f FF       		.byte	-1
 604 0240 CB       		.byte	-53
 605 0241 FF       		.byte	-1
 606 0242 CE       		.byte	-50
 607 0243 F0       		.byte	-16
 608 0244 CF       		.byte	-49
 609 0245 44       		.byte	68
 610 0246 D0       		.byte	-48
 611 0247 0C       		.byte	12
 612 0248 D4       		.byte	-44
 613 0249 01       		.byte	1
 614 024a D8       		.byte	-40
 615 024b 04       		.byte	4
 616 024c D9       		.byte	-39
 617 024d 04       		.byte	4
 618 024e DA       		.byte	-38
 619 024f 04       		.byte	4
 620 0250 DB       		.byte	-37
 621 0251 04       		.byte	4
 622 0252 DF       		.byte	-33
 623 0253 01       		.byte	1
 624 0254 E6       		.byte	-26
 625 0255 C0       		.byte	-64
 626 0256 EA       		.byte	-22
 627 0257 40       		.byte	64
ARM GAS  C:\Users\seppi\AppData\Local\Temp\ccFrz4j9.s 			page 12


 628 0258 EB       		.byte	-21
 629 0259 02       		.byte	2
 630 025a 01       		.byte	1
 631 025b 40       		.byte	64
 632 025c 06       		.byte	6
 633 025d 80       		.byte	-128
 634 025e 07       		.byte	7
 635 025f 20       		.byte	32
 636 0260 0A       		.byte	10
 637 0261 01       		.byte	1
 638 0262 0E       		.byte	14
 639 0263 40       		.byte	64
 640 0264 0F       		.byte	15
 641 0265 08       		.byte	8
 642 0266 10       		.byte	16
 643 0267 12       		.byte	18
 644 0268 11       		.byte	17
 645 0269 10       		.byte	16
 646 026a 16       		.byte	22
 647 026b 40       		.byte	64
 648 026c 17       		.byte	23
 649 026d 44       		.byte	68
 650 026e 18       		.byte	24
 651 026f 10       		.byte	16
 652 0270 19       		.byte	25
 653 0271 24       		.byte	36
 654 0272 1E       		.byte	30
 655 0273 40       		.byte	64
 656 0274 1F       		.byte	31
 657 0275 10       		.byte	16
 658 0276 20       		.byte	32
 659 0277 45       		.byte	69
 660 0278 22       		.byte	34
 661 0279 18       		.byte	24
 662 027a 26       		.byte	38
 663 027b 40       		.byte	64
 664 027c 27       		.byte	39
 665 027d 68       		.byte	104
 666 027e 28       		.byte	40
 667 027f 02       		.byte	2
 668 0280 2E       		.byte	46
 669 0281 80       		.byte	-128
 670 0282 2F       		.byte	47
 671 0283 09       		.byte	9
 672 0284 30       		.byte	48
 673 0285 10       		.byte	16
 674 0286 33       		.byte	51
 675 0287 10       		.byte	16
 676 0288 37       		.byte	55
 677 0289 64       		.byte	100
 678 028a 38       		.byte	56
 679 028b 44       		.byte	68
 680 028c 39       		.byte	57
 681 028d 10       		.byte	16
 682 028e 3D       		.byte	61
 683 028f 02       		.byte	2
 684 0290 3E       		.byte	62
ARM GAS  C:\Users\seppi\AppData\Local\Temp\ccFrz4j9.s 			page 13


 685 0291 30       		.byte	48
 686 0292 3F       		.byte	63
 687 0293 02       		.byte	2
 688 0294 40       		.byte	64
 689 0295 11       		.byte	17
 690 0296 41       		.byte	65
 691 0297 01       		.byte	1
 692 0298 43       		.byte	67
 693 0299 20       		.byte	32
 694 029a 45       		.byte	69
 695 029b 01       		.byte	1
 696 029c 47       		.byte	71
 697 029d 24       		.byte	36
 698 029e 4A       		.byte	74
 699 029f 08       		.byte	8
 700 02a0 4B       		.byte	75
 701 02a1 04       		.byte	4
 702 02a2 4F       		.byte	79
 703 02a3 08       		.byte	8
 704 02a4 50       		.byte	80
 705 02a5 02       		.byte	2
 706 02a6 56       		.byte	86
 707 02a7 20       		.byte	32
 708 02a8 57       		.byte	87
 709 02a9 08       		.byte	8
 710 02aa 5E       		.byte	94
 711 02ab 92       		.byte	-110
 712 02ac 5F       		.byte	95
 713 02ad 08       		.byte	8
 714 02ae C0       		.byte	-64
 715 02af 31       		.byte	49
 716 02b0 C2       		.byte	-62
 717 02b1 51       		.byte	81
 718 02b2 C4       		.byte	-60
 719 02b3 B7       		.byte	-73
 720 02b4 CA       		.byte	-54
 721 02b5 38       		.byte	56
 722 02b6 CC       		.byte	-52
 723 02b7 74       		.byte	116
 724 02b8 CE       		.byte	-50
 725 02b9 AE       		.byte	-82
 726 02ba D0       		.byte	-48
 727 02bb EF       		.byte	-17
 728 02bc D2       		.byte	-46
 729 02bd 04       		.byte	4
 730 02be D6       		.byte	-42
 731 02bf F0       		.byte	-16
 732 02c0 32       		.byte	50
 733 02c1 20       		.byte	32
 734 02c2 CC       		.byte	-52
 735 02c3 10       		.byte	16
 736 02c4 86       		.byte	-122
 737 02c5 20       		.byte	32
 738 02c6 A6       		.byte	-90
 739 02c7 20       		.byte	32
 740 02c8 E6       		.byte	-26
 741 02c9 40       		.byte	64
ARM GAS  C:\Users\seppi\AppData\Local\Temp\ccFrz4j9.s 			page 14


 742 02ca 00       		.byte	0
 743 02cb 08       		.byte	8
 744 02cc 01       		.byte	1
 745 02cd 08       		.byte	8
 746 02ce 52       		.byte	82
 747 02cf 20       		.byte	32
 748 02d0 C0       		.byte	-64
 749 02d1 08       		.byte	8
 750 02d2 D4       		.byte	-44
 751 02d3 04       		.byte	4
 752 02d4 AE       		.byte	-82
 753 02d5 20       		.byte	32
 754 02d6 B0       		.byte	-80
 755 02d7 04       		.byte	4
 756 02d8 B5       		.byte	-75
 757 02d9 08       		.byte	8
 758 02da EA       		.byte	-22
 759 02db 06       		.byte	6
 760 02dc 00       		.byte	0
 761 02dd 01       		.byte	1
 762 02de 0E       		.byte	14
 763 02df 01       		.byte	1
 764 02e0 00       		.byte	0
 765 02e1 03       		.byte	3
 766 02e2 00       		.byte	0
 767 02e3 00       		.byte	0
 768 02e4 00       		.byte	0
 769 02e5 20       		.byte	32
 770 02e6 20       		.byte	32
 771 02e7 00       		.byte	0
 772 02e8 00       		.byte	0
 773 02e9 00       		.byte	0
 774 02ea 00       		.byte	0
 775 02eb 00       		.byte	0
 776 02ec 00       		.byte	0
 777 02ed 0B       		.byte	11
 778 02ee 0B       		.byte	11
 779 02ef 00       		.byte	0
 780 02f0 00       		.byte	0
 781 02f1 00       		.byte	0
 782 02f2 00       		.byte	0
 783 02f3 00       		.byte	0
 784 02f4 82       		.byte	-126
 785 02f5 00       		.byte	0
 786 02f6 01       		.byte	1
 787 02f7 82       		.byte	-126
 788 02f8 82       		.byte	-126
 789 02f9 00       		.byte	0
 790 02fa 02       		.byte	2
 791 02fb 00       		.byte	0
 792 02fc 00       		.byte	0
 793 02fd 00       		.byte	0
 794 02fe 00       		.byte	0
 795 02ff 00       		.byte	0
 796 0300 2C       		.byte	44
 797 0301 00       		.byte	0
 798 0302 00       		.byte	0
ARM GAS  C:\Users\seppi\AppData\Local\Temp\ccFrz4j9.s 			page 15


 799 0303 2C       		.byte	44
 800 0304 0C       		.byte	12
 801 0305 00       		.byte	0
 802 0306 00       		.byte	0
 803 0307 00       		.byte	0
 804 0308 00       		.byte	0
 805 0309 00       		.byte	0
 806 030a 00       		.byte	0
 807 030b 00       		.byte	0
 808              		.section	.cywolatch,"a",%progbits
 809              		.type	cy_meta_wonvl, %object
 810              		.size	cy_meta_wonvl, 4
 811              	cy_meta_wonvl:
 812 0000 BC       		.byte	-68
 813 0001 90       		.byte	-112
 814 0002 AC       		.byte	-84
 815 0003 AF       		.byte	-81
 816              		.section	.cycustnvl,"a",%progbits
 817              		.type	cy_meta_custnvl, %object
 818              		.size	cy_meta_custnvl, 4
 819              	cy_meta_custnvl:
 820 0000 00       		.byte	0
 821 0001 00       		.byte	0
 822 0002 40       		.byte	64
 823 0003 05       		.byte	5
 824              		.section	.cymeta,"a",%progbits
 825              		.type	cy_metadata, %object
 826              		.size	cy_metadata, 12
 827              	cy_metadata:
 828 0000 00       		.byte	0
 829 0001 01       		.byte	1
 830 0002 2E       		.byte	46
 831 0003 16       		.byte	22
 832 0004 00       		.byte	0
 833 0005 69       		.byte	105
 834 0006 00       		.byte	0
 835 0007 01       		.byte	1
 836 0008 00       		.byte	0
 837 0009 00       		.byte	0
 838 000a 00       		.byte	0
 839 000b 00       		.byte	0
 840              		.section	.cyflashprotect,"a",%progbits
 841              		.type	cy_meta_flashprotect, %object
 842              		.size	cy_meta_flashprotect, 256
 843              	cy_meta_flashprotect:
 844 0000 00000000 		.space	256
 844      00000000 
 844      00000000 
 844      00000000 
 844      00000000 
 845              		.text
 846              	.Letext0:
 847              		.file 1 "c:\\program files (x86)\\cypress\\psoc creator\\4.4\\psoc creator\\import\\gnu\\arm\\5.4.
 848              		.file 2 "c:\\program files (x86)\\cypress\\psoc creator\\4.4\\psoc creator\\import\\gnu\\arm\\5.4.
 849              		.file 3 "Generated_Source\\PSoC5\\cymetadata.c"
 850              		.section	.debug_info,"",%progbits
 851              	.Ldebug_info0:
ARM GAS  C:\Users\seppi\AppData\Local\Temp\ccFrz4j9.s 			page 16


 852 0000 31010000 		.4byte	0x131
 853 0004 0400     		.2byte	0x4
 854 0006 00000000 		.4byte	.Ldebug_abbrev0
 855 000a 04       		.byte	0x4
 856 000b 01       		.uleb128 0x1
 857 000c 8F000000 		.4byte	.LASF17
 858 0010 0C       		.byte	0xc
 859 0011 FA010000 		.4byte	.LASF18
 860 0015 69010000 		.4byte	.LASF19
 861 0019 00000000 		.4byte	.Ldebug_line0
 862 001d 02       		.uleb128 0x2
 863 001e 01       		.byte	0x1
 864 001f 06       		.byte	0x6
 865 0020 EE010000 		.4byte	.LASF0
 866 0024 03       		.uleb128 0x3
 867 0025 00000000 		.4byte	.LASF9
 868 0029 01       		.byte	0x1
 869 002a 1D       		.byte	0x1d
 870 002b 2F000000 		.4byte	0x2f
 871 002f 02       		.uleb128 0x2
 872 0030 01       		.byte	0x1
 873 0031 08       		.byte	0x8
 874 0032 2D000000 		.4byte	.LASF1
 875 0036 02       		.uleb128 0x2
 876 0037 02       		.byte	0x2
 877 0038 05       		.byte	0x5
 878 0039 5F010000 		.4byte	.LASF2
 879 003d 02       		.uleb128 0x2
 880 003e 02       		.byte	0x2
 881 003f 07       		.byte	0x7
 882 0040 4D000000 		.4byte	.LASF3
 883 0044 02       		.uleb128 0x2
 884 0045 04       		.byte	0x4
 885 0046 05       		.byte	0x5
 886 0047 E5010000 		.4byte	.LASF4
 887 004b 02       		.uleb128 0x2
 888 004c 04       		.byte	0x4
 889 004d 07       		.byte	0x7
 890 004e 3B000000 		.4byte	.LASF5
 891 0052 02       		.uleb128 0x2
 892 0053 08       		.byte	0x8
 893 0054 05       		.byte	0x5
 894 0055 51010000 		.4byte	.LASF6
 895 0059 02       		.uleb128 0x2
 896 005a 08       		.byte	0x8
 897 005b 07       		.byte	0x7
 898 005c 16000000 		.4byte	.LASF7
 899 0060 04       		.uleb128 0x4
 900 0061 04       		.byte	0x4
 901 0062 05       		.byte	0x5
 902 0063 696E7400 		.ascii	"int\000"
 903 0067 02       		.uleb128 0x2
 904 0068 04       		.byte	0x4
 905 0069 07       		.byte	0x7
 906 006a 82000000 		.4byte	.LASF8
 907 006e 03       		.uleb128 0x3
 908 006f 1D010000 		.4byte	.LASF10
ARM GAS  C:\Users\seppi\AppData\Local\Temp\ccFrz4j9.s 			page 17


 909 0073 02       		.byte	0x2
 910 0074 18       		.byte	0x18
 911 0075 24000000 		.4byte	0x24
 912 0079 05       		.uleb128 0x5
 913 007a 91000000 		.4byte	0x91
 914 007e 8A000000 		.4byte	0x8a
 915 0082 06       		.uleb128 0x6
 916 0083 8A000000 		.4byte	0x8a
 917 0087 0B03     		.2byte	0x30b
 918 0089 00       		.byte	0
 919 008a 02       		.uleb128 0x2
 920 008b 04       		.byte	0x4
 921 008c 07       		.byte	0x7
 922 008d 48010000 		.4byte	.LASF11
 923 0091 07       		.uleb128 0x7
 924 0092 6E000000 		.4byte	0x6e
 925 0096 08       		.uleb128 0x8
 926 0097 70000000 		.4byte	.LASF12
 927 009b 03       		.byte	0x3
 928 009c 1F       		.byte	0x1f
 929 009d A7000000 		.4byte	0xa7
 930 00a1 05       		.uleb128 0x5
 931 00a2 03       		.byte	0x3
 932 00a3 00000000 		.4byte	cy_meta_configecc
 933 00a7 07       		.uleb128 0x7
 934 00a8 79000000 		.4byte	0x79
 935 00ac 05       		.uleb128 0x5
 936 00ad 91000000 		.4byte	0x91
 937 00b1 BC000000 		.4byte	0xbc
 938 00b5 09       		.uleb128 0x9
 939 00b6 8A000000 		.4byte	0x8a
 940 00ba 03       		.byte	0x3
 941 00bb 00       		.byte	0
 942 00bc 08       		.uleb128 0x8
 943 00bd 60000000 		.4byte	.LASF13
 944 00c1 03       		.byte	0x3
 945 00c2 8E       		.byte	0x8e
 946 00c3 CD000000 		.4byte	0xcd
 947 00c7 05       		.uleb128 0x5
 948 00c8 03       		.byte	0x3
 949 00c9 00000000 		.4byte	cy_meta_custnvl
 950 00cd 07       		.uleb128 0x7
 951 00ce AC000000 		.4byte	0xac
 952 00d2 08       		.uleb128 0x8
 953 00d3 3A010000 		.4byte	.LASF14
 954 00d7 03       		.byte	0x3
 955 00d8 9C       		.byte	0x9c
 956 00d9 E3000000 		.4byte	0xe3
 957 00dd 05       		.uleb128 0x5
 958 00de 03       		.byte	0x3
 959 00df 00000000 		.4byte	cy_meta_wonvl
 960 00e3 07       		.uleb128 0x7
 961 00e4 AC000000 		.4byte	0xac
 962 00e8 05       		.uleb128 0x5
 963 00e9 91000000 		.4byte	0x91
 964 00ed F8000000 		.4byte	0xf8
 965 00f1 09       		.uleb128 0x9
ARM GAS  C:\Users\seppi\AppData\Local\Temp\ccFrz4j9.s 			page 18


 966 00f2 8A000000 		.4byte	0x8a
 967 00f6 FF       		.byte	0xff
 968 00f7 00       		.byte	0
 969 00f8 08       		.uleb128 0x8
 970 00f9 25010000 		.4byte	.LASF15
 971 00fd 03       		.byte	0x3
 972 00fe AA       		.byte	0xaa
 973 00ff 09010000 		.4byte	0x109
 974 0103 05       		.uleb128 0x5
 975 0104 03       		.byte	0x3
 976 0105 00000000 		.4byte	cy_meta_flashprotect
 977 0109 07       		.uleb128 0x7
 978 010a E8000000 		.4byte	0xe8
 979 010e 05       		.uleb128 0x5
 980 010f 91000000 		.4byte	0x91
 981 0113 1E010000 		.4byte	0x11e
 982 0117 09       		.uleb128 0x9
 983 0118 8A000000 		.4byte	0x8a
 984 011c 0B       		.byte	0xb
 985 011d 00       		.byte	0
 986 011e 08       		.uleb128 0x8
 987 011f 0A000000 		.4byte	.LASF16
 988 0123 03       		.byte	0x3
 989 0124 D7       		.byte	0xd7
 990 0125 2F010000 		.4byte	0x12f
 991 0129 05       		.uleb128 0x5
 992 012a 03       		.byte	0x3
 993 012b 00000000 		.4byte	cy_metadata
 994 012f 07       		.uleb128 0x7
 995 0130 0E010000 		.4byte	0x10e
 996 0134 00       		.byte	0
 997              		.section	.debug_abbrev,"",%progbits
 998              	.Ldebug_abbrev0:
 999 0000 01       		.uleb128 0x1
 1000 0001 11       		.uleb128 0x11
 1001 0002 01       		.byte	0x1
 1002 0003 25       		.uleb128 0x25
 1003 0004 0E       		.uleb128 0xe
 1004 0005 13       		.uleb128 0x13
 1005 0006 0B       		.uleb128 0xb
 1006 0007 03       		.uleb128 0x3
 1007 0008 0E       		.uleb128 0xe
 1008 0009 1B       		.uleb128 0x1b
 1009 000a 0E       		.uleb128 0xe
 1010 000b 10       		.uleb128 0x10
 1011 000c 17       		.uleb128 0x17
 1012 000d 00       		.byte	0
 1013 000e 00       		.byte	0
 1014 000f 02       		.uleb128 0x2
 1015 0010 24       		.uleb128 0x24
 1016 0011 00       		.byte	0
 1017 0012 0B       		.uleb128 0xb
 1018 0013 0B       		.uleb128 0xb
 1019 0014 3E       		.uleb128 0x3e
 1020 0015 0B       		.uleb128 0xb
 1021 0016 03       		.uleb128 0x3
 1022 0017 0E       		.uleb128 0xe
ARM GAS  C:\Users\seppi\AppData\Local\Temp\ccFrz4j9.s 			page 19


 1023 0018 00       		.byte	0
 1024 0019 00       		.byte	0
 1025 001a 03       		.uleb128 0x3
 1026 001b 16       		.uleb128 0x16
 1027 001c 00       		.byte	0
 1028 001d 03       		.uleb128 0x3
 1029 001e 0E       		.uleb128 0xe
 1030 001f 3A       		.uleb128 0x3a
 1031 0020 0B       		.uleb128 0xb
 1032 0021 3B       		.uleb128 0x3b
 1033 0022 0B       		.uleb128 0xb
 1034 0023 49       		.uleb128 0x49
 1035 0024 13       		.uleb128 0x13
 1036 0025 00       		.byte	0
 1037 0026 00       		.byte	0
 1038 0027 04       		.uleb128 0x4
 1039 0028 24       		.uleb128 0x24
 1040 0029 00       		.byte	0
 1041 002a 0B       		.uleb128 0xb
 1042 002b 0B       		.uleb128 0xb
 1043 002c 3E       		.uleb128 0x3e
 1044 002d 0B       		.uleb128 0xb
 1045 002e 03       		.uleb128 0x3
 1046 002f 08       		.uleb128 0x8
 1047 0030 00       		.byte	0
 1048 0031 00       		.byte	0
 1049 0032 05       		.uleb128 0x5
 1050 0033 01       		.uleb128 0x1
 1051 0034 01       		.byte	0x1
 1052 0035 49       		.uleb128 0x49
 1053 0036 13       		.uleb128 0x13
 1054 0037 01       		.uleb128 0x1
 1055 0038 13       		.uleb128 0x13
 1056 0039 00       		.byte	0
 1057 003a 00       		.byte	0
 1058 003b 06       		.uleb128 0x6
 1059 003c 21       		.uleb128 0x21
 1060 003d 00       		.byte	0
 1061 003e 49       		.uleb128 0x49
 1062 003f 13       		.uleb128 0x13
 1063 0040 2F       		.uleb128 0x2f
 1064 0041 05       		.uleb128 0x5
 1065 0042 00       		.byte	0
 1066 0043 00       		.byte	0
 1067 0044 07       		.uleb128 0x7
 1068 0045 26       		.uleb128 0x26
 1069 0046 00       		.byte	0
 1070 0047 49       		.uleb128 0x49
 1071 0048 13       		.uleb128 0x13
 1072 0049 00       		.byte	0
 1073 004a 00       		.byte	0
 1074 004b 08       		.uleb128 0x8
 1075 004c 34       		.uleb128 0x34
 1076 004d 00       		.byte	0
 1077 004e 03       		.uleb128 0x3
 1078 004f 0E       		.uleb128 0xe
 1079 0050 3A       		.uleb128 0x3a
ARM GAS  C:\Users\seppi\AppData\Local\Temp\ccFrz4j9.s 			page 20


 1080 0051 0B       		.uleb128 0xb
 1081 0052 3B       		.uleb128 0x3b
 1082 0053 0B       		.uleb128 0xb
 1083 0054 49       		.uleb128 0x49
 1084 0055 13       		.uleb128 0x13
 1085 0056 3F       		.uleb128 0x3f
 1086 0057 19       		.uleb128 0x19
 1087 0058 02       		.uleb128 0x2
 1088 0059 18       		.uleb128 0x18
 1089 005a 00       		.byte	0
 1090 005b 00       		.byte	0
 1091 005c 09       		.uleb128 0x9
 1092 005d 21       		.uleb128 0x21
 1093 005e 00       		.byte	0
 1094 005f 49       		.uleb128 0x49
 1095 0060 13       		.uleb128 0x13
 1096 0061 2F       		.uleb128 0x2f
 1097 0062 0B       		.uleb128 0xb
 1098 0063 00       		.byte	0
 1099 0064 00       		.byte	0
 1100 0065 00       		.byte	0
 1101              		.section	.debug_aranges,"",%progbits
 1102 0000 14000000 		.4byte	0x14
 1103 0004 0200     		.2byte	0x2
 1104 0006 00000000 		.4byte	.Ldebug_info0
 1105 000a 04       		.byte	0x4
 1106 000b 00       		.byte	0
 1107 000c 0000     		.2byte	0
 1108 000e 0000     		.2byte	0
 1109 0010 00000000 		.4byte	0
 1110 0014 00000000 		.4byte	0
 1111              		.section	.debug_line,"",%progbits
 1112              	.Ldebug_line0:
 1113 0000 3D010000 		.section	.debug_str,"MS",%progbits,1
 1113      02003701 
 1113      00000201 
 1113      FB0E0D00 
 1113      01010101 
 1114              	.LASF9:
 1115 0000 5F5F7569 		.ascii	"__uint8_t\000"
 1115      6E74385F 
 1115      7400
 1116              	.LASF16:
 1117 000a 63795F6D 		.ascii	"cy_metadata\000"
 1117      65746164 
 1117      61746100 
 1118              	.LASF7:
 1119 0016 6C6F6E67 		.ascii	"long long unsigned int\000"
 1119      206C6F6E 
 1119      6720756E 
 1119      7369676E 
 1119      65642069 
 1120              	.LASF1:
 1121 002d 756E7369 		.ascii	"unsigned char\000"
 1121      676E6564 
 1121      20636861 
 1121      7200
ARM GAS  C:\Users\seppi\AppData\Local\Temp\ccFrz4j9.s 			page 21


 1122              	.LASF5:
 1123 003b 6C6F6E67 		.ascii	"long unsigned int\000"
 1123      20756E73 
 1123      69676E65 
 1123      6420696E 
 1123      7400
 1124              	.LASF3:
 1125 004d 73686F72 		.ascii	"short unsigned int\000"
 1125      7420756E 
 1125      7369676E 
 1125      65642069 
 1125      6E7400
 1126              	.LASF13:
 1127 0060 63795F6D 		.ascii	"cy_meta_custnvl\000"
 1127      6574615F 
 1127      63757374 
 1127      6E766C00 
 1128              	.LASF12:
 1129 0070 63795F6D 		.ascii	"cy_meta_configecc\000"
 1129      6574615F 
 1129      636F6E66 
 1129      69676563 
 1129      6300
 1130              	.LASF8:
 1131 0082 756E7369 		.ascii	"unsigned int\000"
 1131      676E6564 
 1131      20696E74 
 1131      00
 1132              	.LASF17:
 1133 008f 474E5520 		.ascii	"GNU C11 5.4.1 20160609 (release) [ARM/embedded-5-br"
 1133      43313120 
 1133      352E342E 
 1133      31203230 
 1133      31363036 
 1134 00c2 616E6368 		.ascii	"anch revision 237715] -mcpu=cortex-m3 -mthumb -g -O"
 1134      20726576 
 1134      6973696F 
 1134      6E203233 
 1134      37373135 
 1135 00f5 73202D66 		.ascii	"s -ffunction-sections -ffat-lto-objects\000"
 1135      66756E63 
 1135      74696F6E 
 1135      2D736563 
 1135      74696F6E 
 1136              	.LASF10:
 1137 011d 75696E74 		.ascii	"uint8_t\000"
 1137      385F7400 
 1138              	.LASF15:
 1139 0125 63795F6D 		.ascii	"cy_meta_flashprotect\000"
 1139      6574615F 
 1139      666C6173 
 1139      6870726F 
 1139      74656374 
 1140              	.LASF14:
 1141 013a 63795F6D 		.ascii	"cy_meta_wonvl\000"
 1141      6574615F 
 1141      776F6E76 
ARM GAS  C:\Users\seppi\AppData\Local\Temp\ccFrz4j9.s 			page 22


 1141      6C00
 1142              	.LASF11:
 1143 0148 73697A65 		.ascii	"sizetype\000"
 1143      74797065 
 1143      00
 1144              	.LASF6:
 1145 0151 6C6F6E67 		.ascii	"long long int\000"
 1145      206C6F6E 
 1145      6720696E 
 1145      7400
 1146              	.LASF2:
 1147 015f 73686F72 		.ascii	"short int\000"
 1147      7420696E 
 1147      7400
 1148              	.LASF19:
 1149 0169 443A5C44 		.ascii	"D:\\Dokumente\\Programming\\Uni\\Semester-3\\MPS\\m"
 1149      6F6B756D 
 1149      656E7465 
 1149      5C50726F 
 1149      6772616D 
 1150 0196 6936795F 		.ascii	"i6y_ws2122_zill-sebastian-769544\\Praktikum_2\\MPS2"
 1150      77733231 
 1150      32325F7A 
 1150      696C6C2D 
 1150      73656261 
 1151 01c7 315F5072 		.ascii	"1_Prakt_2\\MPS21_Prakt_2.cydsn\000"
 1151      616B745F 
 1151      325C4D50 
 1151      5332315F 
 1151      5072616B 
 1152              	.LASF4:
 1153 01e5 6C6F6E67 		.ascii	"long int\000"
 1153      20696E74 
 1153      00
 1154              	.LASF0:
 1155 01ee 7369676E 		.ascii	"signed char\000"
 1155      65642063 
 1155      68617200 
 1156              	.LASF18:
 1157 01fa 47656E65 		.ascii	"Generated_Source\\PSoC5\\cymetadata.c\000"
 1157      72617465 
 1157      645F536F 
 1157      75726365 
 1157      5C50536F 
 1158              		.ident	"GCC: (GNU Tools for ARM Embedded Processors) 5.4.1 20160609 (release) [ARM/embedded-5-bran
