ARM GAS  C:\Users\seppi\AppData\Local\Temp\cc6ryzAd.s 			page 1


   1              		.syntax unified
   2              		.cpu cortex-m3
   3              		.fpu softvfp
   4              		.eabi_attribute 20, 1
   5              		.eabi_attribute 21, 1
   6              		.eabi_attribute 23, 3
   7              		.eabi_attribute 24, 1
   8              		.eabi_attribute 25, 1
   9              		.eabi_attribute 26, 1
  10              		.eabi_attribute 30, 6
  11              		.eabi_attribute 34, 1
  12              		.eabi_attribute 18, 4
  13              		.thumb
  14              		.syntax unified
  15              		.file	"main.c"
  16              		.text
  17              	.Ltext0:
  18              		.cfi_sections	.debug_frame
  19              		.section	.text.itoLED,"ax",%progbits
  20              		.align	2
  21              		.global	itoLED
  22              		.thumb
  23              		.thumb_func
  24              		.type	itoLED, %function
  25              	itoLED:
  26              	.LFB64:
  27              		.file 1 "HAL.h"
   1:HAL.h         **** #include <stdio.h>
   2:HAL.h         **** #define LED_ON  (0u)                // LED on (active low)
   3:HAL.h         **** #define LED_OFF (1u)                // LED off (active low)
   4:HAL.h         **** 
   5:HAL.h         **** uint8_t itoLED(int i)
   6:HAL.h         **** {
  28              		.loc 1 6 0
  29              		.cfi_startproc
  30              		@ args = 0, pretend = 0, frame = 8
  31              		@ frame_needed = 1, uses_anonymous_args = 0
  32              		@ link register save eliminated.
  33 0000 80B4     		push	{r7}
  34              		.cfi_def_cfa_offset 4
  35              		.cfi_offset 7, -4
  36 0002 83B0     		sub	sp, sp, #12
  37              		.cfi_def_cfa_offset 16
  38 0004 00AF     		add	r7, sp, #0
  39              		.cfi_def_cfa_register 7
  40 0006 7860     		str	r0, [r7, #4]
   7:HAL.h         ****     if(i == 0)
  41              		.loc 1 7 0
  42 0008 7B68     		ldr	r3, [r7, #4]
  43 000a 002B     		cmp	r3, #0
  44 000c 01D1     		bne	.L2
   8:HAL.h         ****         return LED_OFF;
  45              		.loc 1 8 0
  46 000e 0123     		movs	r3, #1
  47 0010 00E0     		b	.L3
  48              	.L2:
   9:HAL.h         ****     return LED_ON;
ARM GAS  C:\Users\seppi\AppData\Local\Temp\cc6ryzAd.s 			page 2


  49              		.loc 1 9 0
  50 0012 0023     		movs	r3, #0
  51              	.L3:
  10:HAL.h         **** }...
  52              		.loc 1 10 0
  53 0014 1846     		mov	r0, r3
  54 0016 0C37     		adds	r7, r7, #12
  55              		.cfi_def_cfa_offset 4
  56 0018 BD46     		mov	sp, r7
  57              		.cfi_def_cfa_register 13
  58              		@ sp needed
  59 001a 80BC     		pop	{r7}
  60              		.cfi_restore 7
  61              		.cfi_def_cfa_offset 0
  62 001c 7047     		bx	lr
  63              		.cfi_endproc
  64              	.LFE64:
  65              		.size	itoLED, .-itoLED
  66 001e 00BF     		.bss
  67              		.align	2
  68              	buffer:
  69 0000 00000000 		.space	128
  69      00000000 
  69      00000000 
  69      00000000 
  69      00000000 
  70              	cRx:
  71 0080 00       		.space	1
  72              		.section	.text.MyIsrUartRX,"ax",%progbits
  73              		.align	2
  74              		.global	MyIsrUartRX
  75              		.thumb
  76              		.thumb_func
  77              		.type	MyIsrUartRX, %function
  78              	MyIsrUartRX:
  79              	.LFB65:
  80              		.file 2 "main.c"
   1:main.c        **** // =============================== INCLUDES ===============================
   2:main.c        **** #include "project.h"
   3:main.c        **** #include "HAL.h"
   4:main.c        **** #include <stdio.h>                              // string operations
   5:main.c        **** 
   6:main.c        **** // =============================== DEFINES  ===============================
   7:main.c        **** #define _PROJECT_NAME   "MPS21_Prakt_4"         // project name
   8:main.c        **** #define _DEVICE_NAME    "FreeSoC2"              // board or device type
   9:main.c        **** #define _PROCESSOR      "PSoC 5LP"              // processor type
  10:main.c        **** #define _VERSION_NR     "Ver. 1.1"              // version number. Please update
  11:main.c        **** #define _AUTHOR_        "Sebastian Zill"
  12:main.c        **** #define _COMPANY        "Template MPS 4"
  13:main.c        **** 
  14:main.c        **** // Build string to print buffer
  15:main.c        **** #define _VERSTR_       (_PROJECT_NAME" - "_DEVICE_NAME", "_PROCESSOR" - "_VERSION_NR"\n\r"\
  16:main.c        **** _AUTHOR_", "__DATE__" "__TIME__)
  17:main.c        **** 
  18:main.c        **** #define BUFFER_SIZE 128                         // string output buffer size for sprintf
  19:main.c        **** static char buffer[BUFFER_SIZE];                // buffer (global) for sprintf
  20:main.c        **** 
ARM GAS  C:\Users\seppi\AppData\Local\Temp\cc6ryzAd.s 			page 3


  21:main.c        **** 
  22:main.c        **** // ============================== INTERRUPTS ==============================
  23:main.c        **** /** 
  24:main.c        ****  * UART RX interrupt service routine.
  25:main.c        ****  *
  26:main.c        ****  * Collect a characters from UART into a global input variable.
  27:main.c        ****  * @see cRx
  28:main.c        ****  */
  29:main.c        **** static char cRx = 0;                            // character from UART, visible within main.c
  30:main.c        **** CY_ISR( MyIsrUartRX )
  31:main.c        **** {
  81              		.loc 2 31 0
  82              		.cfi_startproc
  83              		@ args = 0, pretend = 0, frame = 0
  84              		@ frame_needed = 1, uses_anonymous_args = 0
  85 0000 80B5     		push	{r7, lr}
  86              		.cfi_def_cfa_offset 8
  87              		.cfi_offset 7, -8
  88              		.cfi_offset 14, -4
  89 0002 00AF     		add	r7, sp, #0
  90              		.cfi_def_cfa_register 7
  32:main.c        ****     cRx = UART_GetChar();                       // read and set char
  91              		.loc 2 32 0
  92 0004 FFF7FEFF 		bl	UART_GetChar
  93 0008 0346     		mov	r3, r0
  94 000a 1A46     		mov	r2, r3
  95 000c 014B     		ldr	r3, .L5
  96 000e 1A70     		strb	r2, [r3]
  33:main.c        **** }
  97              		.loc 2 33 0
  98 0010 00BF     		nop
  99 0012 80BD     		pop	{r7, pc}
 100              	.L6:
 101              		.align	2
 102              	.L5:
 103 0014 80000000 		.word	cRx
 104              		.cfi_endproc
 105              	.LFE65:
 106              		.size	MyIsrUartRX, .-MyIsrUartRX
 107              		.bss
 108              	fCWEW_Isr:
 109 0081 00       		.space	1
 110              		.section	.text.MyIsrCWEW,"ax",%progbits
 111              		.align	2
 112              		.global	MyIsrCWEW
 113              		.thumb
 114              		.thumb_func
 115              		.type	MyIsrCWEW, %function
 116              	MyIsrCWEW:
 117              	.LFB66:
  34:main.c        **** 
  35:main.c        **** /** 
  36:main.c        ****  * Interrupt isr_CWSN for button Pin_CWSN interrupt service routine.
  37:main.c        ****  *
  38:main.c        ****  * @see fCWEW_Isr
  39:main.c        ****  */
  40:main.c        **** static uint8_t fCWEW_Isr = 0;                   // flag CW EW button isr, visible within main.c
ARM GAS  C:\Users\seppi\AppData\Local\Temp\cc6ryzAd.s 			page 4


  41:main.c        **** CY_ISR( MyIsrCWEW )
  42:main.c        **** {
 118              		.loc 2 42 0
 119              		.cfi_startproc
 120              		@ args = 0, pretend = 0, frame = 0
 121              		@ frame_needed = 1, uses_anonymous_args = 0
 122 0000 80B5     		push	{r7, lr}
 123              		.cfi_def_cfa_offset 8
 124              		.cfi_offset 7, -8
 125              		.cfi_offset 14, -4
 126 0002 00AF     		add	r7, sp, #0
 127              		.cfi_def_cfa_register 7
  43:main.c        ****     Pin_CWEW_ClearInterrupt();                  // clear interrupt first
 128              		.loc 2 43 0
 129 0004 FFF7FEFF 		bl	Pin_CWEW_ClearInterrupt
  44:main.c        ****     if (fCWEW_Isr != 1)
 130              		.loc 2 44 0
 131 0008 044B     		ldr	r3, .L10
 132 000a 1B78     		ldrb	r3, [r3]	@ zero_extendqisi2
 133 000c 012B     		cmp	r3, #1
 134 000e 02D0     		beq	.L9
  45:main.c        ****         fCWEW_Isr = 1;                          // set flag
 135              		.loc 2 45 0
 136 0010 024B     		ldr	r3, .L10
 137 0012 0122     		movs	r2, #1
 138 0014 1A70     		strb	r2, [r3]
 139              	.L9:
  46:main.c        **** }
 140              		.loc 2 46 0
 141 0016 00BF     		nop
 142 0018 80BD     		pop	{r7, pc}
 143              	.L11:
 144 001a 00BF     		.align	2
 145              	.L10:
 146 001c 81000000 		.word	fCWEW_Isr
 147              		.cfi_endproc
 148              	.LFE66:
 149              		.size	MyIsrCWEW, .-MyIsrCWEW
 150              		.bss
 151              	fsClock:
 152 0082 00       		.space	1
 153 0083 00       		.align	2
 154              	count_ms:
 155 0084 00000000 		.space	4
 156              		.section	.text.IsrAppClk,"ax",%progbits
 157              		.align	2
 158              		.global	IsrAppClk
 159              		.thumb
 160              		.thumb_func
 161              		.type	IsrAppClk, %function
 162              	IsrAppClk:
 163              	.LFB67:
  47:main.c        **** 
  48:main.c        **** /** 
  49:main.c        ****  * Application clock interrupt service routine for isr_Clk every second
  50:main.c        ****  *
  51:main.c        ****  * @see fClock
ARM GAS  C:\Users\seppi\AppData\Local\Temp\cc6ryzAd.s 			page 5


  52:main.c        ****  */
  53:main.c        **** static uint8_t  fsClock = 0;                    // s flag
  54:main.c        **** static uint32_t count_ms = 0;                   // ms count since start
  55:main.c        **** CY_ISR( IsrAppClk )
  56:main.c        **** {
 164              		.loc 2 56 0
 165              		.cfi_startproc
 166              		@ args = 0, pretend = 0, frame = 0
 167              		@ frame_needed = 1, uses_anonymous_args = 0
 168              		@ link register save eliminated.
 169 0000 80B4     		push	{r7}
 170              		.cfi_def_cfa_offset 4
 171              		.cfi_offset 7, -4
 172 0002 00AF     		add	r7, sp, #0
 173              		.cfi_def_cfa_register 7
  57:main.c        ****     count_ms++;                                 // increment ms timestamp
 174              		.loc 2 57 0
 175 0004 0C4B     		ldr	r3, .L15
 176 0006 1B68     		ldr	r3, [r3]
 177 0008 0133     		adds	r3, r3, #1
 178 000a 0B4A     		ldr	r2, .L15
 179 000c 1360     		str	r3, [r2]
  58:main.c        ****     if ( (count_ms % 1000) == 0 )               // next 1 s reached
 180              		.loc 2 58 0
 181 000e 0A4B     		ldr	r3, .L15
 182 0010 1A68     		ldr	r2, [r3]
 183 0012 0A4B     		ldr	r3, .L15+4
 184 0014 A3FB0213 		umull	r1, r3, r3, r2
 185 0018 9B09     		lsrs	r3, r3, #6
 186 001a 4FF47A71 		mov	r1, #1000
 187 001e 01FB03F3 		mul	r3, r1, r3
 188 0022 D31A     		subs	r3, r2, r3
 189 0024 002B     		cmp	r3, #0
 190 0026 02D1     		bne	.L14
  59:main.c        ****        fsClock = 1;                             // set flag
 191              		.loc 2 59 0
 192 0028 054B     		ldr	r3, .L15+8
 193 002a 0122     		movs	r2, #1
 194 002c 1A70     		strb	r2, [r3]
 195              	.L14:
  60:main.c        **** }
 196              		.loc 2 60 0
 197 002e 00BF     		nop
 198 0030 BD46     		mov	sp, r7
 199              		.cfi_def_cfa_register 13
 200              		@ sp needed
 201 0032 80BC     		pop	{r7}
 202              		.cfi_restore 7
 203              		.cfi_def_cfa_offset 0
 204 0034 7047     		bx	lr
 205              	.L16:
 206 0036 00BF     		.align	2
 207              	.L15:
 208 0038 84000000 		.word	count_ms
 209 003c D34D6210 		.word	274877907
 210 0040 82000000 		.word	fsClock
 211              		.cfi_endproc
ARM GAS  C:\Users\seppi\AppData\Local\Temp\cc6ryzAd.s 			page 6


 212              	.LFE67:
 213              		.size	IsrAppClk, .-IsrAppClk
 214              		.bss
 215              		.align	2
 216              	state:
 217 0088 00000000 		.space	4
 218              		.data
 219              		.align	2
 220              		.type	States, %object
 221              		.size	States, 224
 222              	States:
 223 0000 01000000 		.word	1
 224 0004 00000000 		.word	0
 225 0008 00000000 		.word	0
 226 000c 01000000 		.word	1
 227 0010 00000000 		.word	0
 228 0014 00000000 		.word	0
 229 0018 00000000 		.word	0
 230 001c 00000000 		.word	0
 231 0020 01000000 		.word	1
 232 0024 01000000 		.word	1
 233 0028 00000000 		.word	0
 234 002c 01000000 		.word	1
 235 0030 00000000 		.word	0
 236 0034 00000000 		.word	0
 237 0038 00000000 		.word	0
 238 003c 00000000 		.word	0
 239 0040 00000000 		.word	0
 240 0044 00000000 		.word	0
 241 0048 01000000 		.word	1
 242 004c 01000000 		.word	1
 243 0050 00000000 		.word	0
 244 0054 00000000 		.word	0
 245 0058 01000000 		.word	1
 246 005c 00000000 		.word	0
 247 0060 00000000 		.word	0
 248 0064 01000000 		.word	1
 249 0068 00000000 		.word	0
 250 006c 01000000 		.word	1
 251 0070 00000000 		.word	0
 252 0074 00000000 		.word	0
 253 0078 00000000 		.word	0
 254 007c 00000000 		.word	0
 255 0080 01000000 		.word	1
 256 0084 00000000 		.word	0
 257 0088 00000000 		.word	0
 258 008c 01000000 		.word	1
 259 0090 01000000 		.word	1
 260 0094 00000000 		.word	0
 261 0098 00000000 		.word	0
 262 009c 00000000 		.word	0
 263 00a0 01000000 		.word	1
 264 00a4 00000000 		.word	0
 265 00a8 00000000 		.word	0
 266 00ac 00000000 		.word	0
 267 00b0 00000000 		.word	0
 268 00b4 01000000 		.word	1
ARM GAS  C:\Users\seppi\AppData\Local\Temp\cc6ryzAd.s 			page 7


 269 00b8 00000000 		.word	0
 270 00bc 01000000 		.word	1
 271 00c0 01000000 		.word	1
 272 00c4 00000000 		.word	0
 273 00c8 00000000 		.word	0
 274 00cc 00000000 		.word	0
 275 00d0 01000000 		.word	1
 276 00d4 00000000 		.word	0
 277 00d8 00000000 		.word	0
 278 00dc 00000000 		.word	0
 279              		.section	.text.setLightsFromArray,"ax",%progbits
 280              		.align	2
 281              		.global	setLightsFromArray
 282              		.thumb
 283              		.thumb_func
 284              		.type	setLightsFromArray, %function
 285              	setLightsFromArray:
 286              	.LFB68:
  61:main.c        **** 
  62:main.c        **** 
  63:main.c        **** 
  64:main.c        **** 
  65:main.c        **** // ==========================================================================================
  66:main.c        **** // =============================== START TRAFFIC LIGHTS LOGIC ===============================
  67:main.c        **** // ==========================================================================================
  68:main.c        **** static int state = 0;
  69:main.c        **** // matrix (optimized)
  70:main.c        **** // ns-r, ns-y, ns-g, w-r, w-y, w-g, fns, fw
  71:main.c        **** static int States[7][8] =
  72:main.c        **** {
  73:main.c        ****     {1,0,0,1,0,0,0,0}, //0,6    0
  74:main.c        ****     {1,1,0,1,0,0,0,0}, //1      1
  75:main.c        ****     {0,0,1,1,0,0,1,0}, //2,3,4  2
  76:main.c        ****     {0,1,0,1,0,0,0,0}, //5      3
  77:main.c        ****     {1,0,0,1,1,0,0,0}, //7      4
  78:main.c        ****     {1,0,0,0,0,1,0,1}, //8,9    5
  79:main.c        ****     {1,0,0,0,1,0,0,0}, //10     6
  80:main.c        **** };
  81:main.c        **** 
  82:main.c        **** 
  83:main.c        **** // get array of 8 independent light states (on/off = 1/0) as argument and set traffic lights accord
  84:main.c        **** void setLightsFromArray(int *arr)
  85:main.c        **** {
 287              		.loc 2 85 0
 288              		.cfi_startproc
 289              		@ args = 0, pretend = 0, frame = 8
 290              		@ frame_needed = 1, uses_anonymous_args = 0
 291 0000 80B5     		push	{r7, lr}
 292              		.cfi_def_cfa_offset 8
 293              		.cfi_offset 7, -8
 294              		.cfi_offset 14, -4
 295 0002 82B0     		sub	sp, sp, #8
 296              		.cfi_def_cfa_offset 16
 297 0004 00AF     		add	r7, sp, #0
 298              		.cfi_def_cfa_register 7
 299 0006 7860     		str	r0, [r7, #4]
  86:main.c        ****     // traffic lights north/south
ARM GAS  C:\Users\seppi\AppData\Local\Temp\cc6ryzAd.s 			page 8


  87:main.c        ****     Pin_N_R_Write(itoLED(arr[0]));
 300              		.loc 2 87 0
 301 0008 7B68     		ldr	r3, [r7, #4]
 302 000a 1B68     		ldr	r3, [r3]
 303 000c 1846     		mov	r0, r3
 304 000e FFF7FEFF 		bl	itoLED
 305 0012 0346     		mov	r3, r0
 306 0014 1846     		mov	r0, r3
 307 0016 FFF7FEFF 		bl	Pin_N_R_Write
  88:main.c        ****     Pin_N_Y_Write(itoLED(arr[1]));
 308              		.loc 2 88 0
 309 001a 7B68     		ldr	r3, [r7, #4]
 310 001c 0433     		adds	r3, r3, #4
 311 001e 1B68     		ldr	r3, [r3]
 312 0020 1846     		mov	r0, r3
 313 0022 FFF7FEFF 		bl	itoLED
 314 0026 0346     		mov	r3, r0
 315 0028 1846     		mov	r0, r3
 316 002a FFF7FEFF 		bl	Pin_N_Y_Write
  89:main.c        ****     Pin_N_G_Write(itoLED(arr[2]));
 317              		.loc 2 89 0
 318 002e 7B68     		ldr	r3, [r7, #4]
 319 0030 0833     		adds	r3, r3, #8
 320 0032 1B68     		ldr	r3, [r3]
 321 0034 1846     		mov	r0, r3
 322 0036 FFF7FEFF 		bl	itoLED
 323 003a 0346     		mov	r3, r0
 324 003c 1846     		mov	r0, r3
 325 003e FFF7FEFF 		bl	Pin_N_G_Write
  90:main.c        ****     
  91:main.c        ****     Pin_S_R_Write(itoLED(arr[0]));
 326              		.loc 2 91 0
 327 0042 7B68     		ldr	r3, [r7, #4]
 328 0044 1B68     		ldr	r3, [r3]
 329 0046 1846     		mov	r0, r3
 330 0048 FFF7FEFF 		bl	itoLED
 331 004c 0346     		mov	r3, r0
 332 004e 1846     		mov	r0, r3
 333 0050 FFF7FEFF 		bl	Pin_S_R_Write
  92:main.c        ****     Pin_S_Y_Write(itoLED(arr[1]));
 334              		.loc 2 92 0
 335 0054 7B68     		ldr	r3, [r7, #4]
 336 0056 0433     		adds	r3, r3, #4
 337 0058 1B68     		ldr	r3, [r3]
 338 005a 1846     		mov	r0, r3
 339 005c FFF7FEFF 		bl	itoLED
 340 0060 0346     		mov	r3, r0
 341 0062 1846     		mov	r0, r3
 342 0064 FFF7FEFF 		bl	Pin_S_Y_Write
  93:main.c        ****     Pin_S_G_Write(itoLED(arr[2]));
 343              		.loc 2 93 0
 344 0068 7B68     		ldr	r3, [r7, #4]
 345 006a 0833     		adds	r3, r3, #8
 346 006c 1B68     		ldr	r3, [r3]
 347 006e 1846     		mov	r0, r3
 348 0070 FFF7FEFF 		bl	itoLED
 349 0074 0346     		mov	r3, r0
ARM GAS  C:\Users\seppi\AppData\Local\Temp\cc6ryzAd.s 			page 9


 350 0076 1846     		mov	r0, r3
 351 0078 FFF7FEFF 		bl	Pin_S_G_Write
  94:main.c        ****     
  95:main.c        ****     // traffic lights west
  96:main.c        ****     Pin_W_R_Write(itoLED(arr[3]));
 352              		.loc 2 96 0
 353 007c 7B68     		ldr	r3, [r7, #4]
 354 007e 0C33     		adds	r3, r3, #12
 355 0080 1B68     		ldr	r3, [r3]
 356 0082 1846     		mov	r0, r3
 357 0084 FFF7FEFF 		bl	itoLED
 358 0088 0346     		mov	r3, r0
 359 008a 1846     		mov	r0, r3
 360 008c FFF7FEFF 		bl	Pin_W_R_Write
  97:main.c        ****     Pin_W_Y_Write(itoLED(arr[4]));
 361              		.loc 2 97 0
 362 0090 7B68     		ldr	r3, [r7, #4]
 363 0092 1033     		adds	r3, r3, #16
 364 0094 1B68     		ldr	r3, [r3]
 365 0096 1846     		mov	r0, r3
 366 0098 FFF7FEFF 		bl	itoLED
 367 009c 0346     		mov	r3, r0
 368 009e 1846     		mov	r0, r3
 369 00a0 FFF7FEFF 		bl	Pin_W_Y_Write
  98:main.c        ****     Pin_W_G_Write(itoLED(arr[5]));
 370              		.loc 2 98 0
 371 00a4 7B68     		ldr	r3, [r7, #4]
 372 00a6 1433     		adds	r3, r3, #20
 373 00a8 1B68     		ldr	r3, [r3]
 374 00aa 1846     		mov	r0, r3
 375 00ac FFF7FEFF 		bl	itoLED
 376 00b0 0346     		mov	r3, r0
 377 00b2 1846     		mov	r0, r3
 378 00b4 FFF7FEFF 		bl	Pin_W_G_Write
  99:main.c        ****     
 100:main.c        ****     // pedestrian lights north/south and west
 101:main.c        ****     Pin_S_CW_Write(itoLED(arr[6]));
 379              		.loc 2 101 0
 380 00b8 7B68     		ldr	r3, [r7, #4]
 381 00ba 1833     		adds	r3, r3, #24
 382 00bc 1B68     		ldr	r3, [r3]
 383 00be 1846     		mov	r0, r3
 384 00c0 FFF7FEFF 		bl	itoLED
 385 00c4 0346     		mov	r3, r0
 386 00c6 1846     		mov	r0, r3
 387 00c8 FFF7FEFF 		bl	Pin_S_CW_Write
 102:main.c        ****     Pin_E_CW_Write(itoLED(arr[7]));
 388              		.loc 2 102 0
 389 00cc 7B68     		ldr	r3, [r7, #4]
 390 00ce 1C33     		adds	r3, r3, #28
 391 00d0 1B68     		ldr	r3, [r3]
 392 00d2 1846     		mov	r0, r3
 393 00d4 FFF7FEFF 		bl	itoLED
 394 00d8 0346     		mov	r3, r0
 395 00da 1846     		mov	r0, r3
 396 00dc FFF7FEFF 		bl	Pin_E_CW_Write
 103:main.c        **** }
ARM GAS  C:\Users\seppi\AppData\Local\Temp\cc6ryzAd.s 			page 10


 397              		.loc 2 103 0
 398 00e0 00BF     		nop
 399 00e2 0837     		adds	r7, r7, #8
 400              		.cfi_def_cfa_offset 8
 401 00e4 BD46     		mov	sp, r7
 402              		.cfi_def_cfa_register 13
 403              		@ sp needed
 404 00e6 80BD     		pop	{r7, pc}
 405              		.cfi_endproc
 406              	.LFE68:
 407              		.size	setLightsFromArray, .-setLightsFromArray
 408              		.section	.rodata
 409              		.align	2
 410              	.LC0:
 411 0000 0A0D5061 		.ascii	"\012\015Passengers NS pass!\012\000"
 411      7373656E 
 411      67657273 
 411      204E5320 
 411      70617373 
 412 0017 00       		.align	2
 413              	.LC1:
 414 0018 0A0D5061 		.ascii	"\012\015Passengers W pass!\012\000"
 414      7373656E 
 414      67657273 
 414      20572070 
 414      61737321 
 415 002e 0000     		.align	2
 416              	.LC2:
 417 0030 536F6D65 		.ascii	"Something went wrong.\000"
 417      7468696E 
 417      67207765 
 417      6E742077 
 417      726F6E67 
 418              		.section	.text.handleIntersection,"ax",%progbits
 419              		.align	2
 420              		.global	handleIntersection
 421              		.thumb
 422              		.thumb_func
 423              		.type	handleIntersection, %function
 424              	handleIntersection:
 425              	.LFB69:
 104:main.c        **** 
 105:main.c        **** // parse intersection-state and pass led-state array to changeLightsFunction
 106:main.c        **** void handleIntersection()
 107:main.c        **** {
 426              		.loc 2 107 0
 427              		.cfi_startproc
 428              		@ args = 0, pretend = 0, frame = 8
 429              		@ frame_needed = 1, uses_anonymous_args = 0
 430 0000 80B5     		push	{r7, lr}
 431              		.cfi_def_cfa_offset 8
 432              		.cfi_offset 7, -8
 433              		.cfi_offset 14, -4
 434 0002 82B0     		sub	sp, sp, #8
 435              		.cfi_def_cfa_offset 16
 436 0004 00AF     		add	r7, sp, #0
 437              		.cfi_def_cfa_register 7
ARM GAS  C:\Users\seppi\AppData\Local\Temp\cc6ryzAd.s 			page 11


 108:main.c        ****     // rotate through the 10 (optimized to 6 array lines) intersection-states and switch traffic le
 109:main.c        ****     switch (state)
 438              		.loc 2 109 0
 439 0006 3F4B     		ldr	r3, .L39
 440 0008 1B68     		ldr	r3, [r3]
 441 000a 0A2B     		cmp	r3, #10
 442 000c 62D8     		bhi	.L19
 443 000e 01A2     		adr	r2, .L21
 444 0010 52F823F0 		ldr	pc, [r2, r3, lsl #2]
 445              		.p2align 2
 446              	.L21:
 447 0014 41000000 		.word	.L20+1
 448 0018 49000000 		.word	.L22+1
 449 001c 51000000 		.word	.L23+1
 450 0020 51000000 		.word	.L23+1
 451 0024 51000000 		.word	.L23+1
 452 0028 87000000 		.word	.L24+1
 453 002c 41000000 		.word	.L20+1
 454 0030 8F000000 		.word	.L25+1
 455 0034 97000000 		.word	.L26+1
 456 0038 97000000 		.word	.L26+1
 457 003c CD000000 		.word	.L27+1
 458              		.p2align 1
 459              	.L20:
 110:main.c        ****     {
 111:main.c        ****         case 0:
 112:main.c        ****         case 6:
 113:main.c        ****             setLightsFromArray(States[0]);
 460              		.loc 2 113 0
 461 0040 3148     		ldr	r0, .L39+4
 462 0042 FFF7FEFF 		bl	setLightsFromArray
 114:main.c        ****             break;
 463              		.loc 2 114 0
 464 0046 4CE0     		b	.L28
 465              	.L22:
 115:main.c        ****         
 116:main.c        ****         case 1:
 117:main.c        ****             setLightsFromArray(States[1]);
 466              		.loc 2 117 0
 467 0048 3048     		ldr	r0, .L39+8
 468 004a FFF7FEFF 		bl	setLightsFromArray
 118:main.c        ****             break;
 469              		.loc 2 118 0
 470 004e 48E0     		b	.L28
 471              	.L23:
 119:main.c        ****         
 120:main.c        ****         case 2:
 121:main.c        ****         case 3:
 122:main.c        ****         case 4:
 123:main.c        ****             setLightsFromArray(States[2]);
 472              		.loc 2 123 0
 473 0050 2F48     		ldr	r0, .L39+12
 474 0052 FFF7FEFF 		bl	setLightsFromArray
 124:main.c        ****             if ( fCWEW_Isr )                    // pedestriant wants to cross
 475              		.loc 2 124 0
 476 0056 2F4B     		ldr	r3, .L39+16
 477 0058 1B78     		ldrb	r3, [r3]	@ zero_extendqisi2
ARM GAS  C:\Users\seppi\AppData\Local\Temp\cc6ryzAd.s 			page 12


 478 005a 002B     		cmp	r3, #0
 479 005c 3ED0     		beq	.L36
 125:main.c        ****             {
 126:main.c        ****                 UART_PutString("\n\rPassengers NS pass!\n");
 480              		.loc 2 126 0
 481 005e 2E48     		ldr	r0, .L39+20
 482 0060 FFF7FEFF 		bl	UART_PutString
 127:main.c        ****                 UART_PutChar(7);
 483              		.loc 2 127 0
 484 0064 0720     		movs	r0, #7
 485 0066 FFF7FEFF 		bl	UART_PutChar
 486              	.LBB2:
 128:main.c        ****                 for(int loop=0;loop<10000000;loop++);
 487              		.loc 2 128 0
 488 006a 0023     		movs	r3, #0
 489 006c 7B60     		str	r3, [r7, #4]
 490 006e 02E0     		b	.L30
 491              	.L31:
 492              		.loc 2 128 0 is_stmt 0 discriminator 3
 493 0070 7B68     		ldr	r3, [r7, #4]
 494 0072 0133     		adds	r3, r3, #1
 495 0074 7B60     		str	r3, [r7, #4]
 496              	.L30:
 497              		.loc 2 128 0 discriminator 1
 498 0076 7B68     		ldr	r3, [r7, #4]
 499 0078 284A     		ldr	r2, .L39+24
 500 007a 9342     		cmp	r3, r2
 501 007c F8DD     		ble	.L31
 502              	.LBE2:
 129:main.c        ****                 fCWEW_Isr = 0;
 503              		.loc 2 129 0 is_stmt 1
 504 007e 254B     		ldr	r3, .L39+16
 505 0080 0022     		movs	r2, #0
 506 0082 1A70     		strb	r2, [r3]
 130:main.c        ****             }
 131:main.c        ****             break;
 507              		.loc 2 131 0
 508 0084 2AE0     		b	.L36
 509              	.L24:
 132:main.c        ****         
 133:main.c        ****         case 5:
 134:main.c        ****             setLightsFromArray(States[3]);
 510              		.loc 2 134 0
 511 0086 2648     		ldr	r0, .L39+28
 512 0088 FFF7FEFF 		bl	setLightsFromArray
 135:main.c        ****             break;
 513              		.loc 2 135 0
 514 008c 29E0     		b	.L28
 515              	.L25:
 136:main.c        ****         
 137:main.c        ****         case 7:
 138:main.c        ****             setLightsFromArray(States[4]);
 516              		.loc 2 138 0
 517 008e 2548     		ldr	r0, .L39+32
 518 0090 FFF7FEFF 		bl	setLightsFromArray
 139:main.c        ****             break;
 519              		.loc 2 139 0
ARM GAS  C:\Users\seppi\AppData\Local\Temp\cc6ryzAd.s 			page 13


 520 0094 25E0     		b	.L28
 521              	.L26:
 140:main.c        ****         
 141:main.c        ****         case 8:
 142:main.c        ****         case 9:
 143:main.c        ****             setLightsFromArray(States[5]);
 522              		.loc 2 143 0
 523 0096 2448     		ldr	r0, .L39+36
 524 0098 FFF7FEFF 		bl	setLightsFromArray
 144:main.c        ****             if ( fCWEW_Isr )                    // pedestriant wants to cross
 525              		.loc 2 144 0
 526 009c 1D4B     		ldr	r3, .L39+16
 527 009e 1B78     		ldrb	r3, [r3]	@ zero_extendqisi2
 528 00a0 002B     		cmp	r3, #0
 529 00a2 1DD0     		beq	.L37
 145:main.c        ****             {
 146:main.c        ****                 UART_PutString("\n\rPassengers W pass!\n");
 530              		.loc 2 146 0
 531 00a4 2148     		ldr	r0, .L39+40
 532 00a6 FFF7FEFF 		bl	UART_PutString
 147:main.c        ****                 UART_PutChar(7);
 533              		.loc 2 147 0
 534 00aa 0720     		movs	r0, #7
 535 00ac FFF7FEFF 		bl	UART_PutChar
 536              	.LBB3:
 148:main.c        ****                 for(int loop=0;loop<10000000;loop++);
 537              		.loc 2 148 0
 538 00b0 0023     		movs	r3, #0
 539 00b2 3B60     		str	r3, [r7]
 540 00b4 02E0     		b	.L33
 541              	.L34:
 542              		.loc 2 148 0 is_stmt 0 discriminator 3
 543 00b6 3B68     		ldr	r3, [r7]
 544 00b8 0133     		adds	r3, r3, #1
 545 00ba 3B60     		str	r3, [r7]
 546              	.L33:
 547              		.loc 2 148 0 discriminator 1
 548 00bc 3B68     		ldr	r3, [r7]
 549 00be 174A     		ldr	r2, .L39+24
 550 00c0 9342     		cmp	r3, r2
 551 00c2 F8DD     		ble	.L34
 552              	.LBE3:
 149:main.c        ****                 fCWEW_Isr = 0;
 553              		.loc 2 149 0 is_stmt 1
 554 00c4 134B     		ldr	r3, .L39+16
 555 00c6 0022     		movs	r2, #0
 556 00c8 1A70     		strb	r2, [r3]
 150:main.c        ****             }
 151:main.c        ****             break;
 557              		.loc 2 151 0
 558 00ca 09E0     		b	.L37
 559              	.L27:
 152:main.c        ****         
 153:main.c        ****         case 10:
 154:main.c        ****             setLightsFromArray(States[6]);
 560              		.loc 2 154 0
 561 00cc 1848     		ldr	r0, .L39+44
ARM GAS  C:\Users\seppi\AppData\Local\Temp\cc6ryzAd.s 			page 14


 562 00ce FFF7FEFF 		bl	setLightsFromArray
 155:main.c        ****             break;
 563              		.loc 2 155 0
 564 00d2 06E0     		b	.L28
 565              	.L19:
 156:main.c        ****         
 157:main.c        ****         default:
 158:main.c        ****         UART_PutString("Something went wrong.");
 566              		.loc 2 158 0
 567 00d4 1748     		ldr	r0, .L39+48
 568 00d6 FFF7FEFF 		bl	UART_PutString
 569 00da 02E0     		b	.L28
 570              	.L36:
 131:main.c        ****         
 571              		.loc 2 131 0
 572 00dc 00BF     		nop
 573 00de 00E0     		b	.L28
 574              	.L37:
 151:main.c        ****         
 575              		.loc 2 151 0
 576 00e0 00BF     		nop
 577              	.L28:
 159:main.c        ****     }
 160:main.c        **** 
 161:main.c        ****     // when done increase intersection-state for next iteration (until 10 and restart/rotate from s
 162:main.c        ****     state++;
 578              		.loc 2 162 0
 579 00e2 084B     		ldr	r3, .L39
 580 00e4 1B68     		ldr	r3, [r3]
 581 00e6 0133     		adds	r3, r3, #1
 582 00e8 064A     		ldr	r2, .L39
 583 00ea 1360     		str	r3, [r2]
 163:main.c        ****     if (state > 10)
 584              		.loc 2 163 0
 585 00ec 054B     		ldr	r3, .L39
 586 00ee 1B68     		ldr	r3, [r3]
 587 00f0 0A2B     		cmp	r3, #10
 588 00f2 02DD     		ble	.L38
 164:main.c        ****         state = 0;
 589              		.loc 2 164 0
 590 00f4 034B     		ldr	r3, .L39
 591 00f6 0022     		movs	r2, #0
 592 00f8 1A60     		str	r2, [r3]
 593              	.L38:
 165:main.c        **** }
 594              		.loc 2 165 0
 595 00fa 00BF     		nop
 596 00fc 0837     		adds	r7, r7, #8
 597              		.cfi_def_cfa_offset 8
 598 00fe BD46     		mov	sp, r7
 599              		.cfi_def_cfa_register 13
 600              		@ sp needed
 601 0100 80BD     		pop	{r7, pc}
 602              	.L40:
 603 0102 00BF     		.align	2
 604              	.L39:
 605 0104 88000000 		.word	state
ARM GAS  C:\Users\seppi\AppData\Local\Temp\cc6ryzAd.s 			page 15


 606 0108 00000000 		.word	States
 607 010c 20000000 		.word	States+32
 608 0110 40000000 		.word	States+64
 609 0114 81000000 		.word	fCWEW_Isr
 610 0118 00000000 		.word	.LC0
 611 011c 7F969800 		.word	9999999
 612 0120 60000000 		.word	States+96
 613 0124 80000000 		.word	States+128
 614 0128 A0000000 		.word	States+160
 615 012c 18000000 		.word	.LC1
 616 0130 C0000000 		.word	States+192
 617 0134 30000000 		.word	.LC2
 618              		.cfi_endproc
 619              	.LFE69:
 620              		.size	handleIntersection, .-handleIntersection
 621              		.section	.rodata
 622 0046 0000     		.align	2
 623              	.LC3:
 624 0048 4D505332 		.ascii	"MPS21_Prakt_4 - FreeSoC2, PSoC 5LP - Ver. 1.1\012\015"
 624      315F5072 
 624      616B745F 
 624      34202D20 
 624      46726565 
 625 0077 53656261 		.ascii	"Sebastian Zill, Dec  8 2021 18:51:16\000"
 625      73746961 
 625      6E205A69 
 625      6C6C2C20 
 625      44656320 
 626              		.align	2
 627              	.LC4:
 628 009c 0A0D5765 		.ascii	"\012\015Welcome! %s\012\015\000"
 628      6C636F6D 
 628      65212025 
 628      730A0D00 
 629              		.align	2
 630              	.LC5:
 631 00ac 0A0D4865 		.ascii	"\012\015Help:\012\015                              "
 631      6C703A0A 
 631      0D202020 
 631      20202020 
 631      20202020 
 632 00d3 20202020 		.ascii	"      \011h,H: help\012\015                        "
 632      20200968 
 632      2C483A20 
 632      68656C70 
 632      0A0D2020 
 633 00fd 20202020 		.ascii	"            \011q,Q: software reset\012\015\000"
 633      20202020 
 633      20202020 
 633      09712C51 
 633      3A20736F 
 634              		.align	2
 635              	.LC6:
 636 0120 0A0D4272 		.ascii	"\012\015Brighter!\012\000"
 636      69676874 
 636      6572210A 
 636      00
ARM GAS  C:\Users\seppi\AppData\Local\Temp\cc6ryzAd.s 			page 16


 637 012d 000000   		.align	2
 638              	.LC7:
 639 0130 0A0D4461 		.ascii	"\012\015Darker!\012\000"
 639      726B6572 
 639      210A00
 640              		.section	.text.main,"ax",%progbits
 641              		.align	2
 642              		.global	main
 643              		.thumb
 644              		.thumb_func
 645              		.type	main, %function
 646              	main:
 647              	.LFB70:
 166:main.c        **** 
 167:main.c        **** 
 168:main.c        **** 
 169:main.c        **** 
 170:main.c        **** // ==============================================================================
 171:main.c        **** // =============================== START Programm ===============================
 172:main.c        **** // ==============================================================================
 173:main.c        **** int main(void)
 174:main.c        **** {
 648              		.loc 2 174 0
 649              		.cfi_startproc
 650              		@ args = 0, pretend = 0, frame = 8
 651              		@ frame_needed = 1, uses_anonymous_args = 0
 652 0000 80B5     		push	{r7, lr}
 653              		.cfi_def_cfa_offset 8
 654              		.cfi_offset 7, -8
 655              		.cfi_offset 14, -4
 656 0002 82B0     		sub	sp, sp, #8
 657              		.cfi_def_cfa_offset 16
 658 0004 00AF     		add	r7, sp, #0
 659              		.cfi_def_cfa_register 7
 175:main.c        ****     /* initialize and start UART, register ISR */
 176:main.c        ****     UART_Start();                               // start UART
 660              		.loc 2 176 0
 661 0006 FFF7FEFF 		bl	UART_Start
 177:main.c        ****     isr_UART_RX_StartEx( MyIsrUartRX );         // register ISR, enable itr uart
 662              		.loc 2 177 0
 663 000a 3848     		ldr	r0, .L51
 664 000c FFF7FEFF 		bl	isr_UART_RX_StartEx
 178:main.c        ****     
 179:main.c        ****     /* initialize PWM */
 180:main.c        ****     PWM_Start();                                // start PWM
 665              		.loc 2 180 0
 666 0010 FFF7FEFF 		bl	PWM_Start
 181:main.c        **** 
 182:main.c        ****     /* initialize and start MyIsrCWEW, register ISR */
 183:main.c        ****     isr_CWEW_StartEx( MyIsrCWEW );              // register CWEW itr
 667              		.loc 2 183 0
 668 0014 3648     		ldr	r0, .L51+4
 669 0016 FFF7FEFF 		bl	isr_CWEW_StartEx
 184:main.c        ****     Pin_CWEW_ClearInterrupt();                  // clear eventual interrupt
 670              		.loc 2 184 0
 671 001a FFF7FEFF 		bl	Pin_CWEW_ClearInterrupt
 185:main.c        ****     isr_CWEW_ClearPending();                    // clear eventual pending interrupt
ARM GAS  C:\Users\seppi\AppData\Local\Temp\cc6ryzAd.s 			page 17


 672              		.loc 2 185 0
 673 001e FFF7FEFF 		bl	isr_CWEW_ClearPending
 186:main.c        ****     
 187:main.c        ****     /* initialize CLK */
 188:main.c        ****     isr_Clk_StartEx( IsrAppClk );               // register application clock
 674              		.loc 2 188 0
 675 0022 3448     		ldr	r0, .L51+8
 676 0024 FFF7FEFF 		bl	isr_Clk_StartEx
 189:main.c        ****     
 190:main.c        ****     /* enable global interrupts. */
 191:main.c        ****     CyGlobalIntEnable;
 677              		.loc 2 191 0
 678              		.syntax unified
 679              	@ 191 "main.c" 1
 680 0028 62B6     		CPSIE   i
 681              	@ 0 "" 2
 192:main.c        **** 
 193:main.c        ****     
 194:main.c        ****     /* welcome and info text output */
 195:main.c        ****     sprintf( buffer, "\n\rWelcome! %s\n\r", _VERSTR_);
 682              		.loc 2 195 0
 683              		.thumb
 684              		.syntax unified
 685 002a 334A     		ldr	r2, .L51+12
 686 002c 3349     		ldr	r1, .L51+16
 687 002e 3448     		ldr	r0, .L51+20
 688 0030 FFF7FEFF 		bl	sprintf
 196:main.c        ****     UART_PutString( buffer );
 689              		.loc 2 196 0
 690 0034 3248     		ldr	r0, .L51+20
 691 0036 FFF7FEFF 		bl	UART_PutString
 692              	.L50:
 197:main.c        ****     
 198:main.c        **** 
 199:main.c        **** 
 200:main.c        ****     // application loop
 201:main.c        ****     for(;;)
 202:main.c        ****     {
 203:main.c        ****         // change state of intersection every second from CLK interrupt
 204:main.c        ****         if ( fsClock )
 693              		.loc 2 204 0
 694 003a 324B     		ldr	r3, .L51+24
 695 003c 1B78     		ldrb	r3, [r3]	@ zero_extendqisi2
 696 003e 002B     		cmp	r3, #0
 697 0040 04D0     		beq	.L42
 205:main.c        ****         {
 206:main.c        ****             fsClock = 0;                        // reset clock interrupt for the next second
 698              		.loc 2 206 0
 699 0042 304B     		ldr	r3, .L51+24
 700 0044 0022     		movs	r2, #0
 701 0046 1A70     		strb	r2, [r3]
 207:main.c        ****             handleIntersection();
 702              		.loc 2 207 0
 703 0048 FFF7FEFF 		bl	handleIntersection
 704              	.L42:
 208:main.c        ****         }
 209:main.c        **** 
ARM GAS  C:\Users\seppi\AppData\Local\Temp\cc6ryzAd.s 			page 18


 210:main.c        ****         // char inputs apart from application loop
 211:main.c        ****         if ( cRx ) {
 705              		.loc 2 211 0
 706 004c 2E4B     		ldr	r3, .L51+28
 707 004e 1B78     		ldrb	r3, [r3]	@ zero_extendqisi2
 708 0050 002B     		cmp	r3, #0
 709 0052 F2D0     		beq	.L50
 710              	.LBB4:
 212:main.c        ****             char c = cRx;                       // copy char to variable
 711              		.loc 2 212 0
 712 0054 2C4B     		ldr	r3, .L51+28
 713 0056 1B78     		ldrb	r3, [r3]
 714 0058 FB71     		strb	r3, [r7, #7]
 213:main.c        ****             cRx = 0;                            // reset char interrupt flag to instantly continue 
 715              		.loc 2 213 0
 716 005a 2B4B     		ldr	r3, .L51+28
 717 005c 0022     		movs	r2, #0
 718 005e 1A70     		strb	r2, [r3]
 214:main.c        **** 
 215:main.c        ****             // +++ Menuesteuerung +++
 216:main.c        ****             switch ( c ) {
 719              		.loc 2 216 0
 720 0060 FB79     		ldrb	r3, [r7, #7]	@ zero_extendqisi2
 721 0062 482B     		cmp	r3, #72
 722 0064 0FD0     		beq	.L45
 723 0066 482B     		cmp	r3, #72
 724 0068 04DC     		bgt	.L46
 725 006a 2B2B     		cmp	r3, #43
 726 006c 0FD0     		beq	.L47
 727 006e 2D2B     		cmp	r3, #45
 728 0070 21D0     		beq	.L48
 729 0072 34E0     		b	.L44
 730              	.L46:
 731 0074 682B     		cmp	r3, #104
 732 0076 06D0     		beq	.L45
 733 0078 712B     		cmp	r3, #113
 734 007a 01D0     		beq	.L49
 735 007c 512B     		cmp	r3, #81
 736 007e 2ED1     		bne	.L44
 737              	.L49:
 217:main.c        ****                 // Software reset, startet Programm neu
 218:main.c        ****                 case 'q':
 219:main.c        ****                 case 'Q':
 220:main.c        ****                     CySoftwareReset();
 738              		.loc 2 220 0
 739 0080 FFF7FEFF 		bl	CySoftwareReset
 221:main.c        ****                     break;
 740              		.loc 2 221 0
 741 0084 30E0     		b	.L43
 742              	.L45:
 222:main.c        **** 
 223:main.c        ****                 case 'h':
 224:main.c        ****                 case 'H':
 225:main.c        ****                     UART_PutString( "\n\rHelp:\n\r\
 743              		.loc 2 225 0
 744 0086 2148     		ldr	r0, .L51+32
 745 0088 FFF7FEFF 		bl	UART_PutString
ARM GAS  C:\Users\seppi\AppData\Local\Temp\cc6ryzAd.s 			page 19


 226:main.c        ****                                     \th,H: help\n\r\
 227:main.c        ****                                     \tq,Q: software reset\n\r" );
 228:main.c        ****                     break;
 746              		.loc 2 228 0
 747 008c 2CE0     		b	.L43
 748              	.L47:
 229:main.c        **** 
 230:main.c        ****                 case '+':
 231:main.c        ****                     UART_PutString( "\n\rBrighter!\n");
 749              		.loc 2 231 0
 750 008e 2048     		ldr	r0, .L51+36
 751 0090 FFF7FEFF 		bl	UART_PutString
 232:main.c        ****                     PWM_WriteCompare1 ( PWM_ReadCompare1() - 50 );
 752              		.loc 2 232 0
 753 0094 FFF7FEFF 		bl	PWM_ReadCompare1
 754 0098 0346     		mov	r3, r0
 755 009a 323B     		subs	r3, r3, #50
 756 009c 9BB2     		uxth	r3, r3
 757 009e 1846     		mov	r0, r3
 758 00a0 FFF7FEFF 		bl	PWM_WriteCompare1
 233:main.c        ****                     PWM_WriteCompare2 ( PWM_ReadCompare2() - 50 );
 759              		.loc 2 233 0
 760 00a4 FFF7FEFF 		bl	PWM_ReadCompare2
 761 00a8 0346     		mov	r3, r0
 762 00aa 323B     		subs	r3, r3, #50
 763 00ac 9BB2     		uxth	r3, r3
 764 00ae 1846     		mov	r0, r3
 765 00b0 FFF7FEFF 		bl	PWM_WriteCompare2
 234:main.c        ****                     break;
 766              		.loc 2 234 0
 767 00b4 18E0     		b	.L43
 768              	.L48:
 235:main.c        **** 
 236:main.c        ****                 case '-':
 237:main.c        ****                     UART_PutString( "\n\rDarker!\n");
 769              		.loc 2 237 0
 770 00b6 1748     		ldr	r0, .L51+40
 771 00b8 FFF7FEFF 		bl	UART_PutString
 238:main.c        ****                     PWM_WriteCompare1 ( PWM_ReadCompare1() + 50 );
 772              		.loc 2 238 0
 773 00bc FFF7FEFF 		bl	PWM_ReadCompare1
 774 00c0 0346     		mov	r3, r0
 775 00c2 3233     		adds	r3, r3, #50
 776 00c4 9BB2     		uxth	r3, r3
 777 00c6 1846     		mov	r0, r3
 778 00c8 FFF7FEFF 		bl	PWM_WriteCompare1
 239:main.c        ****                     PWM_WriteCompare2 ( PWM_ReadCompare2() + 50 );
 779              		.loc 2 239 0
 780 00cc FFF7FEFF 		bl	PWM_ReadCompare2
 781 00d0 0346     		mov	r3, r0
 782 00d2 3233     		adds	r3, r3, #50
 783 00d4 9BB2     		uxth	r3, r3
 784 00d6 1846     		mov	r0, r3
 785 00d8 FFF7FEFF 		bl	PWM_WriteCompare2
 240:main.c        ****                     break;
 786              		.loc 2 240 0
 787 00dc 04E0     		b	.L43
ARM GAS  C:\Users\seppi\AppData\Local\Temp\cc6ryzAd.s 			page 20


 788              	.L44:
 241:main.c        **** 
 242:main.c        ****                 
 243:main.c        **** 
 244:main.c        ****                 default:
 245:main.c        ****                     UART_PutChar( c );
 789              		.loc 2 245 0
 790 00de FB79     		ldrb	r3, [r7, #7]	@ zero_extendqisi2
 791 00e0 1846     		mov	r0, r3
 792 00e2 FFF7FEFF 		bl	UART_PutChar
 246:main.c        ****                     break;
 793              		.loc 2 246 0
 794 00e6 00BF     		nop
 795              	.L43:
 796              	.LBE4:
 247:main.c        ****             }
 248:main.c        ****         }              
 249:main.c        ****     }
 797              		.loc 2 249 0
 798 00e8 A7E7     		b	.L50
 799              	.L52:
 800 00ea 00BF     		.align	2
 801              	.L51:
 802 00ec 00000000 		.word	MyIsrUartRX
 803 00f0 00000000 		.word	MyIsrCWEW
 804 00f4 00000000 		.word	IsrAppClk
 805 00f8 48000000 		.word	.LC3
 806 00fc 9C000000 		.word	.LC4
 807 0100 00000000 		.word	buffer
 808 0104 82000000 		.word	fsClock
 809 0108 80000000 		.word	cRx
 810 010c AC000000 		.word	.LC5
 811 0110 20010000 		.word	.LC6
 812 0114 30010000 		.word	.LC7
 813              		.cfi_endproc
 814              	.LFE70:
 815              		.size	main, .-main
 816              		.text
 817              	.Letext0:
 818              		.file 3 "c:\\program files (x86)\\cypress\\psoc creator\\4.4\\psoc creator\\import\\gnu\\arm\\5.4.
 819              		.file 4 "c:\\program files (x86)\\cypress\\psoc creator\\4.4\\psoc creator\\import\\gnu\\arm\\5.4.
 820              		.file 5 "Generated_Source\\PSoC5/core_cm3.h"
 821              		.section	.debug_info,"",%progbits
 822              	.Ldebug_info0:
 823 0000 78020000 		.4byte	0x278
 824 0004 0400     		.2byte	0x4
 825 0006 00000000 		.4byte	.Ldebug_abbrev0
 826 000a 04       		.byte	0x4
 827 000b 01       		.uleb128 0x1
 828 000c 0A000000 		.4byte	.LASF32
 829 0010 0C       		.byte	0xc
 830 0011 34020000 		.4byte	.LASF33
 831 0015 31010000 		.4byte	.LASF34
 832 0019 00000000 		.4byte	.Ldebug_ranges0+0
 833 001d 00000000 		.4byte	0
 834 0021 00000000 		.4byte	.Ldebug_line0
 835 0025 02       		.uleb128 0x2
ARM GAS  C:\Users\seppi\AppData\Local\Temp\cc6ryzAd.s 			page 21


 836 0026 01       		.byte	0x1
 837 0027 06       		.byte	0x6
 838 0028 C9000000 		.4byte	.LASF0
 839 002c 03       		.uleb128 0x3
 840 002d 00000000 		.4byte	.LASF4
 841 0031 03       		.byte	0x3
 842 0032 1D       		.byte	0x1d
 843 0033 37000000 		.4byte	0x37
 844 0037 02       		.uleb128 0x2
 845 0038 01       		.byte	0x1
 846 0039 08       		.byte	0x8
 847 003a D2010000 		.4byte	.LASF1
 848 003e 02       		.uleb128 0x2
 849 003f 02       		.byte	0x2
 850 0040 05       		.byte	0x5
 851 0041 40020000 		.4byte	.LASF2
 852 0045 02       		.uleb128 0x2
 853 0046 02       		.byte	0x2
 854 0047 07       		.byte	0x7
 855 0048 F6000000 		.4byte	.LASF3
 856 004c 03       		.uleb128 0x3
 857 004d 9E000000 		.4byte	.LASF5
 858 0051 03       		.byte	0x3
 859 0052 3F       		.byte	0x3f
 860 0053 57000000 		.4byte	0x57
 861 0057 02       		.uleb128 0x2
 862 0058 04       		.byte	0x4
 863 0059 05       		.byte	0x5
 864 005a 5A020000 		.4byte	.LASF6
 865 005e 03       		.uleb128 0x3
 866 005f C2010000 		.4byte	.LASF7
 867 0063 03       		.byte	0x3
 868 0064 41       		.byte	0x41
 869 0065 69000000 		.4byte	0x69
 870 0069 02       		.uleb128 0x2
 871 006a 04       		.byte	0x4
 872 006b 07       		.byte	0x7
 873 006c 9F010000 		.4byte	.LASF8
 874 0070 02       		.uleb128 0x2
 875 0071 08       		.byte	0x8
 876 0072 05       		.byte	0x5
 877 0073 26020000 		.4byte	.LASF9
 878 0077 02       		.uleb128 0x2
 879 0078 08       		.byte	0x8
 880 0079 07       		.byte	0x7
 881 007a ED010000 		.4byte	.LASF10
 882 007e 04       		.uleb128 0x4
 883 007f 04       		.byte	0x4
 884 0080 05       		.byte	0x5
 885 0081 696E7400 		.ascii	"int\000"
 886 0085 02       		.uleb128 0x2
 887 0086 04       		.byte	0x4
 888 0087 07       		.byte	0x7
 889 0088 E0010000 		.4byte	.LASF11
 890 008c 03       		.uleb128 0x3
 891 008d 04020000 		.4byte	.LASF12
 892 0091 04       		.byte	0x4
ARM GAS  C:\Users\seppi\AppData\Local\Temp\cc6ryzAd.s 			page 22


 893 0092 18       		.byte	0x18
 894 0093 2C000000 		.4byte	0x2c
 895 0097 03       		.uleb128 0x3
 896 0098 AF000000 		.4byte	.LASF13
 897 009c 04       		.byte	0x4
 898 009d 2C       		.byte	0x2c
 899 009e 4C000000 		.4byte	0x4c
 900 00a2 03       		.uleb128 0x3
 901 00a3 51020000 		.4byte	.LASF14
 902 00a7 04       		.byte	0x4
 903 00a8 30       		.byte	0x30
 904 00a9 5E000000 		.4byte	0x5e
 905 00ad 02       		.uleb128 0x2
 906 00ae 04       		.byte	0x4
 907 00af 04       		.byte	0x4
 908 00b0 B7000000 		.4byte	.LASF15
 909 00b4 02       		.uleb128 0x2
 910 00b5 08       		.byte	0x8
 911 00b6 04       		.byte	0x4
 912 00b7 A8000000 		.4byte	.LASF16
 913 00bb 02       		.uleb128 0x2
 914 00bc 01       		.byte	0x1
 915 00bd 08       		.byte	0x8
 916 00be 3B020000 		.4byte	.LASF17
 917 00c2 02       		.uleb128 0x2
 918 00c3 08       		.byte	0x8
 919 00c4 04       		.byte	0x4
 920 00c5 63020000 		.4byte	.LASF18
 921 00c9 02       		.uleb128 0x2
 922 00ca 04       		.byte	0x4
 923 00cb 07       		.byte	0x7
 924 00cc 1D020000 		.4byte	.LASF19
 925 00d0 05       		.uleb128 0x5
 926 00d1 B1010000 		.4byte	.LASF24
 927 00d5 01       		.byte	0x1
 928 00d6 05       		.byte	0x5
 929 00d7 8C000000 		.4byte	0x8c
 930 00db 00000000 		.4byte	.LFB64
 931 00df 1E000000 		.4byte	.LFE64-.LFB64
 932 00e3 01       		.uleb128 0x1
 933 00e4 9C       		.byte	0x9c
 934 00e5 F6000000 		.4byte	0xf6
 935 00e9 06       		.uleb128 0x6
 936 00ea 6900     		.ascii	"i\000"
 937 00ec 01       		.byte	0x1
 938 00ed 05       		.byte	0x5
 939 00ee 7E000000 		.4byte	0x7e
 940 00f2 02       		.uleb128 0x2
 941 00f3 91       		.byte	0x91
 942 00f4 74       		.sleb128 -12
 943 00f5 00       		.byte	0
 944 00f6 07       		.uleb128 0x7
 945 00f7 BD000000 		.4byte	.LASF20
 946 00fb 02       		.byte	0x2
 947 00fc 1E       		.byte	0x1e
 948 00fd 00000000 		.4byte	.LFB65
 949 0101 18000000 		.4byte	.LFE65-.LFB65
ARM GAS  C:\Users\seppi\AppData\Local\Temp\cc6ryzAd.s 			page 23


 950 0105 01       		.uleb128 0x1
 951 0106 9C       		.byte	0x9c
 952 0107 07       		.uleb128 0x7
 953 0108 6F020000 		.4byte	.LASF21
 954 010c 02       		.byte	0x2
 955 010d 29       		.byte	0x29
 956 010e 00000000 		.4byte	.LFB66
 957 0112 20000000 		.4byte	.LFE66-.LFB66
 958 0116 01       		.uleb128 0x1
 959 0117 9C       		.byte	0x9c
 960 0118 08       		.uleb128 0x8
 961 0119 0C020000 		.4byte	.LASF22
 962 011d 02       		.byte	0x2
 963 011e 37       		.byte	0x37
 964 011f 00000000 		.4byte	.LFB67
 965 0123 44000000 		.4byte	.LFE67-.LFB67
 966 0127 01       		.uleb128 0x1
 967 0128 9C       		.byte	0x9c
 968 0129 09       		.uleb128 0x9
 969 012a DA000000 		.4byte	.LASF35
 970 012e 02       		.byte	0x2
 971 012f 54       		.byte	0x54
 972 0130 00000000 		.4byte	.LFB68
 973 0134 E8000000 		.4byte	.LFE68-.LFB68
 974 0138 01       		.uleb128 0x1
 975 0139 9C       		.byte	0x9c
 976 013a 4D010000 		.4byte	0x14d
 977 013e 06       		.uleb128 0x6
 978 013f 61727200 		.ascii	"arr\000"
 979 0143 02       		.byte	0x2
 980 0144 54       		.byte	0x54
 981 0145 4D010000 		.4byte	0x14d
 982 0149 02       		.uleb128 0x2
 983 014a 91       		.byte	0x91
 984 014b 74       		.sleb128 -12
 985 014c 00       		.byte	0
 986 014d 0A       		.uleb128 0xa
 987 014e 04       		.byte	0x4
 988 014f 7E000000 		.4byte	0x7e
 989 0153 0B       		.uleb128 0xb
 990 0154 1E010000 		.4byte	.LASF36
 991 0158 02       		.byte	0x2
 992 0159 6A       		.byte	0x6a
 993 015a 00000000 		.4byte	.LFB69
 994 015e 38010000 		.4byte	.LFE69-.LFB69
 995 0162 01       		.uleb128 0x1
 996 0163 9C       		.byte	0x9c
 997 0164 9D010000 		.4byte	0x19d
 998 0168 0C       		.uleb128 0xc
 999 0169 6A000000 		.4byte	.LBB2
 1000 016d 14000000 		.4byte	.LBE2-.LBB2
 1001 0171 84010000 		.4byte	0x184
 1002 0175 0D       		.uleb128 0xd
 1003 0176 D5000000 		.4byte	.LASF23
 1004 017a 02       		.byte	0x2
 1005 017b 80       		.byte	0x80
 1006 017c 7E000000 		.4byte	0x7e
ARM GAS  C:\Users\seppi\AppData\Local\Temp\cc6ryzAd.s 			page 24


 1007 0180 02       		.uleb128 0x2
 1008 0181 91       		.byte	0x91
 1009 0182 74       		.sleb128 -12
 1010 0183 00       		.byte	0
 1011 0184 0E       		.uleb128 0xe
 1012 0185 B0000000 		.4byte	.LBB3
 1013 0189 14000000 		.4byte	.LBE3-.LBB3
 1014 018d 0D       		.uleb128 0xd
 1015 018e D5000000 		.4byte	.LASF23
 1016 0192 02       		.byte	0x2
 1017 0193 94       		.byte	0x94
 1018 0194 7E000000 		.4byte	0x7e
 1019 0198 02       		.uleb128 0x2
 1020 0199 91       		.byte	0x91
 1021 019a 70       		.sleb128 -16
 1022 019b 00       		.byte	0
 1023 019c 00       		.byte	0
 1024 019d 0F       		.uleb128 0xf
 1025 019e CD010000 		.4byte	.LASF25
 1026 01a2 02       		.byte	0x2
 1027 01a3 AD       		.byte	0xad
 1028 01a4 7E000000 		.4byte	0x7e
 1029 01a8 00000000 		.4byte	.LFB70
 1030 01ac 18010000 		.4byte	.LFE70-.LFB70
 1031 01b0 01       		.uleb128 0x1
 1032 01b1 9C       		.byte	0x9c
 1033 01b2 CD010000 		.4byte	0x1cd
 1034 01b6 0E       		.uleb128 0xe
 1035 01b7 54000000 		.4byte	.LBB4
 1036 01bb 94000000 		.4byte	.LBE4-.LBB4
 1037 01bf 10       		.uleb128 0x10
 1038 01c0 6300     		.ascii	"c\000"
 1039 01c2 02       		.byte	0x2
 1040 01c3 D4       		.byte	0xd4
 1041 01c4 BB000000 		.4byte	0xbb
 1042 01c8 02       		.uleb128 0x2
 1043 01c9 91       		.byte	0x91
 1044 01ca 77       		.sleb128 -9
 1045 01cb 00       		.byte	0
 1046 01cc 00       		.byte	0
 1047 01cd 11       		.uleb128 0x11
 1048 01ce BB000000 		.4byte	0xbb
 1049 01d2 DD010000 		.4byte	0x1dd
 1050 01d6 12       		.uleb128 0x12
 1051 01d7 C9000000 		.4byte	0xc9
 1052 01db 7F       		.byte	0x7f
 1053 01dc 00       		.byte	0
 1054 01dd 0D       		.uleb128 0xd
 1055 01de 4A020000 		.4byte	.LASF26
 1056 01e2 02       		.byte	0x2
 1057 01e3 13       		.byte	0x13
 1058 01e4 CD010000 		.4byte	0x1cd
 1059 01e8 05       		.uleb128 0x5
 1060 01e9 03       		.byte	0x3
 1061 01ea 00000000 		.4byte	buffer
 1062 01ee 10       		.uleb128 0x10
 1063 01ef 63527800 		.ascii	"cRx\000"
ARM GAS  C:\Users\seppi\AppData\Local\Temp\cc6ryzAd.s 			page 25


 1064 01f3 02       		.byte	0x2
 1065 01f4 1D       		.byte	0x1d
 1066 01f5 BB000000 		.4byte	0xbb
 1067 01f9 05       		.uleb128 0x5
 1068 01fa 03       		.byte	0x3
 1069 01fb 80000000 		.4byte	cRx
 1070 01ff 0D       		.uleb128 0xd
 1071 0200 B8010000 		.4byte	.LASF27
 1072 0204 02       		.byte	0x2
 1073 0205 28       		.byte	0x28
 1074 0206 8C000000 		.4byte	0x8c
 1075 020a 05       		.uleb128 0x5
 1076 020b 03       		.byte	0x3
 1077 020c 81000000 		.4byte	fCWEW_Isr
 1078 0210 0D       		.uleb128 0xd
 1079 0211 09010000 		.4byte	.LASF28
 1080 0215 02       		.byte	0x2
 1081 0216 35       		.byte	0x35
 1082 0217 8C000000 		.4byte	0x8c
 1083 021b 05       		.uleb128 0x5
 1084 021c 03       		.byte	0x3
 1085 021d 82000000 		.4byte	fsClock
 1086 0221 0D       		.uleb128 0xd
 1087 0222 ED000000 		.4byte	.LASF29
 1088 0226 02       		.byte	0x2
 1089 0227 36       		.byte	0x36
 1090 0228 A2000000 		.4byte	0xa2
 1091 022c 05       		.uleb128 0x5
 1092 022d 03       		.byte	0x3
 1093 022e 84000000 		.4byte	count_ms
 1094 0232 0D       		.uleb128 0xd
 1095 0233 98000000 		.4byte	.LASF30
 1096 0237 02       		.byte	0x2
 1097 0238 44       		.byte	0x44
 1098 0239 7E000000 		.4byte	0x7e
 1099 023d 05       		.uleb128 0x5
 1100 023e 03       		.byte	0x3
 1101 023f 88000000 		.4byte	state
 1102 0243 11       		.uleb128 0x11
 1103 0244 7E000000 		.4byte	0x7e
 1104 0248 59020000 		.4byte	0x259
 1105 024c 12       		.uleb128 0x12
 1106 024d C9000000 		.4byte	0xc9
 1107 0251 06       		.byte	0x6
 1108 0252 12       		.uleb128 0x12
 1109 0253 C9000000 		.4byte	0xc9
 1110 0257 07       		.byte	0x7
 1111 0258 00       		.byte	0
 1112 0259 0D       		.uleb128 0xd
 1113 025a 16020000 		.4byte	.LASF31
 1114 025e 02       		.byte	0x2
 1115 025f 47       		.byte	0x47
 1116 0260 43020000 		.4byte	0x243
 1117 0264 05       		.uleb128 0x5
 1118 0265 03       		.byte	0x3
 1119 0266 00000000 		.4byte	States
 1120 026a 13       		.uleb128 0x13
ARM GAS  C:\Users\seppi\AppData\Local\Temp\cc6ryzAd.s 			page 26


 1121 026b 11010000 		.4byte	.LASF37
 1122 026f 05       		.byte	0x5
 1123 0270 1207     		.2byte	0x712
 1124 0272 76020000 		.4byte	0x276
 1125 0276 14       		.uleb128 0x14
 1126 0277 97000000 		.4byte	0x97
 1127 027b 00       		.byte	0
 1128              		.section	.debug_abbrev,"",%progbits
 1129              	.Ldebug_abbrev0:
 1130 0000 01       		.uleb128 0x1
 1131 0001 11       		.uleb128 0x11
 1132 0002 01       		.byte	0x1
 1133 0003 25       		.uleb128 0x25
 1134 0004 0E       		.uleb128 0xe
 1135 0005 13       		.uleb128 0x13
 1136 0006 0B       		.uleb128 0xb
 1137 0007 03       		.uleb128 0x3
 1138 0008 0E       		.uleb128 0xe
 1139 0009 1B       		.uleb128 0x1b
 1140 000a 0E       		.uleb128 0xe
 1141 000b 55       		.uleb128 0x55
 1142 000c 17       		.uleb128 0x17
 1143 000d 11       		.uleb128 0x11
 1144 000e 01       		.uleb128 0x1
 1145 000f 10       		.uleb128 0x10
 1146 0010 17       		.uleb128 0x17
 1147 0011 00       		.byte	0
 1148 0012 00       		.byte	0
 1149 0013 02       		.uleb128 0x2
 1150 0014 24       		.uleb128 0x24
 1151 0015 00       		.byte	0
 1152 0016 0B       		.uleb128 0xb
 1153 0017 0B       		.uleb128 0xb
 1154 0018 3E       		.uleb128 0x3e
 1155 0019 0B       		.uleb128 0xb
 1156 001a 03       		.uleb128 0x3
 1157 001b 0E       		.uleb128 0xe
 1158 001c 00       		.byte	0
 1159 001d 00       		.byte	0
 1160 001e 03       		.uleb128 0x3
 1161 001f 16       		.uleb128 0x16
 1162 0020 00       		.byte	0
 1163 0021 03       		.uleb128 0x3
 1164 0022 0E       		.uleb128 0xe
 1165 0023 3A       		.uleb128 0x3a
 1166 0024 0B       		.uleb128 0xb
 1167 0025 3B       		.uleb128 0x3b
 1168 0026 0B       		.uleb128 0xb
 1169 0027 49       		.uleb128 0x49
 1170 0028 13       		.uleb128 0x13
 1171 0029 00       		.byte	0
 1172 002a 00       		.byte	0
 1173 002b 04       		.uleb128 0x4
 1174 002c 24       		.uleb128 0x24
 1175 002d 00       		.byte	0
 1176 002e 0B       		.uleb128 0xb
 1177 002f 0B       		.uleb128 0xb
ARM GAS  C:\Users\seppi\AppData\Local\Temp\cc6ryzAd.s 			page 27


 1178 0030 3E       		.uleb128 0x3e
 1179 0031 0B       		.uleb128 0xb
 1180 0032 03       		.uleb128 0x3
 1181 0033 08       		.uleb128 0x8
 1182 0034 00       		.byte	0
 1183 0035 00       		.byte	0
 1184 0036 05       		.uleb128 0x5
 1185 0037 2E       		.uleb128 0x2e
 1186 0038 01       		.byte	0x1
 1187 0039 3F       		.uleb128 0x3f
 1188 003a 19       		.uleb128 0x19
 1189 003b 03       		.uleb128 0x3
 1190 003c 0E       		.uleb128 0xe
 1191 003d 3A       		.uleb128 0x3a
 1192 003e 0B       		.uleb128 0xb
 1193 003f 3B       		.uleb128 0x3b
 1194 0040 0B       		.uleb128 0xb
 1195 0041 27       		.uleb128 0x27
 1196 0042 19       		.uleb128 0x19
 1197 0043 49       		.uleb128 0x49
 1198 0044 13       		.uleb128 0x13
 1199 0045 11       		.uleb128 0x11
 1200 0046 01       		.uleb128 0x1
 1201 0047 12       		.uleb128 0x12
 1202 0048 06       		.uleb128 0x6
 1203 0049 40       		.uleb128 0x40
 1204 004a 18       		.uleb128 0x18
 1205 004b 9742     		.uleb128 0x2117
 1206 004d 19       		.uleb128 0x19
 1207 004e 01       		.uleb128 0x1
 1208 004f 13       		.uleb128 0x13
 1209 0050 00       		.byte	0
 1210 0051 00       		.byte	0
 1211 0052 06       		.uleb128 0x6
 1212 0053 05       		.uleb128 0x5
 1213 0054 00       		.byte	0
 1214 0055 03       		.uleb128 0x3
 1215 0056 08       		.uleb128 0x8
 1216 0057 3A       		.uleb128 0x3a
 1217 0058 0B       		.uleb128 0xb
 1218 0059 3B       		.uleb128 0x3b
 1219 005a 0B       		.uleb128 0xb
 1220 005b 49       		.uleb128 0x49
 1221 005c 13       		.uleb128 0x13
 1222 005d 02       		.uleb128 0x2
 1223 005e 18       		.uleb128 0x18
 1224 005f 00       		.byte	0
 1225 0060 00       		.byte	0
 1226 0061 07       		.uleb128 0x7
 1227 0062 2E       		.uleb128 0x2e
 1228 0063 00       		.byte	0
 1229 0064 3F       		.uleb128 0x3f
 1230 0065 19       		.uleb128 0x19
 1231 0066 03       		.uleb128 0x3
 1232 0067 0E       		.uleb128 0xe
 1233 0068 3A       		.uleb128 0x3a
 1234 0069 0B       		.uleb128 0xb
ARM GAS  C:\Users\seppi\AppData\Local\Temp\cc6ryzAd.s 			page 28


 1235 006a 3B       		.uleb128 0x3b
 1236 006b 0B       		.uleb128 0xb
 1237 006c 27       		.uleb128 0x27
 1238 006d 19       		.uleb128 0x19
 1239 006e 11       		.uleb128 0x11
 1240 006f 01       		.uleb128 0x1
 1241 0070 12       		.uleb128 0x12
 1242 0071 06       		.uleb128 0x6
 1243 0072 40       		.uleb128 0x40
 1244 0073 18       		.uleb128 0x18
 1245 0074 9642     		.uleb128 0x2116
 1246 0076 19       		.uleb128 0x19
 1247 0077 00       		.byte	0
 1248 0078 00       		.byte	0
 1249 0079 08       		.uleb128 0x8
 1250 007a 2E       		.uleb128 0x2e
 1251 007b 00       		.byte	0
 1252 007c 3F       		.uleb128 0x3f
 1253 007d 19       		.uleb128 0x19
 1254 007e 03       		.uleb128 0x3
 1255 007f 0E       		.uleb128 0xe
 1256 0080 3A       		.uleb128 0x3a
 1257 0081 0B       		.uleb128 0xb
 1258 0082 3B       		.uleb128 0x3b
 1259 0083 0B       		.uleb128 0xb
 1260 0084 27       		.uleb128 0x27
 1261 0085 19       		.uleb128 0x19
 1262 0086 11       		.uleb128 0x11
 1263 0087 01       		.uleb128 0x1
 1264 0088 12       		.uleb128 0x12
 1265 0089 06       		.uleb128 0x6
 1266 008a 40       		.uleb128 0x40
 1267 008b 18       		.uleb128 0x18
 1268 008c 9742     		.uleb128 0x2117
 1269 008e 19       		.uleb128 0x19
 1270 008f 00       		.byte	0
 1271 0090 00       		.byte	0
 1272 0091 09       		.uleb128 0x9
 1273 0092 2E       		.uleb128 0x2e
 1274 0093 01       		.byte	0x1
 1275 0094 3F       		.uleb128 0x3f
 1276 0095 19       		.uleb128 0x19
 1277 0096 03       		.uleb128 0x3
 1278 0097 0E       		.uleb128 0xe
 1279 0098 3A       		.uleb128 0x3a
 1280 0099 0B       		.uleb128 0xb
 1281 009a 3B       		.uleb128 0x3b
 1282 009b 0B       		.uleb128 0xb
 1283 009c 27       		.uleb128 0x27
 1284 009d 19       		.uleb128 0x19
 1285 009e 11       		.uleb128 0x11
 1286 009f 01       		.uleb128 0x1
 1287 00a0 12       		.uleb128 0x12
 1288 00a1 06       		.uleb128 0x6
 1289 00a2 40       		.uleb128 0x40
 1290 00a3 18       		.uleb128 0x18
 1291 00a4 9642     		.uleb128 0x2116
ARM GAS  C:\Users\seppi\AppData\Local\Temp\cc6ryzAd.s 			page 29


 1292 00a6 19       		.uleb128 0x19
 1293 00a7 01       		.uleb128 0x1
 1294 00a8 13       		.uleb128 0x13
 1295 00a9 00       		.byte	0
 1296 00aa 00       		.byte	0
 1297 00ab 0A       		.uleb128 0xa
 1298 00ac 0F       		.uleb128 0xf
 1299 00ad 00       		.byte	0
 1300 00ae 0B       		.uleb128 0xb
 1301 00af 0B       		.uleb128 0xb
 1302 00b0 49       		.uleb128 0x49
 1303 00b1 13       		.uleb128 0x13
 1304 00b2 00       		.byte	0
 1305 00b3 00       		.byte	0
 1306 00b4 0B       		.uleb128 0xb
 1307 00b5 2E       		.uleb128 0x2e
 1308 00b6 01       		.byte	0x1
 1309 00b7 3F       		.uleb128 0x3f
 1310 00b8 19       		.uleb128 0x19
 1311 00b9 03       		.uleb128 0x3
 1312 00ba 0E       		.uleb128 0xe
 1313 00bb 3A       		.uleb128 0x3a
 1314 00bc 0B       		.uleb128 0xb
 1315 00bd 3B       		.uleb128 0x3b
 1316 00be 0B       		.uleb128 0xb
 1317 00bf 11       		.uleb128 0x11
 1318 00c0 01       		.uleb128 0x1
 1319 00c1 12       		.uleb128 0x12
 1320 00c2 06       		.uleb128 0x6
 1321 00c3 40       		.uleb128 0x40
 1322 00c4 18       		.uleb128 0x18
 1323 00c5 9642     		.uleb128 0x2116
 1324 00c7 19       		.uleb128 0x19
 1325 00c8 01       		.uleb128 0x1
 1326 00c9 13       		.uleb128 0x13
 1327 00ca 00       		.byte	0
 1328 00cb 00       		.byte	0
 1329 00cc 0C       		.uleb128 0xc
 1330 00cd 0B       		.uleb128 0xb
 1331 00ce 01       		.byte	0x1
 1332 00cf 11       		.uleb128 0x11
 1333 00d0 01       		.uleb128 0x1
 1334 00d1 12       		.uleb128 0x12
 1335 00d2 06       		.uleb128 0x6
 1336 00d3 01       		.uleb128 0x1
 1337 00d4 13       		.uleb128 0x13
 1338 00d5 00       		.byte	0
 1339 00d6 00       		.byte	0
 1340 00d7 0D       		.uleb128 0xd
 1341 00d8 34       		.uleb128 0x34
 1342 00d9 00       		.byte	0
 1343 00da 03       		.uleb128 0x3
 1344 00db 0E       		.uleb128 0xe
 1345 00dc 3A       		.uleb128 0x3a
 1346 00dd 0B       		.uleb128 0xb
 1347 00de 3B       		.uleb128 0x3b
 1348 00df 0B       		.uleb128 0xb
ARM GAS  C:\Users\seppi\AppData\Local\Temp\cc6ryzAd.s 			page 30


 1349 00e0 49       		.uleb128 0x49
 1350 00e1 13       		.uleb128 0x13
 1351 00e2 02       		.uleb128 0x2
 1352 00e3 18       		.uleb128 0x18
 1353 00e4 00       		.byte	0
 1354 00e5 00       		.byte	0
 1355 00e6 0E       		.uleb128 0xe
 1356 00e7 0B       		.uleb128 0xb
 1357 00e8 01       		.byte	0x1
 1358 00e9 11       		.uleb128 0x11
 1359 00ea 01       		.uleb128 0x1
 1360 00eb 12       		.uleb128 0x12
 1361 00ec 06       		.uleb128 0x6
 1362 00ed 00       		.byte	0
 1363 00ee 00       		.byte	0
 1364 00ef 0F       		.uleb128 0xf
 1365 00f0 2E       		.uleb128 0x2e
 1366 00f1 01       		.byte	0x1
 1367 00f2 3F       		.uleb128 0x3f
 1368 00f3 19       		.uleb128 0x19
 1369 00f4 03       		.uleb128 0x3
 1370 00f5 0E       		.uleb128 0xe
 1371 00f6 3A       		.uleb128 0x3a
 1372 00f7 0B       		.uleb128 0xb
 1373 00f8 3B       		.uleb128 0x3b
 1374 00f9 0B       		.uleb128 0xb
 1375 00fa 27       		.uleb128 0x27
 1376 00fb 19       		.uleb128 0x19
 1377 00fc 49       		.uleb128 0x49
 1378 00fd 13       		.uleb128 0x13
 1379 00fe 11       		.uleb128 0x11
 1380 00ff 01       		.uleb128 0x1
 1381 0100 12       		.uleb128 0x12
 1382 0101 06       		.uleb128 0x6
 1383 0102 40       		.uleb128 0x40
 1384 0103 18       		.uleb128 0x18
 1385 0104 9642     		.uleb128 0x2116
 1386 0106 19       		.uleb128 0x19
 1387 0107 01       		.uleb128 0x1
 1388 0108 13       		.uleb128 0x13
 1389 0109 00       		.byte	0
 1390 010a 00       		.byte	0
 1391 010b 10       		.uleb128 0x10
 1392 010c 34       		.uleb128 0x34
 1393 010d 00       		.byte	0
 1394 010e 03       		.uleb128 0x3
 1395 010f 08       		.uleb128 0x8
 1396 0110 3A       		.uleb128 0x3a
 1397 0111 0B       		.uleb128 0xb
 1398 0112 3B       		.uleb128 0x3b
 1399 0113 0B       		.uleb128 0xb
 1400 0114 49       		.uleb128 0x49
 1401 0115 13       		.uleb128 0x13
 1402 0116 02       		.uleb128 0x2
 1403 0117 18       		.uleb128 0x18
 1404 0118 00       		.byte	0
 1405 0119 00       		.byte	0
ARM GAS  C:\Users\seppi\AppData\Local\Temp\cc6ryzAd.s 			page 31


 1406 011a 11       		.uleb128 0x11
 1407 011b 01       		.uleb128 0x1
 1408 011c 01       		.byte	0x1
 1409 011d 49       		.uleb128 0x49
 1410 011e 13       		.uleb128 0x13
 1411 011f 01       		.uleb128 0x1
 1412 0120 13       		.uleb128 0x13
 1413 0121 00       		.byte	0
 1414 0122 00       		.byte	0
 1415 0123 12       		.uleb128 0x12
 1416 0124 21       		.uleb128 0x21
 1417 0125 00       		.byte	0
 1418 0126 49       		.uleb128 0x49
 1419 0127 13       		.uleb128 0x13
 1420 0128 2F       		.uleb128 0x2f
 1421 0129 0B       		.uleb128 0xb
 1422 012a 00       		.byte	0
 1423 012b 00       		.byte	0
 1424 012c 13       		.uleb128 0x13
 1425 012d 34       		.uleb128 0x34
 1426 012e 00       		.byte	0
 1427 012f 03       		.uleb128 0x3
 1428 0130 0E       		.uleb128 0xe
 1429 0131 3A       		.uleb128 0x3a
 1430 0132 0B       		.uleb128 0xb
 1431 0133 3B       		.uleb128 0x3b
 1432 0134 05       		.uleb128 0x5
 1433 0135 49       		.uleb128 0x49
 1434 0136 13       		.uleb128 0x13
 1435 0137 3F       		.uleb128 0x3f
 1436 0138 19       		.uleb128 0x19
 1437 0139 3C       		.uleb128 0x3c
 1438 013a 19       		.uleb128 0x19
 1439 013b 00       		.byte	0
 1440 013c 00       		.byte	0
 1441 013d 14       		.uleb128 0x14
 1442 013e 35       		.uleb128 0x35
 1443 013f 00       		.byte	0
 1444 0140 49       		.uleb128 0x49
 1445 0141 13       		.uleb128 0x13
 1446 0142 00       		.byte	0
 1447 0143 00       		.byte	0
 1448 0144 00       		.byte	0
 1449              		.section	.debug_aranges,"",%progbits
 1450 0000 4C000000 		.4byte	0x4c
 1451 0004 0200     		.2byte	0x2
 1452 0006 00000000 		.4byte	.Ldebug_info0
 1453 000a 04       		.byte	0x4
 1454 000b 00       		.byte	0
 1455 000c 0000     		.2byte	0
 1456 000e 0000     		.2byte	0
 1457 0010 00000000 		.4byte	.LFB64
 1458 0014 1E000000 		.4byte	.LFE64-.LFB64
 1459 0018 00000000 		.4byte	.LFB65
 1460 001c 18000000 		.4byte	.LFE65-.LFB65
 1461 0020 00000000 		.4byte	.LFB66
 1462 0024 20000000 		.4byte	.LFE66-.LFB66
ARM GAS  C:\Users\seppi\AppData\Local\Temp\cc6ryzAd.s 			page 32


 1463 0028 00000000 		.4byte	.LFB67
 1464 002c 44000000 		.4byte	.LFE67-.LFB67
 1465 0030 00000000 		.4byte	.LFB68
 1466 0034 E8000000 		.4byte	.LFE68-.LFB68
 1467 0038 00000000 		.4byte	.LFB69
 1468 003c 38010000 		.4byte	.LFE69-.LFB69
 1469 0040 00000000 		.4byte	.LFB70
 1470 0044 18010000 		.4byte	.LFE70-.LFB70
 1471 0048 00000000 		.4byte	0
 1472 004c 00000000 		.4byte	0
 1473              		.section	.debug_ranges,"",%progbits
 1474              	.Ldebug_ranges0:
 1475 0000 00000000 		.4byte	.LFB64
 1476 0004 1E000000 		.4byte	.LFE64
 1477 0008 00000000 		.4byte	.LFB65
 1478 000c 18000000 		.4byte	.LFE65
 1479 0010 00000000 		.4byte	.LFB66
 1480 0014 20000000 		.4byte	.LFE66
 1481 0018 00000000 		.4byte	.LFB67
 1482 001c 44000000 		.4byte	.LFE67
 1483 0020 00000000 		.4byte	.LFB68
 1484 0024 E8000000 		.4byte	.LFE68
 1485 0028 00000000 		.4byte	.LFB69
 1486 002c 38010000 		.4byte	.LFE69
 1487 0030 00000000 		.4byte	.LFB70
 1488 0034 18010000 		.4byte	.LFE70
 1489 0038 00000000 		.4byte	0
 1490 003c 00000000 		.4byte	0
 1491              		.section	.debug_line,"",%progbits
 1492              	.Ldebug_line0:
 1493 0000 3D020000 		.section	.debug_str,"MS",%progbits,1
 1493      02004801 
 1493      00000201 
 1493      FB0E0D00 
 1493      01010101 
 1494              	.LASF4:
 1495 0000 5F5F7569 		.ascii	"__uint8_t\000"
 1495      6E74385F 
 1495      7400
 1496              	.LASF32:
 1497 000a 474E5520 		.ascii	"GNU C11 5.4.1 20160609 (release) [ARM/embedded-5-br"
 1497      43313120 
 1497      352E342E 
 1497      31203230 
 1497      31363036 
 1498 003d 616E6368 		.ascii	"anch revision 237715] -mcpu=cortex-m3 -mthumb -g -O"
 1498      20726576 
 1498      6973696F 
 1498      6E203233 
 1498      37373135 
 1499 0070 30202D66 		.ascii	"0 -ffunction-sections -ffat-lto-objects\000"
 1499      66756E63 
 1499      74696F6E 
 1499      2D736563 
 1499      74696F6E 
 1500              	.LASF30:
 1501 0098 73746174 		.ascii	"state\000"
ARM GAS  C:\Users\seppi\AppData\Local\Temp\cc6ryzAd.s 			page 33


 1501      6500
 1502              	.LASF5:
 1503 009e 5F5F696E 		.ascii	"__int32_t\000"
 1503      7433325F 
 1503      7400
 1504              	.LASF16:
 1505 00a8 646F7562 		.ascii	"double\000"
 1505      6C6500
 1506              	.LASF13:
 1507 00af 696E7433 		.ascii	"int32_t\000"
 1507      325F7400 
 1508              	.LASF15:
 1509 00b7 666C6F61 		.ascii	"float\000"
 1509      7400
 1510              	.LASF20:
 1511 00bd 4D794973 		.ascii	"MyIsrUartRX\000"
 1511      72556172 
 1511      74525800 
 1512              	.LASF0:
 1513 00c9 7369676E 		.ascii	"signed char\000"
 1513      65642063 
 1513      68617200 
 1514              	.LASF23:
 1515 00d5 6C6F6F70 		.ascii	"loop\000"
 1515      00
 1516              	.LASF35:
 1517 00da 7365744C 		.ascii	"setLightsFromArray\000"
 1517      69676874 
 1517      7346726F 
 1517      6D417272 
 1517      617900
 1518              	.LASF29:
 1519 00ed 636F756E 		.ascii	"count_ms\000"
 1519      745F6D73 
 1519      00
 1520              	.LASF3:
 1521 00f6 73686F72 		.ascii	"short unsigned int\000"
 1521      7420756E 
 1521      7369676E 
 1521      65642069 
 1521      6E7400
 1522              	.LASF28:
 1523 0109 6673436C 		.ascii	"fsClock\000"
 1523      6F636B00 
 1524              	.LASF37:
 1525 0111 49544D5F 		.ascii	"ITM_RxBuffer\000"
 1525      52784275 
 1525      66666572 
 1525      00
 1526              	.LASF36:
 1527 011e 68616E64 		.ascii	"handleIntersection\000"
 1527      6C65496E 
 1527      74657273 
 1527      65637469 
 1527      6F6E00
 1528              	.LASF34:
 1529 0131 443A5C44 		.ascii	"D:\\Dokumente\\Programming\\Uni\\Semester-3\\MPS\\m"
ARM GAS  C:\Users\seppi\AppData\Local\Temp\cc6ryzAd.s 			page 34


 1529      6F6B756D 
 1529      656E7465 
 1529      5C50726F 
 1529      6772616D 
 1530 015e 6936795F 		.ascii	"i6y_ws2122_zill-sebastian-769544\\Praktikum_4\\MPS2"
 1530      77733231 
 1530      32325F7A 
 1530      696C6C2D 
 1530      73656261 
 1531 018f 315F5072 		.ascii	"1_Prakt_4.cydsn\000"
 1531      616B745F 
 1531      342E6379 
 1531      64736E00 
 1532              	.LASF8:
 1533 019f 6C6F6E67 		.ascii	"long unsigned int\000"
 1533      20756E73 
 1533      69676E65 
 1533      6420696E 
 1533      7400
 1534              	.LASF24:
 1535 01b1 69746F4C 		.ascii	"itoLED\000"
 1535      454400
 1536              	.LASF27:
 1537 01b8 66435745 		.ascii	"fCWEW_Isr\000"
 1537      575F4973 
 1537      7200
 1538              	.LASF7:
 1539 01c2 5F5F7569 		.ascii	"__uint32_t\000"
 1539      6E743332 
 1539      5F7400
 1540              	.LASF25:
 1541 01cd 6D61696E 		.ascii	"main\000"
 1541      00
 1542              	.LASF1:
 1543 01d2 756E7369 		.ascii	"unsigned char\000"
 1543      676E6564 
 1543      20636861 
 1543      7200
 1544              	.LASF11:
 1545 01e0 756E7369 		.ascii	"unsigned int\000"
 1545      676E6564 
 1545      20696E74 
 1545      00
 1546              	.LASF10:
 1547 01ed 6C6F6E67 		.ascii	"long long unsigned int\000"
 1547      206C6F6E 
 1547      6720756E 
 1547      7369676E 
 1547      65642069 
 1548              	.LASF12:
 1549 0204 75696E74 		.ascii	"uint8_t\000"
 1549      385F7400 
 1550              	.LASF22:
 1551 020c 49737241 		.ascii	"IsrAppClk\000"
 1551      7070436C 
 1551      6B00
 1552              	.LASF31:
ARM GAS  C:\Users\seppi\AppData\Local\Temp\cc6ryzAd.s 			page 35


 1553 0216 53746174 		.ascii	"States\000"
 1553      657300
 1554              	.LASF19:
 1555 021d 73697A65 		.ascii	"sizetype\000"
 1555      74797065 
 1555      00
 1556              	.LASF9:
 1557 0226 6C6F6E67 		.ascii	"long long int\000"
 1557      206C6F6E 
 1557      6720696E 
 1557      7400
 1558              	.LASF33:
 1559 0234 6D61696E 		.ascii	"main.c\000"
 1559      2E6300
 1560              	.LASF17:
 1561 023b 63686172 		.ascii	"char\000"
 1561      00
 1562              	.LASF2:
 1563 0240 73686F72 		.ascii	"short int\000"
 1563      7420696E 
 1563      7400
 1564              	.LASF26:
 1565 024a 62756666 		.ascii	"buffer\000"
 1565      657200
 1566              	.LASF14:
 1567 0251 75696E74 		.ascii	"uint32_t\000"
 1567      33325F74 
 1567      00
 1568              	.LASF6:
 1569 025a 6C6F6E67 		.ascii	"long int\000"
 1569      20696E74 
 1569      00
 1570              	.LASF18:
 1571 0263 6C6F6E67 		.ascii	"long double\000"
 1571      20646F75 
 1571      626C6500 
 1572              	.LASF21:
 1573 026f 4D794973 		.ascii	"MyIsrCWEW\000"
 1573      72435745 
 1573      5700
 1574              		.ident	"GCC: (GNU Tools for ARM Embedded Processors) 5.4.1 20160609 (release) [ARM/embedded-5-bran
