ARM GAS  C:\Users\seppi\AppData\Local\Temp\ccGUuDN4.s 			page 1


   1              		.syntax unified
   2              		.cpu cortex-m3
   3              		.fpu softvfp
   4              		.eabi_attribute 20, 1
   5              		.eabi_attribute 21, 1
   6              		.eabi_attribute 23, 3
   7              		.eabi_attribute 24, 1
   8              		.eabi_attribute 25, 1
   9              		.eabi_attribute 26, 1
  10              		.eabi_attribute 30, 6
  11              		.eabi_attribute 34, 1
  12              		.eabi_attribute 18, 4
  13              		.thumb
  14              		.syntax unified
  15              		.file	"cymetadata.c"
  16              		.text
  17              	.Ltext0:
  18              		.cfi_sections	.debug_frame
  19              		.global	cy_meta_configecc
  20              		.section	.cyconfigecc,"a",%progbits
  21              		.align	2
  22              		.type	cy_meta_configecc, %object
  23              		.size	cy_meta_configecc, 1068
  24              	cy_meta_configecc:
  25 0000 01       		.byte	1
  26 0001 45       		.byte	69
  27 0002 00       		.byte	0
  28 0003 40       		.byte	64
  29 0004 03       		.byte	3
  30 0005 52       		.byte	82
  31 0006 00       		.byte	0
  32 0007 40       		.byte	64
  33 0008 03       		.byte	3
  34 0009 64       		.byte	100
  35 000a 00       		.byte	0
  36 000b 40       		.byte	64
  37 000c 01       		.byte	1
  38 000d 01       		.byte	1
  39 000e 01       		.byte	1
  40 000f 40       		.byte	64
  41 0010 60       		.byte	96
  42 0011 0A       		.byte	10
  43 0012 01       		.byte	1
  44 0013 40       		.byte	64
  45 0014 45       		.byte	69
  46 0015 0B       		.byte	11
  47 0016 01       		.byte	1
  48 0017 40       		.byte	64
  49 0018 16       		.byte	22
  50 0019 0C       		.byte	12
  51 001a 01       		.byte	1
  52 001b 40       		.byte	64
  53 001c 3F       		.byte	63
  54 001d 0D       		.byte	13
  55 001e 01       		.byte	1
  56 001f 40       		.byte	64
  57 0020 48       		.byte	72
ARM GAS  C:\Users\seppi\AppData\Local\Temp\ccGUuDN4.s 			page 2


  58 0021 0E       		.byte	14
  59 0022 01       		.byte	1
  60 0023 40       		.byte	64
  61 0024 2E       		.byte	46
  62 0025 0F       		.byte	15
  63 0026 01       		.byte	1
  64 0027 40       		.byte	64
  65 0028 05       		.byte	5
  66 0029 40       		.byte	64
  67 002a 01       		.byte	1
  68 002b 40       		.byte	64
  69 002c 01       		.byte	1
  70 002d 41       		.byte	65
  71 002e 01       		.byte	1
  72 002f 40       		.byte	64
  73 0030 01       		.byte	1
  74 0031 42       		.byte	66
  75 0032 01       		.byte	1
  76 0033 40       		.byte	64
  77 0034 01       		.byte	1
  78 0035 43       		.byte	67
  79 0036 01       		.byte	1
  80 0037 40       		.byte	64
  81 0038 09       		.byte	9
  82 0039 45       		.byte	69
  83 003a 01       		.byte	1
  84 003b 40       		.byte	64
  85 003c 03       		.byte	3
  86 003d 46       		.byte	70
  87 003e 01       		.byte	1
  88 003f 40       		.byte	64
  89 0040 03       		.byte	3
  90 0041 48       		.byte	72
  91 0042 01       		.byte	1
  92 0043 40       		.byte	64
  93 0044 01       		.byte	1
  94 0045 49       		.byte	73
  95 0046 01       		.byte	1
  96 0047 40       		.byte	64
  97 0048 03       		.byte	3
  98 0049 50       		.byte	80
  99 004a 01       		.byte	1
 100 004b 40       		.byte	64
 101 004c 01       		.byte	1
 102 004d 51       		.byte	81
 103 004e 01       		.byte	1
 104 004f 40       		.byte	64
 105 0050 35       		.byte	53
 106 0051 02       		.byte	2
 107 0052 10       		.byte	16
 108 0053 02       		.byte	2
 109 0054 11       		.byte	17
 110 0055 02       		.byte	2
 111 0056 14       		.byte	20
 112 0057 01       		.byte	1
 113 0058 8A       		.byte	-118
 114 0059 72       		.byte	114
ARM GAS  C:\Users\seppi\AppData\Local\Temp\ccGUuDN4.s 			page 3


 115 005a 8B       		.byte	-117
 116 005b 0F       		.byte	15
 117 005c 8E       		.byte	-114
 118 005d 38       		.byte	56
 119 005e E2       		.byte	-30
 120 005f 04       		.byte	4
 121 0060 02       		.byte	2
 122 0061 20       		.byte	32
 123 0062 05       		.byte	5
 124 0063 40       		.byte	64
 125 0064 0B       		.byte	11
 126 0065 08       		.byte	8
 127 0066 0D       		.byte	13
 128 0067 40       		.byte	64
 129 0068 0E       		.byte	14
 130 0069 03       		.byte	3
 131 006a 14       		.byte	20
 132 006b 10       		.byte	16
 133 006c 16       		.byte	22
 134 006d 40       		.byte	64
 135 006e 18       		.byte	24
 136 006f 0C       		.byte	12
 137 0070 19       		.byte	25
 138 0071 40       		.byte	64
 139 0072 1A       		.byte	26
 140 0073 71       		.byte	113
 141 0074 1C       		.byte	28
 142 0075 10       		.byte	16
 143 0076 1D       		.byte	29
 144 0077 20       		.byte	32
 145 0078 1E       		.byte	30
 146 0079 AC       		.byte	-84
 147 007a 1F       		.byte	31
 148 007b 03       		.byte	3
 149 007c 20       		.byte	32
 150 007d 09       		.byte	9
 151 007e 21       		.byte	33
 152 007f 11       		.byte	17
 153 0080 22       		.byte	34
 154 0081 D0       		.byte	-48
 155 0082 23       		.byte	35
 156 0083 06       		.byte	6
 157 0084 24       		.byte	36
 158 0085 14       		.byte	20
 159 0086 25       		.byte	37
 160 0087 0C       		.byte	12
 161 0088 27       		.byte	39
 162 0089 13       		.byte	19
 163 008a 28       		.byte	40
 164 008b DC       		.byte	-36
 165 008c 29       		.byte	41
 166 008d 11       		.byte	17
 167 008e 2A       		.byte	42
 168 008f 22       		.byte	34
 169 0090 2B       		.byte	43
 170 0091 0E       		.byte	14
 171 0092 2F       		.byte	47
ARM GAS  C:\Users\seppi\AppData\Local\Temp\ccGUuDN4.s 			page 4


 172 0093 0C       		.byte	12
 173 0094 30       		.byte	48
 174 0095 1F       		.byte	31
 175 0096 33       		.byte	51
 176 0097 40       		.byte	64
 177 0098 34       		.byte	52
 178 0099 E0       		.byte	-32
 179 009a 35       		.byte	53
 180 009b 0F       		.byte	15
 181 009c 37       		.byte	55
 182 009d 30       		.byte	48
 183 009e 39       		.byte	57
 184 009f 80       		.byte	-128
 185 00a0 3A       		.byte	58
 186 00a1 20       		.byte	32
 187 00a2 3B       		.byte	59
 188 00a3 20       		.byte	32
 189 00a4 40       		.byte	64
 190 00a5 03       		.byte	3
 191 00a6 46       		.byte	70
 192 00a7 40       		.byte	64
 193 00a8 49       		.byte	73
 194 00a9 FF       		.byte	-1
 195 00aa 4A       		.byte	74
 196 00ab 07       		.byte	7
 197 00ac 4B       		.byte	75
 198 00ad FF       		.byte	-1
 199 00ae 4C       		.byte	76
 200 00af 40       		.byte	64
 201 00b0 4D       		.byte	77
 202 00b1 20       		.byte	32
 203 00b2 4E       		.byte	78
 204 00b3 F0       		.byte	-16
 205 00b4 4F       		.byte	79
 206 00b5 05       		.byte	5
 207 00b6 50       		.byte	80
 208 00b7 08       		.byte	8
 209 00b8 56       		.byte	86
 210 00b9 02       		.byte	2
 211 00ba 57       		.byte	87
 212 00bb 12       		.byte	18
 213 00bc 58       		.byte	88
 214 00bd 04       		.byte	4
 215 00be 59       		.byte	89
 216 00bf 04       		.byte	4
 217 00c0 5A       		.byte	90
 218 00c1 04       		.byte	4
 219 00c2 5B       		.byte	91
 220 00c3 04       		.byte	4
 221 00c4 5F       		.byte	95
 222 00c5 01       		.byte	1
 223 00c6 60       		.byte	96
 224 00c7 40       		.byte	64
 225 00c8 61       		.byte	97
 226 00c9 A8       		.byte	-88
 227 00ca 62       		.byte	98
 228 00cb 40       		.byte	64
ARM GAS  C:\Users\seppi\AppData\Local\Temp\ccGUuDN4.s 			page 5


 229 00cc 63       		.byte	99
 230 00cd 20       		.byte	32
 231 00ce 82       		.byte	-126
 232 00cf 55       		.byte	85
 233 00d0 88       		.byte	-120
 234 00d1 73       		.byte	115
 235 00d2 8A       		.byte	-118
 236 00d3 04       		.byte	4
 237 00d4 98       		.byte	-104
 238 00d5 03       		.byte	3
 239 00d6 9A       		.byte	-102
 240 00d7 44       		.byte	68
 241 00d8 9C       		.byte	-100
 242 00d9 73       		.byte	115
 243 00da 9E       		.byte	-98
 244 00db 0C       		.byte	12
 245 00dc A1       		.byte	-95
 246 00dd 01       		.byte	1
 247 00de A2       		.byte	-94
 248 00df 08       		.byte	8
 249 00e0 A8       		.byte	-88
 250 00e1 2A       		.byte	42
 251 00e2 AA       		.byte	-86
 252 00e3 44       		.byte	68
 253 00e4 B0       		.byte	-80
 254 00e5 40       		.byte	64
 255 00e6 B2       		.byte	-78
 256 00e7 30       		.byte	48
 257 00e8 B5       		.byte	-75
 258 00e9 01       		.byte	1
 259 00ea B6       		.byte	-74
 260 00eb 0F       		.byte	15
 261 00ec B8       		.byte	-72
 262 00ed 08       		.byte	8
 263 00ee B9       		.byte	-71
 264 00ef 02       		.byte	2
 265 00f0 BA       		.byte	-70
 266 00f1 80       		.byte	-128
 267 00f2 BE       		.byte	-66
 268 00f3 05       		.byte	5
 269 00f4 BF       		.byte	-65
 270 00f5 10       		.byte	16
 271 00f6 C0       		.byte	-64
 272 00f7 41       		.byte	65
 273 00f8 C1       		.byte	-63
 274 00f9 06       		.byte	6
 275 00fa C5       		.byte	-59
 276 00fb 0C       		.byte	12
 277 00fc C6       		.byte	-58
 278 00fd BE       		.byte	-66
 279 00fe C8       		.byte	-56
 280 00ff 0D       		.byte	13
 281 0100 C9       		.byte	-55
 282 0101 FF       		.byte	-1
 283 0102 CA       		.byte	-54
 284 0103 FF       		.byte	-1
 285 0104 CB       		.byte	-53
ARM GAS  C:\Users\seppi\AppData\Local\Temp\ccGUuDN4.s 			page 6


 286 0105 FF       		.byte	-1
 287 0106 CE       		.byte	-50
 288 0107 F0       		.byte	-16
 289 0108 CF       		.byte	-49
 290 0109 44       		.byte	68
 291 010a D0       		.byte	-48
 292 010b 0C       		.byte	12
 293 010c D4       		.byte	-44
 294 010d 01       		.byte	1
 295 010e D8       		.byte	-40
 296 010f 04       		.byte	4
 297 0110 D9       		.byte	-39
 298 0111 04       		.byte	4
 299 0112 DA       		.byte	-38
 300 0113 04       		.byte	4
 301 0114 DB       		.byte	-37
 302 0115 04       		.byte	4
 303 0116 DC       		.byte	-36
 304 0117 10       		.byte	16
 305 0118 DF       		.byte	-33
 306 0119 01       		.byte	1
 307 011a E6       		.byte	-26
 308 011b C0       		.byte	-64
 309 011c EA       		.byte	-22
 310 011d 40       		.byte	64
 311 011e EB       		.byte	-21
 312 011f 02       		.byte	2
 313 0120 00       		.byte	0
 314 0121 40       		.byte	64
 315 0122 01       		.byte	1
 316 0123 02       		.byte	2
 317 0124 05       		.byte	5
 318 0125 12       		.byte	18
 319 0126 07       		.byte	7
 320 0127 40       		.byte	64
 321 0128 08       		.byte	8
 322 0129 40       		.byte	64
 323 012a 0A       		.byte	10
 324 012b 08       		.byte	8
 325 012c 0B       		.byte	11
 326 012d 20       		.byte	32
 327 012e 0C       		.byte	12
 328 012f 40       		.byte	64
 329 0130 0E       		.byte	14
 330 0131 02       		.byte	2
 331 0132 0F       		.byte	15
 332 0133 04       		.byte	4
 333 0134 12       		.byte	18
 334 0135 D4       		.byte	-44
 335 0136 15       		.byte	21
 336 0137 20       		.byte	32
 337 0138 16       		.byte	22
 338 0139 44       		.byte	68
 339 013a 18       		.byte	24
 340 013b 40       		.byte	64
 341 013c 19       		.byte	25
 342 013d 10       		.byte	16
ARM GAS  C:\Users\seppi\AppData\Local\Temp\ccGUuDN4.s 			page 7


 343 013e 1A       		.byte	26
 344 013f 08       		.byte	8
 345 0140 1E       		.byte	30
 346 0141 52       		.byte	82
 347 0142 21       		.byte	33
 348 0143 10       		.byte	16
 349 0144 22       		.byte	34
 350 0145 88       		.byte	-120
 351 0146 26       		.byte	38
 352 0147 02       		.byte	2
 353 0148 27       		.byte	39
 354 0149 08       		.byte	8
 355 014a 28       		.byte	40
 356 014b 40       		.byte	64
 357 014c 29       		.byte	41
 358 014d 10       		.byte	16
 359 014e 2A       		.byte	42
 360 014f 44       		.byte	68
 361 0150 2D       		.byte	45
 362 0151 01       		.byte	1
 363 0152 2F       		.byte	47
 364 0153 80       		.byte	-128
 365 0154 32       		.byte	50
 366 0155 10       		.byte	16
 367 0156 33       		.byte	51
 368 0157 40       		.byte	64
 369 0158 39       		.byte	57
 370 0159 44       		.byte	68
 371 015a 3B       		.byte	59
 372 015b 20       		.byte	32
 373 015c 42       		.byte	66
 374 015d 18       		.byte	24
 375 015e 43       		.byte	67
 376 015f 20       		.byte	32
 377 0160 44       		.byte	68
 378 0161 40       		.byte	64
 379 0162 47       		.byte	71
 380 0163 40       		.byte	64
 381 0164 49       		.byte	73
 382 0165 02       		.byte	2
 383 0166 4E       		.byte	78
 384 0167 04       		.byte	4
 385 0168 4F       		.byte	79
 386 0169 04       		.byte	4
 387 016a 53       		.byte	83
 388 016b 10       		.byte	16
 389 016c 56       		.byte	86
 390 016d 10       		.byte	16
 391 016e 57       		.byte	87
 392 016f 80       		.byte	-128
 393 0170 5B       		.byte	91
 394 0171 04       		.byte	4
 395 0172 5D       		.byte	93
 396 0173 21       		.byte	33
 397 0174 5E       		.byte	94
 398 0175 40       		.byte	64
 399 0176 5F       		.byte	95
ARM GAS  C:\Users\seppi\AppData\Local\Temp\ccGUuDN4.s 			page 8


 400 0177 08       		.byte	8
 401 0178 65       		.byte	101
 402 0179 20       		.byte	32
 403 017a 67       		.byte	103
 404 017b 04       		.byte	4
 405 017c 69       		.byte	105
 406 017d 44       		.byte	68
 407 017e 6A       		.byte	106
 408 017f 24       		.byte	36
 409 0180 70       		.byte	112
 410 0181 88       		.byte	-120
 411 0182 72       		.byte	114
 412 0183 08       		.byte	8
 413 0184 94       		.byte	-108
 414 0185 40       		.byte	64
 415 0186 96       		.byte	-106
 416 0187 24       		.byte	36
 417 0188 9B       		.byte	-101
 418 0189 04       		.byte	4
 419 018a A4       		.byte	-92
 420 018b 88       		.byte	-120
 421 018c A6       		.byte	-90
 422 018d 0A       		.byte	10
 423 018e A7       		.byte	-89
 424 018f 20       		.byte	32
 425 0190 AA       		.byte	-86
 426 0191 40       		.byte	64
 427 0192 B0       		.byte	-80
 428 0193 02       		.byte	2
 429 0194 B3       		.byte	-77
 430 0195 08       		.byte	8
 431 0196 C0       		.byte	-64
 432 0197 59       		.byte	89
 433 0198 C2       		.byte	-62
 434 0199 C7       		.byte	-57
 435 019a C4       		.byte	-60
 436 019b 5E       		.byte	94
 437 019c CA       		.byte	-54
 438 019d 8F       		.byte	-113
 439 019e CC       		.byte	-52
 440 019f 0C       		.byte	12
 441 01a0 CE       		.byte	-50
 442 01a1 0E       		.byte	14
 443 01a2 D0       		.byte	-48
 444 01a3 92       		.byte	-110
 445 01a4 D2       		.byte	-46
 446 01a5 20       		.byte	32
 447 01a6 D6       		.byte	-42
 448 01a7 F2       		.byte	-14
 449 01a8 EC       		.byte	-20
 450 01a9 01       		.byte	1
 451 01aa 03       		.byte	3
 452 01ab 02       		.byte	2
 453 01ac 05       		.byte	5
 454 01ad 01       		.byte	1
 455 01ae 06       		.byte	6
 456 01af 01       		.byte	1
ARM GAS  C:\Users\seppi\AppData\Local\Temp\ccGUuDN4.s 			page 9


 457 01b0 09       		.byte	9
 458 01b1 01       		.byte	1
 459 01b2 0E       		.byte	14
 460 01b3 07       		.byte	7
 461 01b4 15       		.byte	21
 462 01b5 01       		.byte	1
 463 01b6 16       		.byte	22
 464 01b7 01       		.byte	1
 465 01b8 1A       		.byte	26
 466 01b9 03       		.byte	3
 467 01ba 1F       		.byte	31
 468 01bb 02       		.byte	2
 469 01bc 2D       		.byte	45
 470 01bd 01       		.byte	1
 471 01be 30       		.byte	48
 472 01bf 01       		.byte	1
 473 01c0 32       		.byte	50
 474 01c1 02       		.byte	2
 475 01c2 34       		.byte	52
 476 01c3 04       		.byte	4
 477 01c4 35       		.byte	53
 478 01c5 01       		.byte	1
 479 01c6 37       		.byte	55
 480 01c7 02       		.byte	2
 481 01c8 3A       		.byte	58
 482 01c9 2A       		.byte	42
 483 01ca 3B       		.byte	59
 484 01cb 08       		.byte	8
 485 01cc 3F       		.byte	63
 486 01cd 50       		.byte	80
 487 01ce 58       		.byte	88
 488 01cf 04       		.byte	4
 489 01d0 59       		.byte	89
 490 01d1 04       		.byte	4
 491 01d2 5C       		.byte	92
 492 01d3 01       		.byte	1
 493 01d4 5F       		.byte	95
 494 01d5 01       		.byte	1
 495 01d6 00       		.byte	0
 496 01d7 20       		.byte	32
 497 01d8 01       		.byte	1
 498 01d9 80       		.byte	-128
 499 01da 03       		.byte	3
 500 01db 60       		.byte	96
 501 01dc 07       		.byte	7
 502 01dd 22       		.byte	34
 503 01de 08       		.byte	8
 504 01df 06       		.byte	6
 505 01e0 0B       		.byte	11
 506 01e1 04       		.byte	4
 507 01e2 0E       		.byte	14
 508 01e3 18       		.byte	24
 509 01e4 10       		.byte	16
 510 01e5 40       		.byte	64
 511 01e6 12       		.byte	18
 512 01e7 09       		.byte	9
 513 01e8 13       		.byte	19
ARM GAS  C:\Users\seppi\AppData\Local\Temp\ccGUuDN4.s 			page 10


 514 01e9 08       		.byte	8
 515 01ea 19       		.byte	25
 516 01eb A1       		.byte	-95
 517 01ec 1B       		.byte	27
 518 01ed 40       		.byte	64
 519 01ee 1E       		.byte	30
 520 01ef 58       		.byte	88
 521 01f0 20       		.byte	32
 522 01f1 24       		.byte	36
 523 01f2 21       		.byte	33
 524 01f3 01       		.byte	1
 525 01f4 22       		.byte	34
 526 01f5 80       		.byte	-128
 527 01f6 23       		.byte	35
 528 01f7 08       		.byte	8
 529 01f8 25       		.byte	37
 530 01f9 84       		.byte	-124
 531 01fa 27       		.byte	39
 532 01fb 14       		.byte	20
 533 01fc 2A       		.byte	42
 534 01fd 08       		.byte	8
 535 01fe 2B       		.byte	43
 536 01ff 48       		.byte	72
 537 0200 2D       		.byte	45
 538 0201 80       		.byte	-128
 539 0202 30       		.byte	48
 540 0203 8C       		.byte	-116
 541 0204 33       		.byte	51
 542 0205 60       		.byte	96
 543 0206 34       		.byte	52
 544 0207 80       		.byte	-128
 545 0208 36       		.byte	54
 546 0209 80       		.byte	-128
 547 020a 37       		.byte	55
 548 020b 08       		.byte	8
 549 020c 38       		.byte	56
 550 020d 04       		.byte	4
 551 020e 39       		.byte	57
 552 020f 02       		.byte	2
 553 0210 3B       		.byte	59
 554 0211 A0       		.byte	-96
 555 0212 3C       		.byte	60
 556 0213 20       		.byte	32
 557 0214 3D       		.byte	61
 558 0215 08       		.byte	8
 559 0216 3E       		.byte	62
 560 0217 08       		.byte	8
 561 0218 3F       		.byte	63
 562 0219 05       		.byte	5
 563 021a 40       		.byte	64
 564 021b 90       		.byte	-112
 565 021c 43       		.byte	67
 566 021d 10       		.byte	16
 567 021e 49       		.byte	73
 568 021f 80       		.byte	-128
 569 0220 4A       		.byte	74
 570 0221 08       		.byte	8
ARM GAS  C:\Users\seppi\AppData\Local\Temp\ccGUuDN4.s 			page 11


 571 0222 4B       		.byte	75
 572 0223 21       		.byte	33
 573 0224 50       		.byte	80
 574 0225 02       		.byte	2
 575 0226 88       		.byte	-120
 576 0227 10       		.byte	16
 577 0228 8B       		.byte	-117
 578 0229 40       		.byte	64
 579 022a 90       		.byte	-112
 580 022b 10       		.byte	16
 581 022c 92       		.byte	-110
 582 022d 80       		.byte	-128
 583 022e 94       		.byte	-108
 584 022f 40       		.byte	64
 585 0230 96       		.byte	-106
 586 0231 74       		.byte	116
 587 0232 98       		.byte	-104
 588 0233 40       		.byte	64
 589 0234 9A       		.byte	-102
 590 0235 01       		.byte	1
 591 0236 9B       		.byte	-101
 592 0237 22       		.byte	34
 593 0238 9C       		.byte	-100
 594 0239 02       		.byte	2
 595 023a 9D       		.byte	-99
 596 023b 21       		.byte	33
 597 023c A4       		.byte	-92
 598 023d 02       		.byte	2
 599 023e A5       		.byte	-91
 600 023f 80       		.byte	-128
 601 0240 A6       		.byte	-90
 602 0241 06       		.byte	6
 603 0242 B1       		.byte	-79
 604 0243 02       		.byte	2
 605 0244 C0       		.byte	-64
 606 0245 AF       		.byte	-81
 607 0246 C2       		.byte	-62
 608 0247 6E       		.byte	110
 609 0248 C4       		.byte	-60
 610 0249 0F       		.byte	15
 611 024a CA       		.byte	-54
 612 024b 17       		.byte	23
 613 024c CC       		.byte	-52
 614 024d 5E       		.byte	94
 615 024e CE       		.byte	-50
 616 024f EF       		.byte	-17
 617 0250 D0       		.byte	-48
 618 0251 07       		.byte	7
 619 0252 D2       		.byte	-46
 620 0253 0C       		.byte	12
 621 0254 00       		.byte	0
 622 0255 44       		.byte	68
 623 0256 02       		.byte	2
 624 0257 31       		.byte	49
 625 0258 0D       		.byte	13
 626 0259 02       		.byte	2
 627 025a 10       		.byte	16
ARM GAS  C:\Users\seppi\AppData\Local\Temp\ccGUuDN4.s 			page 12


 628 025b 22       		.byte	34
 629 025c 12       		.byte	18
 630 025d 51       		.byte	81
 631 025e 13       		.byte	19
 632 025f 01       		.byte	1
 633 0260 14       		.byte	20
 634 0261 67       		.byte	103
 635 0262 18       		.byte	24
 636 0263 67       		.byte	103
 637 0264 1C       		.byte	28
 638 0265 01       		.byte	1
 639 0266 1E       		.byte	30
 640 0267 0E       		.byte	14
 641 0268 2B       		.byte	43
 642 0269 01       		.byte	1
 643 026a 30       		.byte	48
 644 026b 60       		.byte	96
 645 026c 32       		.byte	50
 646 026d 18       		.byte	24
 647 026e 35       		.byte	53
 648 026f 01       		.byte	1
 649 0270 36       		.byte	54
 650 0271 07       		.byte	7
 651 0272 37       		.byte	55
 652 0273 02       		.byte	2
 653 0274 3E       		.byte	62
 654 0275 04       		.byte	4
 655 0276 3F       		.byte	63
 656 0277 50       		.byte	80
 657 0278 54       		.byte	84
 658 0279 18       		.byte	24
 659 027a 56       		.byte	86
 660 027b 04       		.byte	4
 661 027c 58       		.byte	88
 662 027d 04       		.byte	4
 663 027e 59       		.byte	89
 664 027f 04       		.byte	4
 665 0280 5B       		.byte	91
 666 0281 04       		.byte	4
 667 0282 5F       		.byte	95
 668 0283 01       		.byte	1
 669 0284 80       		.byte	-128
 670 0285 0A       		.byte	10
 671 0286 82       		.byte	-126
 672 0287 74       		.byte	116
 673 0288 83       		.byte	-125
 674 0289 11       		.byte	17
 675 028a 84       		.byte	-124
 676 028b 0E       		.byte	14
 677 028c 86       		.byte	-122
 678 028d 70       		.byte	112
 679 028e 87       		.byte	-121
 680 028f 91       		.byte	-111
 681 0290 89       		.byte	-119
 682 0291 20       		.byte	32
 683 0292 8A       		.byte	-118
 684 0293 1E       		.byte	30
ARM GAS  C:\Users\seppi\AppData\Local\Temp\ccGUuDN4.s 			page 13


 685 0294 8B       		.byte	-117
 686 0295 85       		.byte	-123
 687 0296 8F       		.byte	-113
 688 0297 02       		.byte	2
 689 0298 90       		.byte	-112
 690 0299 03       		.byte	3
 691 029a 91       		.byte	-111
 692 029b 08       		.byte	8
 693 029c 92       		.byte	-110
 694 029d 04       		.byte	4
 695 029e 93       		.byte	-109
 696 029f 07       		.byte	7
 697 02a0 94       		.byte	-108
 698 02a1 04       		.byte	4
 699 02a2 95       		.byte	-107
 700 02a3 40       		.byte	64
 701 02a4 96       		.byte	-106
 702 02a5 7A       		.byte	122
 703 02a6 97       		.byte	-105
 704 02a7 85       		.byte	-123
 705 02a8 99       		.byte	-103
 706 02a9 11       		.byte	17
 707 02aa 9A       		.byte	-102
 708 02ab 7E       		.byte	126
 709 02ac 9B       		.byte	-101
 710 02ad 84       		.byte	-124
 711 02ae 9E       		.byte	-98
 712 02af 0E       		.byte	14
 713 02b0 9F       		.byte	-97
 714 02b1 95       		.byte	-107
 715 02b2 A0       		.byte	-96
 716 02b3 01       		.byte	1
 717 02b4 A2       		.byte	-94
 718 02b5 7C       		.byte	124
 719 02b6 A6       		.byte	-90
 720 02b7 0E       		.byte	14
 721 02b8 A7       		.byte	-89
 722 02b9 95       		.byte	-107
 723 02ba AA       		.byte	-86
 724 02bb 5E       		.byte	94
 725 02bc AB       		.byte	-85
 726 02bd 95       		.byte	-107
 727 02be AC       		.byte	-84
 728 02bf 04       		.byte	4
 729 02c0 AD       		.byte	-83
 730 02c1 11       		.byte	17
 731 02c2 AE       		.byte	-82
 732 02c3 0A       		.byte	10
 733 02c4 AF       		.byte	-81
 734 02c5 84       		.byte	-124
 735 02c6 B0       		.byte	-80
 736 02c7 07       		.byte	7
 737 02c8 B1       		.byte	-79
 738 02c9 03       		.byte	3
 739 02ca B2       		.byte	-78
 740 02cb 28       		.byte	40
 741 02cc B3       		.byte	-77
ARM GAS  C:\Users\seppi\AppData\Local\Temp\ccGUuDN4.s 			page 14


 742 02cd 78       		.byte	120
 743 02ce B4       		.byte	-76
 744 02cf 48       		.byte	72
 745 02d0 B5       		.byte	-75
 746 02d1 05       		.byte	5
 747 02d2 B6       		.byte	-74
 748 02d3 18       		.byte	24
 749 02d4 B7       		.byte	-73
 750 02d5 80       		.byte	-128
 751 02d6 BA       		.byte	-70
 752 02d7 AA       		.byte	-86
 753 02d8 BB       		.byte	-69
 754 02d9 2E       		.byte	46
 755 02da BF       		.byte	-65
 756 02db 40       		.byte	64
 757 02dc D8       		.byte	-40
 758 02dd 04       		.byte	4
 759 02de D9       		.byte	-39
 760 02df 04       		.byte	4
 761 02e0 DC       		.byte	-36
 762 02e1 11       		.byte	17
 763 02e2 DF       		.byte	-33
 764 02e3 01       		.byte	1
 765 02e4 01       		.byte	1
 766 02e5 02       		.byte	2
 767 02e6 05       		.byte	5
 768 02e7 10       		.byte	16
 769 02e8 06       		.byte	6
 770 02e9 80       		.byte	-128
 771 02ea 07       		.byte	7
 772 02eb 20       		.byte	32
 773 02ec 08       		.byte	8
 774 02ed 42       		.byte	66
 775 02ee 0A       		.byte	10
 776 02ef 25       		.byte	37
 777 02f0 0D       		.byte	13
 778 02f1 02       		.byte	2
 779 02f2 0E       		.byte	14
 780 02f3 1A       		.byte	26
 781 02f4 15       		.byte	21
 782 02f5 10       		.byte	16
 783 02f6 17       		.byte	23
 784 02f7 4A       		.byte	74
 785 02f8 18       		.byte	24
 786 02f9 10       		.byte	16
 787 02fa 19       		.byte	25
 788 02fb 02       		.byte	2
 789 02fc 1A       		.byte	26
 790 02fd 01       		.byte	1
 791 02fe 1D       		.byte	29
 792 02ff 52       		.byte	82
 793 0300 1E       		.byte	30
 794 0301 02       		.byte	2
 795 0302 1F       		.byte	31
 796 0303 14       		.byte	20
 797 0304 22       		.byte	34
 798 0305 40       		.byte	64
ARM GAS  C:\Users\seppi\AppData\Local\Temp\ccGUuDN4.s 			page 15


 799 0306 23       		.byte	35
 800 0307 04       		.byte	4
 801 0308 24       		.byte	36
 802 0309 04       		.byte	4
 803 030a 25       		.byte	37
 804 030b 41       		.byte	65
 805 030c 27       		.byte	39
 806 030d 68       		.byte	104
 807 030e 29       		.byte	41
 808 030f 22       		.byte	34
 809 0310 2A       		.byte	42
 810 0311 01       		.byte	1
 811 0312 2D       		.byte	45
 812 0313 10       		.byte	16
 813 0314 2E       		.byte	46
 814 0315 C0       		.byte	-64
 815 0316 2F       		.byte	47
 816 0317 14       		.byte	20
 817 0318 30       		.byte	48
 818 0319 02       		.byte	2
 819 031a 35       		.byte	53
 820 031b 40       		.byte	64
 821 031c 36       		.byte	54
 822 031d 06       		.byte	6
 823 031e 37       		.byte	55
 824 031f 22       		.byte	34
 825 0320 38       		.byte	56
 826 0321 40       		.byte	64
 827 0322 3C       		.byte	60
 828 0323 04       		.byte	4
 829 0324 3D       		.byte	61
 830 0325 82       		.byte	-126
 831 0326 3E       		.byte	62
 832 0327 10       		.byte	16
 833 0328 59       		.byte	89
 834 0329 01       		.byte	1
 835 032a 61       		.byte	97
 836 032b 80       		.byte	-128
 837 032c 63       		.byte	99
 838 032d 84       		.byte	-124
 839 032e 83       		.byte	-125
 840 032f 40       		.byte	64
 841 0330 C0       		.byte	-64
 842 0331 78       		.byte	120
 843 0332 C2       		.byte	-62
 844 0333 FF       		.byte	-1
 845 0334 C4       		.byte	-60
 846 0335 F0       		.byte	-16
 847 0336 CA       		.byte	-54
 848 0337 74       		.byte	116
 849 0338 CC       		.byte	-52
 850 0339 F1       		.byte	-15
 851 033a CE       		.byte	-50
 852 033b F8       		.byte	-8
 853 033c D6       		.byte	-42
 854 033d 01       		.byte	1
 855 033e D8       		.byte	-40
ARM GAS  C:\Users\seppi\AppData\Local\Temp\ccGUuDN4.s 			page 16


 856 033f 0D       		.byte	13
 857 0340 32       		.byte	50
 858 0341 20       		.byte	32
 859 0342 35       		.byte	53
 860 0343 80       		.byte	-128
 861 0344 81       		.byte	-127
 862 0345 80       		.byte	-128
 863 0346 CC       		.byte	-52
 864 0347 30       		.byte	48
 865 0348 E2       		.byte	-30
 866 0349 20       		.byte	32
 867 034a A6       		.byte	-90
 868 034b 20       		.byte	32
 869 034c A6       		.byte	-90
 870 034d 20       		.byte	32
 871 034e A6       		.byte	-90
 872 034f 20       		.byte	32
 873 0350 00       		.byte	0
 874 0351 08       		.byte	8
 875 0352 52       		.byte	82
 876 0353 10       		.byte	16
 877 0354 5C       		.byte	92
 878 0355 10       		.byte	16
 879 0356 9A       		.byte	-102
 880 0357 10       		.byte	16
 881 0358 B2       		.byte	-78
 882 0359 10       		.byte	16
 883 035a C0       		.byte	-64
 884 035b 08       		.byte	8
 885 035c D4       		.byte	-44
 886 035d 04       		.byte	4
 887 035e D6       		.byte	-42
 888 035f 04       		.byte	4
 889 0360 EC       		.byte	-20
 890 0361 04       		.byte	4
 891 0362 A8       		.byte	-88
 892 0363 10       		.byte	16
 893 0364 B0       		.byte	-80
 894 0365 04       		.byte	4
 895 0366 EA       		.byte	-22
 896 0367 04       		.byte	4
 897 0368 22       		.byte	34
 898 0369 01       		.byte	1
 899 036a A6       		.byte	-90
 900 036b 20       		.byte	32
 901 036c C8       		.byte	-56
 902 036d 40       		.byte	64
 903 036e AE       		.byte	-82
 904 036f 21       		.byte	33
 905 0370 00       		.byte	0
 906 0371 03       		.byte	3
 907 0372 0C       		.byte	12
 908 0373 03       		.byte	3
 909 0374 0E       		.byte	14
 910 0375 03       		.byte	3
 911 0376 00       		.byte	0
 912 0377 0F       		.byte	15
ARM GAS  C:\Users\seppi\AppData\Local\Temp\ccGUuDN4.s 			page 17


 913 0378 08       		.byte	8
 914 0379 00       		.byte	0
 915 037a 00       		.byte	0
 916 037b 04       		.byte	4
 917 037c 04       		.byte	4
 918 037d 3C       		.byte	60
 919 037e 00       		.byte	0
 920 037f 42       		.byte	66
 921 0380 0F       		.byte	15
 922 0381 00       		.byte	0
 923 0382 70       		.byte	112
 924 0383 63       		.byte	99
 925 0384 73       		.byte	115
 926 0385 1C       		.byte	28
 927 0386 0C       		.byte	12
 928 0387 61       		.byte	97
 929 0388 11       		.byte	17
 930 0389 00       		.byte	0
 931 038a 00       		.byte	0
 932 038b 00       		.byte	0
 933 038c 0C       		.byte	12
 934 038d 18       		.byte	24
 935 038e 00       		.byte	0
 936 038f 00       		.byte	0
 937 0390 7F       		.byte	127
 938 0391 08       		.byte	8
 939 0392 00       		.byte	0
 940 0393 00       		.byte	0
 941 0394 00       		.byte	0
 942 0395 10       		.byte	16
 943 0396 00       		.byte	0
 944 0397 00       		.byte	0
 945 0398 33       		.byte	51
 946 0399 67       		.byte	103
 947 039a 00       		.byte	0
 948 039b 18       		.byte	24
 949 039c 0C       		.byte	12
 950 039d 7F       		.byte	127
 951 039e 73       		.byte	115
 952 039f 00       		.byte	0
 953 03a0 00       		.byte	0
 954 03a1 04       		.byte	4
 955 03a2 33       		.byte	51
 956 03a3 80       		.byte	-128
 957 03a4 22       		.byte	34
 958 03a5 00       		.byte	0
 959 03a6 00       		.byte	0
 960 03a7 00       		.byte	0
 961 03a8 30       		.byte	48
 962 03a9 80       		.byte	-128
 963 03aa 00       		.byte	0
 964 03ab 58       		.byte	88
 965 03ac 40       		.byte	64
 966 03ad 1F       		.byte	31
 967 03ae 0F       		.byte	15
 968 03af 38       		.byte	56
 969 03b0 20       		.byte	32
ARM GAS  C:\Users\seppi\AppData\Local\Temp\ccGUuDN4.s 			page 18


 970 03b1 00       		.byte	0
 971 03b2 80       		.byte	-128
 972 03b3 28       		.byte	40
 973 03b4 00       		.byte	0
 974 03b5 00       		.byte	0
 975 03b6 00       		.byte	0
 976 03b7 00       		.byte	0
 977 03b8 56       		.byte	86
 978 03b9 02       		.byte	2
 979 03ba 04       		.byte	4
 980 03bb 00       		.byte	0
 981 03bc 03       		.byte	3
 982 03bd C0       		.byte	-64
 983 03be 00       		.byte	0
 984 03bf E0       		.byte	-32
 985 03c0 22       		.byte	34
 986 03c1 FF       		.byte	-1
 987 03c2 FF       		.byte	-1
 988 03c3 FF       		.byte	-1
 989 03c4 62       		.byte	98
 990 03c5 A0       		.byte	-96
 991 03c6 F0       		.byte	-16
 992 03c7 41       		.byte	65
 993 03c8 0C       		.byte	12
 994 03c9 00       		.byte	0
 995 03ca 00       		.byte	0
 996 03cb 00       		.byte	0
 997 03cc 00       		.byte	0
 998 03cd 00       		.byte	0
 999 03ce 00       		.byte	0
 1000 03cf 00       		.byte	0
 1001 03d0 04       		.byte	4
 1002 03d1 04       		.byte	4
 1003 03d2 04       		.byte	4
 1004 03d3 00       		.byte	0
 1005 03d4 00       		.byte	0
 1006 03d5 00       		.byte	0
 1007 03d6 00       		.byte	0
 1008 03d7 01       		.byte	1
 1009 03d8 00       		.byte	0
 1010 03d9 00       		.byte	0
 1011 03da 00       		.byte	0
 1012 03db 00       		.byte	0
 1013 03dc 00       		.byte	0
 1014 03dd 00       		.byte	0
 1015 03de 40       		.byte	64
 1016 03df 02       		.byte	2
 1017 03e0 00       		.byte	0
 1018 03e1 10       		.byte	16
 1019 03e2 30       		.byte	48
 1020 03e3 10       		.byte	16
 1021 03e4 00       		.byte	0
 1022 03e5 10       		.byte	16
 1023 03e6 10       		.byte	16
 1024 03e7 12       		.byte	18
 1025 03e8 00       		.byte	0
 1026 03e9 00       		.byte	0
ARM GAS  C:\Users\seppi\AppData\Local\Temp\ccGUuDN4.s 			page 19


 1027 03ea 00       		.byte	0
 1028 03eb 00       		.byte	0
 1029 03ec 00       		.byte	0
 1030 03ed 00       		.byte	0
 1031 03ee 00       		.byte	0
 1032 03ef 00       		.byte	0
 1033 03f0 00       		.byte	0
 1034 03f1 00       		.byte	0
 1035 03f2 00       		.byte	0
 1036 03f3 00       		.byte	0
 1037 03f4 00       		.byte	0
 1038 03f5 00       		.byte	0
 1039 03f6 00       		.byte	0
 1040 03f7 00       		.byte	0
 1041 03f8 30       		.byte	48
 1042 03f9 00       		.byte	0
 1043 03fa 00       		.byte	0
 1044 03fb 30       		.byte	48
 1045 03fc 30       		.byte	48
 1046 03fd 00       		.byte	0
 1047 03fe 00       		.byte	0
 1048 03ff 00       		.byte	0
 1049 0400 00       		.byte	0
 1050 0401 00       		.byte	0
 1051 0402 00       		.byte	0
 1052 0403 00       		.byte	0
 1053 0404 00       		.byte	0
 1054 0405 30       		.byte	48
 1055 0406 30       		.byte	48
 1056 0407 00       		.byte	0
 1057 0408 00       		.byte	0
 1058 0409 00       		.byte	0
 1059 040a 00       		.byte	0
 1060 040b 00       		.byte	0
 1061 040c 00       		.byte	0
 1062 040d 0B       		.byte	11
 1063 040e 0B       		.byte	11
 1064 040f 00       		.byte	0
 1065 0410 00       		.byte	0
 1066 0411 00       		.byte	0
 1067 0412 00       		.byte	0
 1068 0413 00       		.byte	0
 1069 0414 FE       		.byte	-2
 1070 0415 00       		.byte	0
 1071 0416 01       		.byte	1
 1072 0417 FE       		.byte	-2
 1073 0418 FE       		.byte	-2
 1074 0419 00       		.byte	0
 1075 041a 06       		.byte	6
 1076 041b 00       		.byte	0
 1077 041c 00       		.byte	0
 1078 041d 00       		.byte	0
 1079 041e 00       		.byte	0
 1080 041f 00       		.byte	0
 1081 0420 3F       		.byte	63
 1082 0421 00       		.byte	0
 1083 0422 00       		.byte	0
ARM GAS  C:\Users\seppi\AppData\Local\Temp\ccGUuDN4.s 			page 20


 1084 0423 3F       		.byte	63
 1085 0424 1C       		.byte	28
 1086 0425 00       		.byte	0
 1087 0426 00       		.byte	0
 1088 0427 00       		.byte	0
 1089 0428 00       		.byte	0
 1090 0429 00       		.byte	0
 1091 042a 00       		.byte	0
 1092 042b 00       		.byte	0
 1093              		.global	cy_meta_custnvl
 1094              		.section	.cycustnvl,"a",%progbits
 1095              		.align	2
 1096              		.type	cy_meta_custnvl, %object
 1097              		.size	cy_meta_custnvl, 4
 1098              	cy_meta_custnvl:
 1099 0000 00       		.byte	0
 1100 0001 00       		.byte	0
 1101 0002 40       		.byte	64
 1102 0003 05       		.byte	5
 1103              		.global	cy_meta_wonvl
 1104              		.section	.cywolatch,"a",%progbits
 1105              		.align	2
 1106              		.type	cy_meta_wonvl, %object
 1107              		.size	cy_meta_wonvl, 4
 1108              	cy_meta_wonvl:
 1109 0000 BC       		.byte	-68
 1110 0001 90       		.byte	-112
 1111 0002 AC       		.byte	-84
 1112 0003 AF       		.byte	-81
 1113              		.global	cy_meta_flashprotect
 1114              		.section	.cyflashprotect,"a",%progbits
 1115              		.align	2
 1116              		.type	cy_meta_flashprotect, %object
 1117              		.size	cy_meta_flashprotect, 256
 1118              	cy_meta_flashprotect:
 1119 0000 00000000 		.space	256
 1119      00000000 
 1119      00000000 
 1119      00000000 
 1119      00000000 
 1120              		.global	cy_metadata
 1121              		.section	.cymeta,"a",%progbits
 1122              		.align	2
 1123              		.type	cy_metadata, %object
 1124              		.size	cy_metadata, 12
 1125              	cy_metadata:
 1126 0000 00       		.byte	0
 1127 0001 01       		.byte	1
 1128 0002 2E       		.byte	46
 1129 0003 16       		.byte	22
 1130 0004 00       		.byte	0
 1131 0005 69       		.byte	105
 1132 0006 00       		.byte	0
 1133 0007 01       		.byte	1
 1134 0008 00       		.byte	0
 1135 0009 00       		.byte	0
 1136 000a 00       		.byte	0
ARM GAS  C:\Users\seppi\AppData\Local\Temp\ccGUuDN4.s 			page 21


 1137 000b 00       		.byte	0
 1138              		.text
 1139              	.Letext0:
 1140              		.file 1 "c:\\program files (x86)\\cypress\\psoc creator\\4.4\\psoc creator\\import\\gnu\\arm\\5.4.
 1141              		.file 2 "c:\\program files (x86)\\cypress\\psoc creator\\4.4\\psoc creator\\import\\gnu\\arm\\5.4.
 1142              		.file 3 "Generated_Source\\PSoC5\\cymetadata.c"
 1143              		.section	.debug_info,"",%progbits
 1144              	.Ldebug_info0:
 1145 0000 31010000 		.4byte	0x131
 1146 0004 0400     		.2byte	0x4
 1147 0006 00000000 		.4byte	.Ldebug_abbrev0
 1148 000a 04       		.byte	0x4
 1149 000b 01       		.uleb128 0x1
 1150 000c 0A000000 		.4byte	.LASF17
 1151 0010 0C       		.byte	0xc
 1152 0011 EC010000 		.4byte	.LASF18
 1153 0015 06010000 		.4byte	.LASF19
 1154 0019 00000000 		.4byte	.Ldebug_line0
 1155 001d 02       		.uleb128 0x2
 1156 001e 01       		.byte	0x1
 1157 001f 06       		.byte	0x6
 1158 0020 E0010000 		.4byte	.LASF0
 1159 0024 03       		.uleb128 0x3
 1160 0025 00000000 		.4byte	.LASF9
 1161 0029 01       		.byte	0x1
 1162 002a 1D       		.byte	0x1d
 1163 002b 2F000000 		.4byte	0x2f
 1164 002f 02       		.uleb128 0x2
 1165 0030 01       		.byte	0x1
 1166 0031 08       		.byte	0x8
 1167 0032 A4000000 		.4byte	.LASF1
 1168 0036 02       		.uleb128 0x2
 1169 0037 02       		.byte	0x2
 1170 0038 05       		.byte	0x5
 1171 0039 CD010000 		.4byte	.LASF2
 1172 003d 02       		.uleb128 0x2
 1173 003e 02       		.byte	0x2
 1174 003f 07       		.byte	0x7
 1175 0040 C4000000 		.4byte	.LASF3
 1176 0044 02       		.uleb128 0x2
 1177 0045 04       		.byte	0x4
 1178 0046 05       		.byte	0x5
 1179 0047 D7010000 		.4byte	.LASF4
 1180 004b 02       		.uleb128 0x2
 1181 004c 04       		.byte	0x4
 1182 004d 07       		.byte	0x7
 1183 004e B2000000 		.4byte	.LASF5
 1184 0052 02       		.uleb128 0x2
 1185 0053 08       		.byte	0x8
 1186 0054 05       		.byte	0x5
 1187 0055 BF010000 		.4byte	.LASF6
 1188 0059 02       		.uleb128 0x2
 1189 005a 08       		.byte	0x8
 1190 005b 07       		.byte	0x7
 1191 005c 74010000 		.4byte	.LASF7
 1192 0060 04       		.uleb128 0x4
 1193 0061 04       		.byte	0x4
ARM GAS  C:\Users\seppi\AppData\Local\Temp\ccGUuDN4.s 			page 22


 1194 0062 05       		.byte	0x5
 1195 0063 696E7400 		.ascii	"int\000"
 1196 0067 02       		.uleb128 0x2
 1197 0068 04       		.byte	0x4
 1198 0069 07       		.byte	0x7
 1199 006a F9000000 		.4byte	.LASF8
 1200 006e 03       		.uleb128 0x3
 1201 006f 8B010000 		.4byte	.LASF10
 1202 0073 02       		.byte	0x2
 1203 0074 18       		.byte	0x18
 1204 0075 24000000 		.4byte	0x24
 1205 0079 05       		.uleb128 0x5
 1206 007a 91000000 		.4byte	0x91
 1207 007e 8A000000 		.4byte	0x8a
 1208 0082 06       		.uleb128 0x6
 1209 0083 8A000000 		.4byte	0x8a
 1210 0087 2B04     		.2byte	0x42b
 1211 0089 00       		.byte	0
 1212 008a 02       		.uleb128 0x2
 1213 008b 04       		.byte	0x4
 1214 008c 07       		.byte	0x7
 1215 008d B6010000 		.4byte	.LASF11
 1216 0091 07       		.uleb128 0x7
 1217 0092 6E000000 		.4byte	0x6e
 1218 0096 08       		.uleb128 0x8
 1219 0097 E7000000 		.4byte	.LASF12
 1220 009b 03       		.byte	0x3
 1221 009c 1F       		.byte	0x1f
 1222 009d A7000000 		.4byte	0xa7
 1223 00a1 05       		.uleb128 0x5
 1224 00a2 03       		.byte	0x3
 1225 00a3 00000000 		.4byte	cy_meta_configecc
 1226 00a7 07       		.uleb128 0x7
 1227 00a8 79000000 		.4byte	0x79
 1228 00ac 05       		.uleb128 0x5
 1229 00ad 91000000 		.4byte	0x91
 1230 00b1 BC000000 		.4byte	0xbc
 1231 00b5 09       		.uleb128 0x9
 1232 00b6 8A000000 		.4byte	0x8a
 1233 00ba 03       		.byte	0x3
 1234 00bb 00       		.byte	0
 1235 00bc 08       		.uleb128 0x8
 1236 00bd D7000000 		.4byte	.LASF13
 1237 00c1 03       		.byte	0x3
 1238 00c2 B2       		.byte	0xb2
 1239 00c3 CD000000 		.4byte	0xcd
 1240 00c7 05       		.uleb128 0x5
 1241 00c8 03       		.byte	0x3
 1242 00c9 00000000 		.4byte	cy_meta_custnvl
 1243 00cd 07       		.uleb128 0x7
 1244 00ce AC000000 		.4byte	0xac
 1245 00d2 08       		.uleb128 0x8
 1246 00d3 A8010000 		.4byte	.LASF14
 1247 00d7 03       		.byte	0x3
 1248 00d8 C0       		.byte	0xc0
 1249 00d9 E3000000 		.4byte	0xe3
 1250 00dd 05       		.uleb128 0x5
ARM GAS  C:\Users\seppi\AppData\Local\Temp\ccGUuDN4.s 			page 23


 1251 00de 03       		.byte	0x3
 1252 00df 00000000 		.4byte	cy_meta_wonvl
 1253 00e3 07       		.uleb128 0x7
 1254 00e4 AC000000 		.4byte	0xac
 1255 00e8 05       		.uleb128 0x5
 1256 00e9 91000000 		.4byte	0x91
 1257 00ed F8000000 		.4byte	0xf8
 1258 00f1 09       		.uleb128 0x9
 1259 00f2 8A000000 		.4byte	0x8a
 1260 00f6 FF       		.byte	0xff
 1261 00f7 00       		.byte	0
 1262 00f8 08       		.uleb128 0x8
 1263 00f9 93010000 		.4byte	.LASF15
 1264 00fd 03       		.byte	0x3
 1265 00fe CE       		.byte	0xce
 1266 00ff 09010000 		.4byte	0x109
 1267 0103 05       		.uleb128 0x5
 1268 0104 03       		.byte	0x3
 1269 0105 00000000 		.4byte	cy_meta_flashprotect
 1270 0109 07       		.uleb128 0x7
 1271 010a E8000000 		.4byte	0xe8
 1272 010e 05       		.uleb128 0x5
 1273 010f 91000000 		.4byte	0x91
 1274 0113 1E010000 		.4byte	0x11e
 1275 0117 09       		.uleb128 0x9
 1276 0118 8A000000 		.4byte	0x8a
 1277 011c 0B       		.byte	0xb
 1278 011d 00       		.byte	0
 1279 011e 08       		.uleb128 0x8
 1280 011f 98000000 		.4byte	.LASF16
 1281 0123 03       		.byte	0x3
 1282 0124 FB       		.byte	0xfb
 1283 0125 2F010000 		.4byte	0x12f
 1284 0129 05       		.uleb128 0x5
 1285 012a 03       		.byte	0x3
 1286 012b 00000000 		.4byte	cy_metadata
 1287 012f 07       		.uleb128 0x7
 1288 0130 0E010000 		.4byte	0x10e
 1289 0134 00       		.byte	0
 1290              		.section	.debug_abbrev,"",%progbits
 1291              	.Ldebug_abbrev0:
 1292 0000 01       		.uleb128 0x1
 1293 0001 11       		.uleb128 0x11
 1294 0002 01       		.byte	0x1
 1295 0003 25       		.uleb128 0x25
 1296 0004 0E       		.uleb128 0xe
 1297 0005 13       		.uleb128 0x13
 1298 0006 0B       		.uleb128 0xb
 1299 0007 03       		.uleb128 0x3
 1300 0008 0E       		.uleb128 0xe
 1301 0009 1B       		.uleb128 0x1b
 1302 000a 0E       		.uleb128 0xe
 1303 000b 10       		.uleb128 0x10
 1304 000c 17       		.uleb128 0x17
 1305 000d 00       		.byte	0
 1306 000e 00       		.byte	0
 1307 000f 02       		.uleb128 0x2
ARM GAS  C:\Users\seppi\AppData\Local\Temp\ccGUuDN4.s 			page 24


 1308 0010 24       		.uleb128 0x24
 1309 0011 00       		.byte	0
 1310 0012 0B       		.uleb128 0xb
 1311 0013 0B       		.uleb128 0xb
 1312 0014 3E       		.uleb128 0x3e
 1313 0015 0B       		.uleb128 0xb
 1314 0016 03       		.uleb128 0x3
 1315 0017 0E       		.uleb128 0xe
 1316 0018 00       		.byte	0
 1317 0019 00       		.byte	0
 1318 001a 03       		.uleb128 0x3
 1319 001b 16       		.uleb128 0x16
 1320 001c 00       		.byte	0
 1321 001d 03       		.uleb128 0x3
 1322 001e 0E       		.uleb128 0xe
 1323 001f 3A       		.uleb128 0x3a
 1324 0020 0B       		.uleb128 0xb
 1325 0021 3B       		.uleb128 0x3b
 1326 0022 0B       		.uleb128 0xb
 1327 0023 49       		.uleb128 0x49
 1328 0024 13       		.uleb128 0x13
 1329 0025 00       		.byte	0
 1330 0026 00       		.byte	0
 1331 0027 04       		.uleb128 0x4
 1332 0028 24       		.uleb128 0x24
 1333 0029 00       		.byte	0
 1334 002a 0B       		.uleb128 0xb
 1335 002b 0B       		.uleb128 0xb
 1336 002c 3E       		.uleb128 0x3e
 1337 002d 0B       		.uleb128 0xb
 1338 002e 03       		.uleb128 0x3
 1339 002f 08       		.uleb128 0x8
 1340 0030 00       		.byte	0
 1341 0031 00       		.byte	0
 1342 0032 05       		.uleb128 0x5
 1343 0033 01       		.uleb128 0x1
 1344 0034 01       		.byte	0x1
 1345 0035 49       		.uleb128 0x49
 1346 0036 13       		.uleb128 0x13
 1347 0037 01       		.uleb128 0x1
 1348 0038 13       		.uleb128 0x13
 1349 0039 00       		.byte	0
 1350 003a 00       		.byte	0
 1351 003b 06       		.uleb128 0x6
 1352 003c 21       		.uleb128 0x21
 1353 003d 00       		.byte	0
 1354 003e 49       		.uleb128 0x49
 1355 003f 13       		.uleb128 0x13
 1356 0040 2F       		.uleb128 0x2f
 1357 0041 05       		.uleb128 0x5
 1358 0042 00       		.byte	0
 1359 0043 00       		.byte	0
 1360 0044 07       		.uleb128 0x7
 1361 0045 26       		.uleb128 0x26
 1362 0046 00       		.byte	0
 1363 0047 49       		.uleb128 0x49
 1364 0048 13       		.uleb128 0x13
ARM GAS  C:\Users\seppi\AppData\Local\Temp\ccGUuDN4.s 			page 25


 1365 0049 00       		.byte	0
 1366 004a 00       		.byte	0
 1367 004b 08       		.uleb128 0x8
 1368 004c 34       		.uleb128 0x34
 1369 004d 00       		.byte	0
 1370 004e 03       		.uleb128 0x3
 1371 004f 0E       		.uleb128 0xe
 1372 0050 3A       		.uleb128 0x3a
 1373 0051 0B       		.uleb128 0xb
 1374 0052 3B       		.uleb128 0x3b
 1375 0053 0B       		.uleb128 0xb
 1376 0054 49       		.uleb128 0x49
 1377 0055 13       		.uleb128 0x13
 1378 0056 3F       		.uleb128 0x3f
 1379 0057 19       		.uleb128 0x19
 1380 0058 02       		.uleb128 0x2
 1381 0059 18       		.uleb128 0x18
 1382 005a 00       		.byte	0
 1383 005b 00       		.byte	0
 1384 005c 09       		.uleb128 0x9
 1385 005d 21       		.uleb128 0x21
 1386 005e 00       		.byte	0
 1387 005f 49       		.uleb128 0x49
 1388 0060 13       		.uleb128 0x13
 1389 0061 2F       		.uleb128 0x2f
 1390 0062 0B       		.uleb128 0xb
 1391 0063 00       		.byte	0
 1392 0064 00       		.byte	0
 1393 0065 00       		.byte	0
 1394              		.section	.debug_aranges,"",%progbits
 1395 0000 14000000 		.4byte	0x14
 1396 0004 0200     		.2byte	0x2
 1397 0006 00000000 		.4byte	.Ldebug_info0
 1398 000a 04       		.byte	0x4
 1399 000b 00       		.byte	0
 1400 000c 0000     		.2byte	0
 1401 000e 0000     		.2byte	0
 1402 0010 00000000 		.4byte	0
 1403 0014 00000000 		.4byte	0
 1404              		.section	.debug_line,"",%progbits
 1405              	.Ldebug_line0:
 1406 0000 3D010000 		.section	.debug_str,"MS",%progbits,1
 1406      02003701 
 1406      00000201 
 1406      FB0E0D00 
 1406      01010101 
 1407              	.LASF9:
 1408 0000 5F5F7569 		.ascii	"__uint8_t\000"
 1408      6E74385F 
 1408      7400
 1409              	.LASF17:
 1410 000a 474E5520 		.ascii	"GNU C11 5.4.1 20160609 (release) [ARM/embedded-5-br"
 1410      43313120 
 1410      352E342E 
 1410      31203230 
 1410      31363036 
 1411 003d 616E6368 		.ascii	"anch revision 237715] -mcpu=cortex-m3 -mthumb -g -O"
ARM GAS  C:\Users\seppi\AppData\Local\Temp\ccGUuDN4.s 			page 26


 1411      20726576 
 1411      6973696F 
 1411      6E203233 
 1411      37373135 
 1412 0070 30202D66 		.ascii	"0 -ffunction-sections -ffat-lto-objects\000"
 1412      66756E63 
 1412      74696F6E 
 1412      2D736563 
 1412      74696F6E 
 1413              	.LASF16:
 1414 0098 63795F6D 		.ascii	"cy_metadata\000"
 1414      65746164 
 1414      61746100 
 1415              	.LASF1:
 1416 00a4 756E7369 		.ascii	"unsigned char\000"
 1416      676E6564 
 1416      20636861 
 1416      7200
 1417              	.LASF5:
 1418 00b2 6C6F6E67 		.ascii	"long unsigned int\000"
 1418      20756E73 
 1418      69676E65 
 1418      6420696E 
 1418      7400
 1419              	.LASF3:
 1420 00c4 73686F72 		.ascii	"short unsigned int\000"
 1420      7420756E 
 1420      7369676E 
 1420      65642069 
 1420      6E7400
 1421              	.LASF13:
 1422 00d7 63795F6D 		.ascii	"cy_meta_custnvl\000"
 1422      6574615F 
 1422      63757374 
 1422      6E766C00 
 1423              	.LASF12:
 1424 00e7 63795F6D 		.ascii	"cy_meta_configecc\000"
 1424      6574615F 
 1424      636F6E66 
 1424      69676563 
 1424      6300
 1425              	.LASF8:
 1426 00f9 756E7369 		.ascii	"unsigned int\000"
 1426      676E6564 
 1426      20696E74 
 1426      00
 1427              	.LASF19:
 1428 0106 443A5C44 		.ascii	"D:\\Dokumente\\Programming\\Uni\\Semester-3\\MPS\\m"
 1428      6F6B756D 
 1428      656E7465 
 1428      5C50726F 
 1428      6772616D 
 1429 0133 6936795F 		.ascii	"i6y_ws2122_zill-sebastian-769544\\Praktikum_3\\MPS2"
 1429      77733231 
 1429      32325F7A 
 1429      696C6C2D 
 1429      73656261 
ARM GAS  C:\Users\seppi\AppData\Local\Temp\ccGUuDN4.s 			page 27


 1430 0164 315F5072 		.ascii	"1_Prakt_3.cydsn\000"
 1430      616B745F 
 1430      332E6379 
 1430      64736E00 
 1431              	.LASF7:
 1432 0174 6C6F6E67 		.ascii	"long long unsigned int\000"
 1432      206C6F6E 
 1432      6720756E 
 1432      7369676E 
 1432      65642069 
 1433              	.LASF10:
 1434 018b 75696E74 		.ascii	"uint8_t\000"
 1434      385F7400 
 1435              	.LASF15:
 1436 0193 63795F6D 		.ascii	"cy_meta_flashprotect\000"
 1436      6574615F 
 1436      666C6173 
 1436      6870726F 
 1436      74656374 
 1437              	.LASF14:
 1438 01a8 63795F6D 		.ascii	"cy_meta_wonvl\000"
 1438      6574615F 
 1438      776F6E76 
 1438      6C00
 1439              	.LASF11:
 1440 01b6 73697A65 		.ascii	"sizetype\000"
 1440      74797065 
 1440      00
 1441              	.LASF6:
 1442 01bf 6C6F6E67 		.ascii	"long long int\000"
 1442      206C6F6E 
 1442      6720696E 
 1442      7400
 1443              	.LASF2:
 1444 01cd 73686F72 		.ascii	"short int\000"
 1444      7420696E 
 1444      7400
 1445              	.LASF4:
 1446 01d7 6C6F6E67 		.ascii	"long int\000"
 1446      20696E74 
 1446      00
 1447              	.LASF0:
 1448 01e0 7369676E 		.ascii	"signed char\000"
 1448      65642063 
 1448      68617200 
 1449              	.LASF18:
 1450 01ec 47656E65 		.ascii	"Generated_Source\\PSoC5\\cymetadata.c\000"
 1450      72617465 
 1450      645F536F 
 1450      75726365 
 1450      5C50536F 
 1451              		.ident	"GCC: (GNU Tools for ARM Embedded Processors) 5.4.1 20160609 (release) [ARM/embedded-5-bran
